{"/Users/diogoangelim/signal/examples/stocks-optimizer/src/artifacts/signal-framework/recognition/engine.ts": {"path":"/Users/diogoangelim/signal/examples/stocks-optimizer/src/artifacts/signal-framework/recognition/engine.ts","all":false,"statementMap":{"0":{"start":{"line":1,"column":0},"end":{"line":1,"column":56}},"1":{"start":{"line":2,"column":0},"end":{"line":2,"column":0}},"2":{"start":{"line":3,"column":0},"end":{"line":3,"column":32}},"3":{"start":{"line":4,"column":0},"end":{"line":4,"column":16}},"4":{"start":{"line":5,"column":0},"end":{"line":5,"column":26}},"5":{"start":{"line":6,"column":0},"end":{"line":6,"column":11}},"6":{"start":{"line":7,"column":0},"end":{"line":7,"column":16}},"7":{"start":{"line":8,"column":0},"end":{"line":8,"column":28}},"8":{"start":{"line":9,"column":0},"end":{"line":9,"column":0}},"9":{"start":{"line":10,"column":0},"end":{"line":10,"column":37}},"10":{"start":{"line":11,"column":0},"end":{"line":11,"column":14}},"11":{"start":{"line":12,"column":0},"end":{"line":12,"column":14}},"12":{"start":{"line":13,"column":0},"end":{"line":13,"column":13}},"13":{"start":{"line":14,"column":0},"end":{"line":14,"column":13}},"14":{"start":{"line":15,"column":0},"end":{"line":15,"column":13}},"15":{"start":{"line":16,"column":0},"end":{"line":16,"column":13}},"16":{"start":{"line":17,"column":0},"end":{"line":17,"column":11}},"17":{"start":{"line":18,"column":0},"end":{"line":18,"column":0}},"18":{"start":{"line":19,"column":0},"end":{"line":19,"column":44}},"19":{"start":{"line":20,"column":0},"end":{"line":20,"column":22}},"20":{"start":{"line":21,"column":0},"end":{"line":21,"column":19}},"21":{"start":{"line":22,"column":0},"end":{"line":22,"column":66}},"22":{"start":{"line":23,"column":0},"end":{"line":23,"column":12}},"23":{"start":{"line":24,"column":0},"end":{"line":24,"column":29}},"24":{"start":{"line":25,"column":0},"end":{"line":25,"column":30}},"25":{"start":{"line":26,"column":0},"end":{"line":26,"column":30}},"26":{"start":{"line":27,"column":0},"end":{"line":27,"column":29}},"27":{"start":{"line":28,"column":0},"end":{"line":28,"column":25}},"28":{"start":{"line":29,"column":0},"end":{"line":29,"column":4}},"29":{"start":{"line":30,"column":0},"end":{"line":30,"column":29}},"30":{"start":{"line":31,"column":0},"end":{"line":31,"column":36}},"31":{"start":{"line":32,"column":0},"end":{"line":32,"column":2}},"32":{"start":{"line":33,"column":0},"end":{"line":33,"column":0}},"33":{"start":{"line":34,"column":0},"end":{"line":34,"column":44}},"34":{"start":{"line":35,"column":0},"end":{"line":35,"column":29}},"35":{"start":{"line":36,"column":0},"end":{"line":36,"column":23}},"36":{"start":{"line":37,"column":0},"end":{"line":37,"column":28}},"37":{"start":{"line":38,"column":0},"end":{"line":38,"column":23}},"38":{"start":{"line":39,"column":0},"end":{"line":39,"column":14}},"39":{"start":{"line":40,"column":0},"end":{"line":40,"column":27}},"40":{"start":{"line":41,"column":0},"end":{"line":41,"column":30}},"41":{"start":{"line":42,"column":0},"end":{"line":42,"column":30}},"42":{"start":{"line":43,"column":0},"end":{"line":43,"column":29}},"43":{"start":{"line":44,"column":0},"end":{"line":44,"column":25}},"44":{"start":{"line":45,"column":0},"end":{"line":45,"column":4}},"45":{"start":{"line":46,"column":0},"end":{"line":46,"column":22}},"46":{"start":{"line":47,"column":0},"end":{"line":47,"column":2}},"47":{"start":{"line":48,"column":0},"end":{"line":48,"column":0}},"48":{"start":{"line":49,"column":0},"end":{"line":49,"column":43}},"49":{"start":{"line":50,"column":0},"end":{"line":50,"column":23}},"50":{"start":{"line":51,"column":0},"end":{"line":51,"column":24}},"51":{"start":{"line":52,"column":0},"end":{"line":52,"column":34}},"52":{"start":{"line":53,"column":0},"end":{"line":53,"column":30}},"53":{"start":{"line":54,"column":0},"end":{"line":54,"column":29}},"54":{"start":{"line":55,"column":0},"end":{"line":55,"column":36}},"55":{"start":{"line":56,"column":0},"end":{"line":56,"column":2}},"56":{"start":{"line":57,"column":0},"end":{"line":57,"column":0}},"57":{"start":{"line":58,"column":0},"end":{"line":58,"column":33}},"58":{"start":{"line":59,"column":0},"end":{"line":59,"column":14}},"59":{"start":{"line":60,"column":0},"end":{"line":60,"column":17}},"60":{"start":{"line":61,"column":0},"end":{"line":61,"column":34}},"61":{"start":{"line":62,"column":0},"end":{"line":62,"column":41}},"62":{"start":{"line":63,"column":0},"end":{"line":63,"column":37}},"63":{"start":{"line":64,"column":0},"end":{"line":64,"column":39}},"64":{"start":{"line":65,"column":0},"end":{"line":65,"column":36}},"65":{"start":{"line":66,"column":0},"end":{"line":66,"column":23}},"66":{"start":{"line":67,"column":0},"end":{"line":67,"column":21}},"67":{"start":{"line":68,"column":0},"end":{"line":68,"column":23}},"68":{"start":{"line":69,"column":0},"end":{"line":69,"column":26}},"69":{"start":{"line":70,"column":0},"end":{"line":70,"column":22}},"70":{"start":{"line":71,"column":0},"end":{"line":71,"column":27}},"71":{"start":{"line":72,"column":0},"end":{"line":72,"column":46}},"72":{"start":{"line":73,"column":0},"end":{"line":73,"column":19}},"73":{"start":{"line":74,"column":0},"end":{"line":74,"column":17}},"74":{"start":{"line":75,"column":0},"end":{"line":75,"column":17}},"75":{"start":{"line":76,"column":0},"end":{"line":76,"column":27}},"76":{"start":{"line":77,"column":0},"end":{"line":77,"column":22}},"77":{"start":{"line":78,"column":0},"end":{"line":78,"column":18}},"78":{"start":{"line":79,"column":0},"end":{"line":79,"column":37}},"79":{"start":{"line":80,"column":0},"end":{"line":80,"column":37}},"80":{"start":{"line":81,"column":0},"end":{"line":81,"column":2}},"81":{"start":{"line":82,"column":0},"end":{"line":82,"column":0}},"82":{"start":{"line":83,"column":0},"end":{"line":83,"column":36}},"83":{"start":{"line":84,"column":0},"end":{"line":84,"column":14}},"84":{"start":{"line":85,"column":0},"end":{"line":85,"column":17}},"85":{"start":{"line":86,"column":0},"end":{"line":86,"column":16}},"86":{"start":{"line":87,"column":0},"end":{"line":87,"column":34}},"87":{"start":{"line":88,"column":0},"end":{"line":88,"column":37}},"88":{"start":{"line":89,"column":0},"end":{"line":89,"column":39}},"89":{"start":{"line":90,"column":0},"end":{"line":90,"column":23}},"90":{"start":{"line":91,"column":0},"end":{"line":91,"column":22}},"91":{"start":{"line":92,"column":0},"end":{"line":92,"column":22}},"92":{"start":{"line":93,"column":0},"end":{"line":93,"column":28}},"93":{"start":{"line":94,"column":0},"end":{"line":94,"column":28}},"94":{"start":{"line":95,"column":0},"end":{"line":95,"column":27}},"95":{"start":{"line":96,"column":0},"end":{"line":96,"column":28}},"96":{"start":{"line":97,"column":0},"end":{"line":97,"column":37}},"97":{"start":{"line":98,"column":0},"end":{"line":98,"column":2}},"98":{"start":{"line":99,"column":0},"end":{"line":99,"column":0}},"99":{"start":{"line":100,"column":0},"end":{"line":100,"column":37}},"100":{"start":{"line":101,"column":0},"end":{"line":101,"column":31}},"101":{"start":{"line":102,"column":0},"end":{"line":102,"column":28}},"102":{"start":{"line":103,"column":0},"end":{"line":103,"column":28}},"103":{"start":{"line":104,"column":0},"end":{"line":104,"column":27}},"104":{"start":{"line":105,"column":0},"end":{"line":105,"column":30}},"105":{"start":{"line":106,"column":0},"end":{"line":106,"column":37}},"106":{"start":{"line":107,"column":0},"end":{"line":107,"column":29}},"107":{"start":{"line":108,"column":0},"end":{"line":108,"column":27}},"108":{"start":{"line":109,"column":0},"end":{"line":109,"column":28}},"109":{"start":{"line":110,"column":0},"end":{"line":110,"column":27}},"110":{"start":{"line":111,"column":0},"end":{"line":111,"column":2}},"111":{"start":{"line":112,"column":0},"end":{"line":112,"column":0}},"112":{"start":{"line":113,"column":0},"end":{"line":113,"column":32}},"113":{"start":{"line":114,"column":0},"end":{"line":114,"column":41}},"114":{"start":{"line":115,"column":0},"end":{"line":115,"column":47}},"115":{"start":{"line":116,"column":0},"end":{"line":116,"column":46}},"116":{"start":{"line":117,"column":0},"end":{"line":117,"column":50}},"117":{"start":{"line":118,"column":0},"end":{"line":118,"column":54}},"118":{"start":{"line":119,"column":0},"end":{"line":119,"column":44}},"119":{"start":{"line":120,"column":0},"end":{"line":120,"column":50}},"120":{"start":{"line":121,"column":0},"end":{"line":121,"column":41}},"121":{"start":{"line":122,"column":0},"end":{"line":122,"column":46}},"122":{"start":{"line":123,"column":0},"end":{"line":123,"column":39}},"123":{"start":{"line":124,"column":0},"end":{"line":124,"column":38}},"124":{"start":{"line":125,"column":0},"end":{"line":125,"column":46}},"125":{"start":{"line":126,"column":0},"end":{"line":126,"column":22}},"126":{"start":{"line":127,"column":0},"end":{"line":127,"column":2}},"127":{"start":{"line":128,"column":0},"end":{"line":128,"column":0}},"128":{"start":{"line":129,"column":0},"end":{"line":129,"column":33}},"129":{"start":{"line":130,"column":0},"end":{"line":130,"column":27}},"130":{"start":{"line":131,"column":0},"end":{"line":131,"column":31}},"131":{"start":{"line":132,"column":0},"end":{"line":132,"column":23}},"132":{"start":{"line":133,"column":0},"end":{"line":133,"column":20}},"133":{"start":{"line":134,"column":0},"end":{"line":134,"column":30}},"134":{"start":{"line":135,"column":0},"end":{"line":135,"column":27}},"135":{"start":{"line":136,"column":0},"end":{"line":136,"column":25}},"136":{"start":{"line":137,"column":0},"end":{"line":137,"column":34}},"137":{"start":{"line":138,"column":0},"end":{"line":138,"column":34}},"138":{"start":{"line":139,"column":0},"end":{"line":139,"column":27}},"139":{"start":{"line":140,"column":0},"end":{"line":140,"column":37}},"140":{"start":{"line":141,"column":0},"end":{"line":141,"column":40}},"141":{"start":{"line":142,"column":0},"end":{"line":142,"column":30}},"142":{"start":{"line":143,"column":0},"end":{"line":143,"column":17}},"143":{"start":{"line":144,"column":0},"end":{"line":144,"column":28}},"144":{"start":{"line":145,"column":0},"end":{"line":145,"column":35}},"145":{"start":{"line":146,"column":0},"end":{"line":146,"column":13}},"146":{"start":{"line":147,"column":0},"end":{"line":147,"column":26}},"147":{"start":{"line":148,"column":0},"end":{"line":148,"column":18}},"148":{"start":{"line":149,"column":0},"end":{"line":149,"column":22}},"149":{"start":{"line":150,"column":0},"end":{"line":150,"column":4}},"150":{"start":{"line":151,"column":0},"end":{"line":151,"column":2}},"151":{"start":{"line":152,"column":0},"end":{"line":152,"column":0}},"152":{"start":{"line":153,"column":0},"end":{"line":153,"column":57}},"153":{"start":{"line":154,"column":0},"end":{"line":154,"column":0}},"154":{"start":{"line":155,"column":0},"end":{"line":155,"column":41}},"155":{"start":{"line":156,"column":0},"end":{"line":156,"column":0}},"156":{"start":{"line":157,"column":0},"end":{"line":157,"column":24}},"157":{"start":{"line":158,"column":0},"end":{"line":158,"column":28}},"158":{"start":{"line":159,"column":0},"end":{"line":159,"column":21}},"159":{"start":{"line":160,"column":0},"end":{"line":160,"column":19}},"160":{"start":{"line":161,"column":0},"end":{"line":161,"column":16}},"161":{"start":{"line":162,"column":0},"end":{"line":162,"column":19}},"162":{"start":{"line":163,"column":0},"end":{"line":163,"column":2}},"163":{"start":{"line":164,"column":0},"end":{"line":164,"column":0}},"164":{"start":{"line":165,"column":0},"end":{"line":165,"column":23}},"165":{"start":{"line":166,"column":0},"end":{"line":166,"column":16}},"166":{"start":{"line":167,"column":0},"end":{"line":167,"column":21}},"167":{"start":{"line":168,"column":0},"end":{"line":168,"column":21}},"168":{"start":{"line":169,"column":0},"end":{"line":169,"column":27}},"169":{"start":{"line":170,"column":0},"end":{"line":170,"column":27}},"170":{"start":{"line":171,"column":0},"end":{"line":171,"column":26}},"171":{"start":{"line":172,"column":0},"end":{"line":172,"column":27}},"172":{"start":{"line":173,"column":0},"end":{"line":173,"column":2}},"173":{"start":{"line":174,"column":0},"end":{"line":174,"column":0}},"174":{"start":{"line":175,"column":0},"end":{"line":175,"column":24}},"175":{"start":{"line":176,"column":0},"end":{"line":176,"column":26}},"176":{"start":{"line":177,"column":0},"end":{"line":177,"column":27}},"177":{"start":{"line":178,"column":0},"end":{"line":178,"column":31}},"178":{"start":{"line":179,"column":0},"end":{"line":179,"column":32}},"179":{"start":{"line":180,"column":0},"end":{"line":180,"column":29}},"180":{"start":{"line":181,"column":0},"end":{"line":181,"column":34}},"181":{"start":{"line":182,"column":0},"end":{"line":182,"column":21}},"182":{"start":{"line":183,"column":0},"end":{"line":183,"column":28}},"183":{"start":{"line":184,"column":0},"end":{"line":184,"column":30}},"184":{"start":{"line":185,"column":0},"end":{"line":185,"column":31}},"185":{"start":{"line":186,"column":0},"end":{"line":186,"column":34}},"186":{"start":{"line":187,"column":0},"end":{"line":187,"column":34}},"187":{"start":{"line":188,"column":0},"end":{"line":188,"column":33}},"188":{"start":{"line":189,"column":0},"end":{"line":189,"column":28}},"189":{"start":{"line":190,"column":0},"end":{"line":190,"column":26}},"190":{"start":{"line":191,"column":0},"end":{"line":191,"column":27}},"191":{"start":{"line":192,"column":0},"end":{"line":192,"column":2}},"192":{"start":{"line":193,"column":0},"end":{"line":193,"column":0}},"193":{"start":{"line":194,"column":0},"end":{"line":194,"column":51}},"194":{"start":{"line":195,"column":0},"end":{"line":195,"column":26}},"195":{"start":{"line":196,"column":0},"end":{"line":196,"column":23}},"196":{"start":{"line":197,"column":0},"end":{"line":197,"column":23}},"197":{"start":{"line":198,"column":0},"end":{"line":198,"column":23}},"198":{"start":{"line":199,"column":0},"end":{"line":199,"column":28}},"199":{"start":{"line":200,"column":0},"end":{"line":200,"column":35}},"200":{"start":{"line":201,"column":0},"end":{"line":201,"column":27}},"201":{"start":{"line":202,"column":0},"end":{"line":202,"column":23}},"202":{"start":{"line":203,"column":0},"end":{"line":203,"column":24}},"203":{"start":{"line":204,"column":0},"end":{"line":204,"column":23}},"204":{"start":{"line":205,"column":0},"end":{"line":205,"column":2}},"205":{"start":{"line":206,"column":0},"end":{"line":206,"column":0}},"206":{"start":{"line":207,"column":0},"end":{"line":207,"column":54}},"207":{"start":{"line":208,"column":0},"end":{"line":208,"column":33}},"208":{"start":{"line":209,"column":0},"end":{"line":209,"column":0}},"209":{"start":{"line":210,"column":0},"end":{"line":210,"column":81}},"210":{"start":{"line":211,"column":0},"end":{"line":211,"column":59}},"211":{"start":{"line":212,"column":0},"end":{"line":212,"column":56}},"212":{"start":{"line":213,"column":0},"end":{"line":213,"column":67}},"213":{"start":{"line":214,"column":0},"end":{"line":214,"column":73}},"214":{"start":{"line":215,"column":0},"end":{"line":215,"column":69}},"215":{"start":{"line":216,"column":0},"end":{"line":216,"column":75}},"216":{"start":{"line":217,"column":0},"end":{"line":217,"column":84}},"217":{"start":{"line":218,"column":0},"end":{"line":218,"column":90}},"218":{"start":{"line":219,"column":0},"end":{"line":219,"column":114}},"219":{"start":{"line":220,"column":0},"end":{"line":220,"column":79}},"220":{"start":{"line":221,"column":0},"end":{"line":221,"column":115}},"221":{"start":{"line":222,"column":0},"end":{"line":222,"column":110}},"222":{"start":{"line":223,"column":0},"end":{"line":223,"column":81}},"223":{"start":{"line":224,"column":0},"end":{"line":224,"column":67}},"224":{"start":{"line":225,"column":0},"end":{"line":225,"column":36}},"225":{"start":{"line":226,"column":0},"end":{"line":226,"column":83}},"226":{"start":{"line":227,"column":0},"end":{"line":227,"column":68}},"227":{"start":{"line":228,"column":0},"end":{"line":228,"column":69}},"228":{"start":{"line":229,"column":0},"end":{"line":229,"column":43}},"229":{"start":{"line":230,"column":0},"end":{"line":230,"column":29}},"230":{"start":{"line":231,"column":0},"end":{"line":231,"column":68}},"231":{"start":{"line":232,"column":0},"end":{"line":232,"column":67}},"232":{"start":{"line":233,"column":0},"end":{"line":233,"column":40}},"233":{"start":{"line":234,"column":0},"end":{"line":234,"column":82}},"234":{"start":{"line":235,"column":0},"end":{"line":235,"column":26}},"235":{"start":{"line":236,"column":0},"end":{"line":236,"column":56}},"236":{"start":{"line":237,"column":0},"end":{"line":237,"column":58}},"237":{"start":{"line":238,"column":0},"end":{"line":238,"column":28}},"238":{"start":{"line":239,"column":0},"end":{"line":239,"column":60}},"239":{"start":{"line":240,"column":0},"end":{"line":240,"column":71}},"240":{"start":{"line":241,"column":0},"end":{"line":241,"column":30}},"241":{"start":{"line":242,"column":0},"end":{"line":242,"column":57}},"242":{"start":{"line":243,"column":0},"end":{"line":243,"column":13}},"243":{"start":{"line":244,"column":0},"end":{"line":244,"column":15}},"244":{"start":{"line":245,"column":0},"end":{"line":245,"column":21}},"245":{"start":{"line":246,"column":0},"end":{"line":246,"column":22}},"246":{"start":{"line":247,"column":0},"end":{"line":247,"column":23}},"247":{"start":{"line":248,"column":0},"end":{"line":248,"column":25}},"248":{"start":{"line":249,"column":0},"end":{"line":249,"column":30}},"249":{"start":{"line":250,"column":0},"end":{"line":250,"column":33}},"250":{"start":{"line":251,"column":0},"end":{"line":251,"column":5}},"251":{"start":{"line":252,"column":0},"end":{"line":252,"column":46}},"252":{"start":{"line":253,"column":0},"end":{"line":253,"column":10}},"253":{"start":{"line":254,"column":0},"end":{"line":254,"column":13}},"254":{"start":{"line":255,"column":0},"end":{"line":255,"column":15}},"255":{"start":{"line":256,"column":0},"end":{"line":256,"column":23}},"256":{"start":{"line":257,"column":0},"end":{"line":257,"column":25}},"257":{"start":{"line":258,"column":0},"end":{"line":258,"column":30}},"258":{"start":{"line":259,"column":0},"end":{"line":259,"column":33}},"259":{"start":{"line":260,"column":0},"end":{"line":260,"column":5}},"260":{"start":{"line":261,"column":0},"end":{"line":261,"column":60}},"261":{"start":{"line":262,"column":0},"end":{"line":262,"column":10}},"262":{"start":{"line":263,"column":0},"end":{"line":263,"column":12}},"263":{"start":{"line":264,"column":0},"end":{"line":264,"column":15}},"264":{"start":{"line":265,"column":0},"end":{"line":265,"column":23}},"265":{"start":{"line":266,"column":0},"end":{"line":266,"column":25}},"266":{"start":{"line":267,"column":0},"end":{"line":267,"column":30}},"267":{"start":{"line":268,"column":0},"end":{"line":268,"column":33}},"268":{"start":{"line":269,"column":0},"end":{"line":269,"column":5}},"269":{"start":{"line":270,"column":0},"end":{"line":270,"column":0}},"270":{"start":{"line":271,"column":0},"end":{"line":271,"column":10}},"271":{"start":{"line":272,"column":0},"end":{"line":272,"column":21}},"272":{"start":{"line":273,"column":0},"end":{"line":273,"column":25}},"273":{"start":{"line":274,"column":0},"end":{"line":274,"column":17}},"274":{"start":{"line":275,"column":0},"end":{"line":275,"column":40}},"275":{"start":{"line":276,"column":0},"end":{"line":276,"column":55}},"276":{"start":{"line":277,"column":0},"end":{"line":277,"column":48}},"277":{"start":{"line":278,"column":0},"end":{"line":278,"column":44}},"278":{"start":{"line":279,"column":0},"end":{"line":279,"column":62}},"279":{"start":{"line":280,"column":0},"end":{"line":280,"column":62}},"280":{"start":{"line":281,"column":0},"end":{"line":281,"column":48}},"281":{"start":{"line":282,"column":0},"end":{"line":282,"column":30}},"282":{"start":{"line":283,"column":0},"end":{"line":283,"column":33}},"283":{"start":{"line":284,"column":0},"end":{"line":284,"column":12}},"284":{"start":{"line":285,"column":0},"end":{"line":285,"column":23}},"285":{"start":{"line":286,"column":0},"end":{"line":286,"column":14}},"286":{"start":{"line":287,"column":0},"end":{"line":287,"column":27}},"287":{"start":{"line":288,"column":0},"end":{"line":288,"column":19}},"288":{"start":{"line":289,"column":0},"end":{"line":289,"column":23}},"289":{"start":{"line":290,"column":0},"end":{"line":290,"column":15}},"290":{"start":{"line":291,"column":0},"end":{"line":291,"column":25}},"291":{"start":{"line":292,"column":0},"end":{"line":292,"column":27}},"292":{"start":{"line":293,"column":0},"end":{"line":293,"column":32}},"293":{"start":{"line":294,"column":0},"end":{"line":294,"column":35}},"294":{"start":{"line":295,"column":0},"end":{"line":295,"column":7}},"295":{"start":{"line":296,"column":0},"end":{"line":296,"column":20}},"296":{"start":{"line":297,"column":0},"end":{"line":297,"column":27}},"297":{"start":{"line":298,"column":0},"end":{"line":298,"column":15}},"298":{"start":{"line":299,"column":0},"end":{"line":299,"column":28}},"299":{"start":{"line":300,"column":0},"end":{"line":300,"column":20}},"300":{"start":{"line":301,"column":0},"end":{"line":301,"column":41}},"301":{"start":{"line":302,"column":0},"end":{"line":302,"column":6}},"302":{"start":{"line":303,"column":0},"end":{"line":303,"column":4}},"303":{"start":{"line":304,"column":0},"end":{"line":304,"column":1}},"304":{"start":{"line":305,"column":0},"end":{"line":305,"column":0}},"305":{"start":{"line":306,"column":0},"end":{"line":306,"column":40}},"306":{"start":{"line":307,"column":0},"end":{"line":307,"column":50}},"307":{"start":{"line":308,"column":0},"end":{"line":308,"column":0}},"308":{"start":{"line":309,"column":0},"end":{"line":309,"column":105}},"309":{"start":{"line":310,"column":0},"end":{"line":310,"column":37}},"310":{"start":{"line":311,"column":0},"end":{"line":311,"column":69}},"311":{"start":{"line":312,"column":0},"end":{"line":312,"column":84}},"312":{"start":{"line":313,"column":0},"end":{"line":313,"column":97}},"313":{"start":{"line":314,"column":0},"end":{"line":314,"column":90}},"314":{"start":{"line":315,"column":0},"end":{"line":315,"column":5}},"315":{"start":{"line":316,"column":0},"end":{"line":316,"column":58}},"316":{"start":{"line":317,"column":0},"end":{"line":317,"column":40}},"317":{"start":{"line":318,"column":0},"end":{"line":318,"column":28}},"318":{"start":{"line":319,"column":0},"end":{"line":319,"column":77}},"319":{"start":{"line":320,"column":0},"end":{"line":320,"column":61}},"320":{"start":{"line":321,"column":0},"end":{"line":321,"column":110}},"321":{"start":{"line":322,"column":0},"end":{"line":322,"column":46}},"322":{"start":{"line":323,"column":0},"end":{"line":323,"column":52}},"323":{"start":{"line":324,"column":0},"end":{"line":324,"column":53}},"324":{"start":{"line":325,"column":0},"end":{"line":325,"column":51}},"325":{"start":{"line":326,"column":0},"end":{"line":326,"column":59}},"326":{"start":{"line":327,"column":0},"end":{"line":327,"column":53}},"327":{"start":{"line":328,"column":0},"end":{"line":328,"column":26}},"328":{"start":{"line":329,"column":0},"end":{"line":329,"column":34}},"329":{"start":{"line":330,"column":0},"end":{"line":330,"column":64}},"330":{"start":{"line":331,"column":0},"end":{"line":331,"column":34}},"331":{"start":{"line":332,"column":0},"end":{"line":332,"column":10}},"332":{"start":{"line":333,"column":0},"end":{"line":333,"column":19}},"333":{"start":{"line":334,"column":0},"end":{"line":334,"column":21}},"334":{"start":{"line":335,"column":0},"end":{"line":335,"column":12}},"335":{"start":{"line":336,"column":0},"end":{"line":336,"column":13}},"336":{"start":{"line":337,"column":0},"end":{"line":337,"column":15}},"337":{"start":{"line":338,"column":0},"end":{"line":338,"column":5}},"338":{"start":{"line":339,"column":0},"end":{"line":339,"column":49}},"339":{"start":{"line":340,"column":0},"end":{"line":340,"column":64}},"340":{"start":{"line":341,"column":0},"end":{"line":341,"column":33}},"341":{"start":{"line":342,"column":0},"end":{"line":342,"column":49}},"342":{"start":{"line":343,"column":0},"end":{"line":343,"column":65}},"343":{"start":{"line":344,"column":0},"end":{"line":344,"column":33}},"344":{"start":{"line":345,"column":0},"end":{"line":345,"column":48}},"345":{"start":{"line":346,"column":0},"end":{"line":346,"column":73}},"346":{"start":{"line":347,"column":0},"end":{"line":347,"column":32}},"347":{"start":{"line":348,"column":0},"end":{"line":348,"column":77}},"348":{"start":{"line":349,"column":0},"end":{"line":349,"column":49}},"349":{"start":{"line":350,"column":0},"end":{"line":350,"column":88}},"350":{"start":{"line":351,"column":0},"end":{"line":351,"column":88}},"351":{"start":{"line":352,"column":0},"end":{"line":352,"column":89}},"352":{"start":{"line":353,"column":0},"end":{"line":353,"column":42}},"353":{"start":{"line":354,"column":0},"end":{"line":354,"column":102}},"354":{"start":{"line":355,"column":0},"end":{"line":355,"column":85}},"355":{"start":{"line":356,"column":0},"end":{"line":356,"column":0}},"356":{"start":{"line":357,"column":0},"end":{"line":357,"column":10}},"357":{"start":{"line":358,"column":0},"end":{"line":358,"column":19}},"358":{"start":{"line":359,"column":0},"end":{"line":359,"column":21}},"359":{"start":{"line":360,"column":0},"end":{"line":360,"column":12}},"360":{"start":{"line":361,"column":0},"end":{"line":361,"column":15}},"361":{"start":{"line":362,"column":0},"end":{"line":362,"column":12}},"362":{"start":{"line":363,"column":0},"end":{"line":363,"column":17}},"363":{"start":{"line":364,"column":0},"end":{"line":364,"column":13}},"364":{"start":{"line":365,"column":0},"end":{"line":365,"column":14}},"365":{"start":{"line":366,"column":0},"end":{"line":366,"column":24}},"366":{"start":{"line":367,"column":0},"end":{"line":367,"column":25}},"367":{"start":{"line":368,"column":0},"end":{"line":368,"column":28}},"368":{"start":{"line":369,"column":0},"end":{"line":369,"column":28}},"369":{"start":{"line":370,"column":0},"end":{"line":370,"column":27}},"370":{"start":{"line":371,"column":0},"end":{"line":371,"column":22}},"371":{"start":{"line":372,"column":0},"end":{"line":372,"column":20}},"372":{"start":{"line":373,"column":0},"end":{"line":373,"column":21}},"373":{"start":{"line":374,"column":0},"end":{"line":374,"column":4}},"374":{"start":{"line":375,"column":0},"end":{"line":375,"column":1}},"375":{"start":{"line":376,"column":0},"end":{"line":376,"column":0}},"376":{"start":{"line":377,"column":0},"end":{"line":377,"column":50}},"377":{"start":{"line":378,"column":0},"end":{"line":378,"column":33}},"378":{"start":{"line":379,"column":0},"end":{"line":379,"column":19}},"379":{"start":{"line":380,"column":0},"end":{"line":380,"column":37}},"380":{"start":{"line":381,"column":0},"end":{"line":381,"column":42}},"381":{"start":{"line":382,"column":0},"end":{"line":382,"column":35}},"382":{"start":{"line":383,"column":0},"end":{"line":383,"column":4}},"383":{"start":{"line":384,"column":0},"end":{"line":384,"column":0}},"384":{"start":{"line":385,"column":0},"end":{"line":385,"column":44}},"385":{"start":{"line":386,"column":0},"end":{"line":386,"column":69}},"386":{"start":{"line":387,"column":0},"end":{"line":387,"column":36}},"387":{"start":{"line":388,"column":0},"end":{"line":388,"column":18}},"388":{"start":{"line":389,"column":0},"end":{"line":389,"column":16}},"389":{"start":{"line":390,"column":0},"end":{"line":390,"column":5}},"390":{"start":{"line":391,"column":0},"end":{"line":391,"column":1}},"391":{"start":{"line":392,"column":0},"end":{"line":392,"column":0}},"392":{"start":{"line":393,"column":0},"end":{"line":393,"column":107}},"393":{"start":{"line":394,"column":0},"end":{"line":394,"column":62}},"394":{"start":{"line":395,"column":0},"end":{"line":395,"column":65}},"395":{"start":{"line":396,"column":0},"end":{"line":396,"column":60}},"396":{"start":{"line":397,"column":0},"end":{"line":397,"column":30}},"397":{"start":{"line":398,"column":0},"end":{"line":398,"column":104}},"398":{"start":{"line":399,"column":0},"end":{"line":399,"column":92}},"399":{"start":{"line":400,"column":0},"end":{"line":400,"column":98}},"400":{"start":{"line":401,"column":0},"end":{"line":401,"column":89}},"401":{"start":{"line":402,"column":0},"end":{"line":402,"column":5}},"402":{"start":{"line":403,"column":0},"end":{"line":403,"column":75}},"403":{"start":{"line":404,"column":0},"end":{"line":404,"column":46}},"404":{"start":{"line":405,"column":0},"end":{"line":405,"column":18}},"405":{"start":{"line":406,"column":0},"end":{"line":406,"column":43}},"406":{"start":{"line":407,"column":0},"end":{"line":407,"column":9}},"407":{"start":{"line":408,"column":0},"end":{"line":408,"column":46}},"408":{"start":{"line":409,"column":0},"end":{"line":409,"column":42}},"409":{"start":{"line":410,"column":0},"end":{"line":410,"column":78}},"410":{"start":{"line":411,"column":0},"end":{"line":411,"column":10}},"411":{"start":{"line":412,"column":0},"end":{"line":412,"column":0}},"412":{"start":{"line":413,"column":0},"end":{"line":413,"column":10}},"413":{"start":{"line":414,"column":0},"end":{"line":414,"column":11}},"414":{"start":{"line":415,"column":0},"end":{"line":415,"column":18}},"415":{"start":{"line":416,"column":0},"end":{"line":416,"column":37}},"416":{"start":{"line":417,"column":0},"end":{"line":417,"column":4}},"417":{"start":{"line":418,"column":0},"end":{"line":418,"column":1}},"418":{"start":{"line":419,"column":0},"end":{"line":419,"column":0}},"419":{"start":{"line":420,"column":0},"end":{"line":420,"column":30}},"420":{"start":{"line":421,"column":0},"end":{"line":421,"column":26}},"421":{"start":{"line":422,"column":0},"end":{"line":422,"column":26}},"422":{"start":{"line":423,"column":0},"end":{"line":423,"column":27}},"423":{"start":{"line":424,"column":0},"end":{"line":424,"column":29}},"424":{"start":{"line":425,"column":0},"end":{"line":425,"column":21}},"425":{"start":{"line":426,"column":0},"end":{"line":426,"column":36}},"426":{"start":{"line":427,"column":0},"end":{"line":427,"column":20}},"427":{"start":{"line":428,"column":0},"end":{"line":428,"column":49}},"428":{"start":{"line":429,"column":0},"end":{"line":429,"column":47}},"429":{"start":{"line":430,"column":0},"end":{"line":430,"column":0}},"430":{"start":{"line":431,"column":0},"end":{"line":431,"column":73}},"431":{"start":{"line":432,"column":0},"end":{"line":432,"column":45}},"432":{"start":{"line":433,"column":0},"end":{"line":433,"column":0}},"433":{"start":{"line":434,"column":0},"end":{"line":434,"column":80}},"434":{"start":{"line":435,"column":0},"end":{"line":435,"column":1}},"435":{"start":{"line":436,"column":0},"end":{"line":436,"column":0}},"436":{"start":{"line":437,"column":0},"end":{"line":437,"column":40}},"437":{"start":{"line":438,"column":0},"end":{"line":438,"column":26}},"438":{"start":{"line":439,"column":0},"end":{"line":439,"column":26}},"439":{"start":{"line":440,"column":0},"end":{"line":440,"column":27}},"440":{"start":{"line":441,"column":0},"end":{"line":441,"column":36}},"441":{"start":{"line":442,"column":0},"end":{"line":442,"column":20}},"442":{"start":{"line":443,"column":0},"end":{"line":443,"column":47}},"443":{"start":{"line":444,"column":0},"end":{"line":444,"column":25}},"444":{"start":{"line":445,"column":0},"end":{"line":445,"column":34}},"445":{"start":{"line":446,"column":0},"end":{"line":446,"column":93}},"446":{"start":{"line":447,"column":0},"end":{"line":447,"column":102}},"447":{"start":{"line":448,"column":0},"end":{"line":448,"column":108}},"448":{"start":{"line":449,"column":0},"end":{"line":449,"column":9}},"449":{"start":{"line":450,"column":0},"end":{"line":450,"column":61}},"450":{"start":{"line":451,"column":0},"end":{"line":451,"column":78}},"451":{"start":{"line":452,"column":0},"end":{"line":452,"column":50}},"452":{"start":{"line":453,"column":0},"end":{"line":453,"column":22}},"453":{"start":{"line":454,"column":0},"end":{"line":454,"column":60}},"454":{"start":{"line":455,"column":0},"end":{"line":455,"column":53}},"455":{"start":{"line":456,"column":0},"end":{"line":456,"column":84}},"456":{"start":{"line":457,"column":0},"end":{"line":457,"column":36}},"457":{"start":{"line":458,"column":0},"end":{"line":458,"column":31}},"458":{"start":{"line":459,"column":0},"end":{"line":459,"column":36}},"459":{"start":{"line":460,"column":0},"end":{"line":460,"column":53}},"460":{"start":{"line":461,"column":0},"end":{"line":461,"column":76}},"461":{"start":{"line":462,"column":0},"end":{"line":462,"column":8}},"462":{"start":{"line":463,"column":0},"end":{"line":463,"column":0}},"463":{"start":{"line":464,"column":0},"end":{"line":464,"column":63}},"464":{"start":{"line":465,"column":0},"end":{"line":465,"column":6}},"465":{"start":{"line":466,"column":0},"end":{"line":466,"column":22}},"466":{"start":{"line":467,"column":0},"end":{"line":467,"column":31}},"467":{"start":{"line":468,"column":0},"end":{"line":468,"column":71}},"468":{"start":{"line":469,"column":0},"end":{"line":469,"column":150}},"469":{"start":{"line":470,"column":0},"end":{"line":470,"column":0}},"470":{"start":{"line":471,"column":0},"end":{"line":471,"column":26}},"471":{"start":{"line":472,"column":0},"end":{"line":472,"column":37}},"472":{"start":{"line":473,"column":0},"end":{"line":473,"column":0}},"473":{"start":{"line":474,"column":0},"end":{"line":474,"column":10}},"474":{"start":{"line":475,"column":0},"end":{"line":475,"column":45}},"475":{"start":{"line":476,"column":0},"end":{"line":476,"column":32}},"476":{"start":{"line":477,"column":0},"end":{"line":477,"column":32}},"477":{"start":{"line":478,"column":0},"end":{"line":478,"column":92}},"478":{"start":{"line":479,"column":0},"end":{"line":479,"column":92}},"479":{"start":{"line":480,"column":0},"end":{"line":480,"column":90}},"480":{"start":{"line":481,"column":0},"end":{"line":481,"column":69}},"481":{"start":{"line":482,"column":0},"end":{"line":482,"column":4}},"482":{"start":{"line":483,"column":0},"end":{"line":483,"column":1}},"483":{"start":{"line":484,"column":0},"end":{"line":484,"column":0}},"484":{"start":{"line":485,"column":0},"end":{"line":485,"column":111}},"485":{"start":{"line":486,"column":0},"end":{"line":486,"column":54}},"486":{"start":{"line":487,"column":0},"end":{"line":487,"column":32}},"487":{"start":{"line":488,"column":0},"end":{"line":488,"column":113}},"488":{"start":{"line":489,"column":0},"end":{"line":489,"column":25}},"489":{"start":{"line":490,"column":0},"end":{"line":490,"column":61}},"490":{"start":{"line":491,"column":0},"end":{"line":491,"column":3}},"491":{"start":{"line":492,"column":0},"end":{"line":492,"column":0}},"492":{"start":{"line":493,"column":0},"end":{"line":493,"column":45}},"493":{"start":{"line":494,"column":0},"end":{"line":494,"column":30}},"494":{"start":{"line":495,"column":0},"end":{"line":495,"column":118}},"495":{"start":{"line":496,"column":0},"end":{"line":496,"column":82}},"496":{"start":{"line":497,"column":0},"end":{"line":497,"column":83}},"497":{"start":{"line":498,"column":0},"end":{"line":498,"column":60}},"498":{"start":{"line":499,"column":0},"end":{"line":499,"column":98}},"499":{"start":{"line":500,"column":0},"end":{"line":500,"column":36}},"500":{"start":{"line":501,"column":0},"end":{"line":501,"column":62}},"501":{"start":{"line":502,"column":0},"end":{"line":502,"column":73}},"502":{"start":{"line":503,"column":0},"end":{"line":503,"column":26}},"503":{"start":{"line":504,"column":0},"end":{"line":504,"column":8}},"504":{"start":{"line":505,"column":0},"end":{"line":505,"column":0}},"505":{"start":{"line":506,"column":0},"end":{"line":506,"column":172}},"506":{"start":{"line":507,"column":0},"end":{"line":507,"column":6}},"507":{"start":{"line":508,"column":0},"end":{"line":508,"column":104}},"508":{"start":{"line":509,"column":0},"end":{"line":509,"column":0}},"509":{"start":{"line":510,"column":0},"end":{"line":510,"column":39}},"510":{"start":{"line":511,"column":0},"end":{"line":511,"column":1}},"511":{"start":{"line":512,"column":0},"end":{"line":512,"column":0}},"512":{"start":{"line":513,"column":0},"end":{"line":513,"column":131}},"513":{"start":{"line":514,"column":0},"end":{"line":514,"column":77}},"514":{"start":{"line":515,"column":0},"end":{"line":515,"column":0}},"515":{"start":{"line":516,"column":0},"end":{"line":516,"column":78}},"516":{"start":{"line":517,"column":0},"end":{"line":517,"column":79}},"517":{"start":{"line":518,"column":0},"end":{"line":518,"column":56}},"518":{"start":{"line":519,"column":0},"end":{"line":519,"column":94}},"519":{"start":{"line":520,"column":0},"end":{"line":520,"column":57}},"520":{"start":{"line":521,"column":0},"end":{"line":521,"column":65}},"521":{"start":{"line":522,"column":0},"end":{"line":522,"column":62}},"522":{"start":{"line":523,"column":0},"end":{"line":523,"column":23}},"523":{"start":{"line":524,"column":0},"end":{"line":524,"column":20}},"524":{"start":{"line":525,"column":0},"end":{"line":525,"column":34}},"525":{"start":{"line":526,"column":0},"end":{"line":526,"column":45}},"526":{"start":{"line":527,"column":0},"end":{"line":527,"column":33}},"527":{"start":{"line":528,"column":0},"end":{"line":528,"column":47}},"528":{"start":{"line":529,"column":0},"end":{"line":529,"column":35}},"529":{"start":{"line":530,"column":0},"end":{"line":530,"column":36}},"530":{"start":{"line":531,"column":0},"end":{"line":531,"column":32}},"531":{"start":{"line":532,"column":0},"end":{"line":532,"column":60}},"532":{"start":{"line":533,"column":0},"end":{"line":533,"column":71}},"533":{"start":{"line":534,"column":0},"end":{"line":534,"column":22}},"534":{"start":{"line":535,"column":0},"end":{"line":535,"column":4}},"535":{"start":{"line":536,"column":0},"end":{"line":536,"column":0}},"536":{"start":{"line":537,"column":0},"end":{"line":537,"column":10}},"537":{"start":{"line":538,"column":0},"end":{"line":538,"column":10}},"538":{"start":{"line":539,"column":0},"end":{"line":539,"column":15}},"539":{"start":{"line":540,"column":0},"end":{"line":540,"column":31}},"540":{"start":{"line":541,"column":0},"end":{"line":541,"column":31}},"541":{"start":{"line":542,"column":0},"end":{"line":542,"column":31}},"542":{"start":{"line":543,"column":0},"end":{"line":543,"column":29}},"543":{"start":{"line":544,"column":0},"end":{"line":544,"column":32}},"544":{"start":{"line":545,"column":0},"end":{"line":545,"column":4}},"545":{"start":{"line":546,"column":0},"end":{"line":546,"column":1}},"546":{"start":{"line":547,"column":0},"end":{"line":547,"column":0}},"547":{"start":{"line":548,"column":0},"end":{"line":548,"column":121}},"548":{"start":{"line":549,"column":0},"end":{"line":549,"column":96}},"549":{"start":{"line":550,"column":0},"end":{"line":550,"column":88}},"550":{"start":{"line":551,"column":0},"end":{"line":551,"column":92}},"551":{"start":{"line":552,"column":0},"end":{"line":552,"column":86}},"552":{"start":{"line":553,"column":0},"end":{"line":553,"column":125}},"553":{"start":{"line":554,"column":0},"end":{"line":554,"column":8}},"554":{"start":{"line":555,"column":0},"end":{"line":555,"column":28}},"555":{"start":{"line":556,"column":0},"end":{"line":556,"column":23}},"556":{"start":{"line":557,"column":0},"end":{"line":557,"column":29}},"557":{"start":{"line":558,"column":0},"end":{"line":558,"column":40}},"558":{"start":{"line":559,"column":0},"end":{"line":559,"column":23}},"559":{"start":{"line":560,"column":0},"end":{"line":560,"column":19}},"560":{"start":{"line":561,"column":0},"end":{"line":561,"column":4}},"561":{"start":{"line":562,"column":0},"end":{"line":562,"column":69}},"562":{"start":{"line":563,"column":0},"end":{"line":563,"column":29}},"563":{"start":{"line":564,"column":0},"end":{"line":564,"column":71}},"564":{"start":{"line":565,"column":0},"end":{"line":565,"column":57}},"565":{"start":{"line":566,"column":0},"end":{"line":566,"column":63}},"566":{"start":{"line":567,"column":0},"end":{"line":567,"column":65}},"567":{"start":{"line":568,"column":0},"end":{"line":568,"column":73}},"568":{"start":{"line":569,"column":0},"end":{"line":569,"column":68}},"569":{"start":{"line":570,"column":0},"end":{"line":570,"column":4}},"570":{"start":{"line":571,"column":0},"end":{"line":571,"column":0}},"571":{"start":{"line":572,"column":0},"end":{"line":572,"column":108}},"572":{"start":{"line":573,"column":0},"end":{"line":573,"column":63}},"573":{"start":{"line":574,"column":0},"end":{"line":574,"column":3}},"574":{"start":{"line":575,"column":0},"end":{"line":575,"column":0}},"575":{"start":{"line":576,"column":0},"end":{"line":576,"column":61}},"576":{"start":{"line":577,"column":0},"end":{"line":577,"column":1}},"577":{"start":{"line":578,"column":0},"end":{"line":578,"column":0}},"578":{"start":{"line":579,"column":0},"end":{"line":579,"column":25}},"579":{"start":{"line":580,"column":0},"end":{"line":580,"column":28}},"580":{"start":{"line":581,"column":0},"end":{"line":581,"column":26}},"581":{"start":{"line":582,"column":0},"end":{"line":582,"column":31}},"582":{"start":{"line":583,"column":0},"end":{"line":583,"column":36}},"583":{"start":{"line":584,"column":0},"end":{"line":584,"column":3}},"584":{"start":{"line":585,"column":0},"end":{"line":585,"column":92}},"585":{"start":{"line":586,"column":0},"end":{"line":586,"column":101}},"586":{"start":{"line":587,"column":0},"end":{"line":587,"column":37}},"587":{"start":{"line":588,"column":0},"end":{"line":588,"column":41}},"588":{"start":{"line":589,"column":0},"end":{"line":589,"column":28}},"589":{"start":{"line":590,"column":0},"end":{"line":590,"column":46}},"590":{"start":{"line":591,"column":0},"end":{"line":591,"column":4}},"591":{"start":{"line":592,"column":0},"end":{"line":592,"column":84}},"592":{"start":{"line":593,"column":0},"end":{"line":593,"column":120}},"593":{"start":{"line":594,"column":0},"end":{"line":594,"column":54}},"594":{"start":{"line":595,"column":0},"end":{"line":595,"column":56}},"595":{"start":{"line":596,"column":0},"end":{"line":596,"column":0}},"596":{"start":{"line":597,"column":0},"end":{"line":597,"column":90}},"597":{"start":{"line":598,"column":0},"end":{"line":598,"column":1}},"598":{"start":{"line":599,"column":0},"end":{"line":599,"column":0}},"599":{"start":{"line":600,"column":0},"end":{"line":600,"column":111}},"600":{"start":{"line":601,"column":0},"end":{"line":601,"column":20}},"601":{"start":{"line":602,"column":0},"end":{"line":602,"column":33}},"602":{"start":{"line":603,"column":0},"end":{"line":603,"column":35}},"603":{"start":{"line":604,"column":0},"end":{"line":604,"column":32}},"604":{"start":{"line":605,"column":0},"end":{"line":605,"column":4}},"605":{"start":{"line":606,"column":0},"end":{"line":606,"column":1}},"606":{"start":{"line":607,"column":0},"end":{"line":607,"column":0}},"607":{"start":{"line":608,"column":0},"end":{"line":608,"column":28}},"608":{"start":{"line":609,"column":0},"end":{"line":609,"column":30}},"609":{"start":{"line":610,"column":0},"end":{"line":610,"column":28}},"610":{"start":{"line":611,"column":0},"end":{"line":611,"column":36}},"611":{"start":{"line":612,"column":0},"end":{"line":612,"column":28}},"612":{"start":{"line":613,"column":0},"end":{"line":613,"column":29}},"613":{"start":{"line":614,"column":0},"end":{"line":614,"column":30}},"614":{"start":{"line":615,"column":0},"end":{"line":615,"column":32}},"615":{"start":{"line":616,"column":0},"end":{"line":616,"column":37}},"616":{"start":{"line":617,"column":0},"end":{"line":617,"column":40}},"617":{"start":{"line":618,"column":0},"end":{"line":618,"column":24}},"618":{"start":{"line":619,"column":0},"end":{"line":619,"column":64}},"619":{"start":{"line":620,"column":0},"end":{"line":620,"column":50}},"620":{"start":{"line":621,"column":0},"end":{"line":621,"column":6}},"621":{"start":{"line":622,"column":0},"end":{"line":622,"column":31}},"622":{"start":{"line":623,"column":0},"end":{"line":623,"column":33}},"623":{"start":{"line":624,"column":0},"end":{"line":624,"column":42}},"624":{"start":{"line":625,"column":0},"end":{"line":625,"column":74}},"625":{"start":{"line":626,"column":0},"end":{"line":626,"column":5}},"626":{"start":{"line":627,"column":0},"end":{"line":627,"column":24}},"627":{"start":{"line":628,"column":0},"end":{"line":628,"column":3}},"628":{"start":{"line":629,"column":0},"end":{"line":629,"column":61}},"629":{"start":{"line":630,"column":0},"end":{"line":630,"column":6}},"630":{"start":{"line":631,"column":0},"end":{"line":631,"column":76}},"631":{"start":{"line":632,"column":0},"end":{"line":632,"column":44}},"632":{"start":{"line":633,"column":0},"end":{"line":633,"column":5}},"633":{"start":{"line":634,"column":0},"end":{"line":634,"column":35}},"634":{"start":{"line":635,"column":0},"end":{"line":635,"column":3}},"635":{"start":{"line":636,"column":0},"end":{"line":636,"column":54}},"636":{"start":{"line":637,"column":0},"end":{"line":637,"column":82}},"637":{"start":{"line":638,"column":0},"end":{"line":638,"column":33}},"638":{"start":{"line":639,"column":0},"end":{"line":639,"column":1}},"639":{"start":{"line":640,"column":0},"end":{"line":640,"column":0}},"640":{"start":{"line":641,"column":0},"end":{"line":641,"column":36}},"641":{"start":{"line":642,"column":0},"end":{"line":642,"column":26}},"642":{"start":{"line":643,"column":0},"end":{"line":643,"column":28}},"643":{"start":{"line":644,"column":0},"end":{"line":644,"column":36}},"644":{"start":{"line":645,"column":0},"end":{"line":645,"column":30}},"645":{"start":{"line":646,"column":0},"end":{"line":646,"column":32}},"646":{"start":{"line":647,"column":0},"end":{"line":647,"column":37}},"647":{"start":{"line":648,"column":0},"end":{"line":648,"column":40}},"648":{"start":{"line":649,"column":0},"end":{"line":649,"column":4}},"649":{"start":{"line":650,"column":0},"end":{"line":650,"column":19}},"650":{"start":{"line":651,"column":0},"end":{"line":651,"column":77}},"651":{"start":{"line":652,"column":0},"end":{"line":652,"column":76}},"652":{"start":{"line":653,"column":0},"end":{"line":653,"column":46}},"653":{"start":{"line":654,"column":0},"end":{"line":654,"column":34}},"654":{"start":{"line":655,"column":0},"end":{"line":655,"column":11}},"655":{"start":{"line":656,"column":0},"end":{"line":656,"column":75}},"656":{"start":{"line":657,"column":0},"end":{"line":657,"column":65}},"657":{"start":{"line":658,"column":0},"end":{"line":658,"column":11}},"658":{"start":{"line":659,"column":0},"end":{"line":659,"column":76}},"659":{"start":{"line":660,"column":0},"end":{"line":660,"column":36}},"660":{"start":{"line":661,"column":0},"end":{"line":661,"column":11}},"661":{"start":{"line":662,"column":0},"end":{"line":662,"column":69}},"662":{"start":{"line":663,"column":0},"end":{"line":663,"column":62}},"663":{"start":{"line":664,"column":0},"end":{"line":664,"column":11}},"664":{"start":{"line":665,"column":0},"end":{"line":665,"column":67}},"665":{"start":{"line":666,"column":0},"end":{"line":666,"column":75}},"666":{"start":{"line":667,"column":0},"end":{"line":667,"column":52}},"667":{"start":{"line":668,"column":0},"end":{"line":668,"column":11}},"668":{"start":{"line":669,"column":0},"end":{"line":669,"column":65}},"669":{"start":{"line":670,"column":0},"end":{"line":670,"column":70}},"670":{"start":{"line":671,"column":0},"end":{"line":671,"column":4}},"671":{"start":{"line":672,"column":0},"end":{"line":672,"column":0}},"672":{"start":{"line":673,"column":0},"end":{"line":673,"column":25}},"673":{"start":{"line":674,"column":0},"end":{"line":674,"column":1}},"674":{"start":{"line":675,"column":0},"end":{"line":675,"column":0}},"675":{"start":{"line":676,"column":0},"end":{"line":676,"column":43}},"676":{"start":{"line":677,"column":0},"end":{"line":677,"column":26}},"677":{"start":{"line":678,"column":0},"end":{"line":678,"column":30}},"678":{"start":{"line":679,"column":0},"end":{"line":679,"column":36}},"679":{"start":{"line":680,"column":0},"end":{"line":680,"column":30}},"680":{"start":{"line":681,"column":0},"end":{"line":681,"column":32}},"681":{"start":{"line":682,"column":0},"end":{"line":682,"column":37}},"682":{"start":{"line":683,"column":0},"end":{"line":683,"column":40}},"683":{"start":{"line":684,"column":0},"end":{"line":684,"column":4}},"684":{"start":{"line":685,"column":0},"end":{"line":685,"column":22}},"685":{"start":{"line":686,"column":0},"end":{"line":686,"column":78}},"686":{"start":{"line":687,"column":0},"end":{"line":687,"column":167}},"687":{"start":{"line":688,"column":0},"end":{"line":688,"column":11}},"688":{"start":{"line":689,"column":0},"end":{"line":689,"column":29}},"689":{"start":{"line":690,"column":0},"end":{"line":690,"column":88}},"690":{"start":{"line":691,"column":0},"end":{"line":691,"column":11}},"691":{"start":{"line":692,"column":0},"end":{"line":692,"column":64}},"692":{"start":{"line":693,"column":0},"end":{"line":693,"column":103}},"693":{"start":{"line":694,"column":0},"end":{"line":694,"column":11}},"694":{"start":{"line":695,"column":0},"end":{"line":695,"column":69}},"695":{"start":{"line":696,"column":0},"end":{"line":696,"column":110}},"696":{"start":{"line":697,"column":0},"end":{"line":697,"column":11}},"697":{"start":{"line":698,"column":0},"end":{"line":698,"column":45}},"698":{"start":{"line":699,"column":0},"end":{"line":699,"column":115}},"699":{"start":{"line":700,"column":0},"end":{"line":700,"column":11}},"700":{"start":{"line":701,"column":0},"end":{"line":701,"column":72}},"701":{"start":{"line":702,"column":0},"end":{"line":702,"column":77}},"702":{"start":{"line":703,"column":0},"end":{"line":703,"column":4}},"703":{"start":{"line":704,"column":0},"end":{"line":704,"column":0}},"704":{"start":{"line":705,"column":0},"end":{"line":705,"column":28}},"705":{"start":{"line":706,"column":0},"end":{"line":706,"column":1}},"706":{"start":{"line":707,"column":0},"end":{"line":707,"column":0}},"707":{"start":{"line":708,"column":0},"end":{"line":708,"column":27}},"708":{"start":{"line":709,"column":0},"end":{"line":709,"column":30}},"709":{"start":{"line":710,"column":0},"end":{"line":710,"column":31}},"710":{"start":{"line":711,"column":0},"end":{"line":711,"column":23}},"711":{"start":{"line":712,"column":0},"end":{"line":712,"column":27}},"712":{"start":{"line":713,"column":0},"end":{"line":713,"column":28}},"713":{"start":{"line":714,"column":0},"end":{"line":714,"column":30}},"714":{"start":{"line":715,"column":0},"end":{"line":715,"column":32}},"715":{"start":{"line":716,"column":0},"end":{"line":716,"column":37}},"716":{"start":{"line":717,"column":0},"end":{"line":717,"column":40}},"717":{"start":{"line":718,"column":0},"end":{"line":718,"column":4}},"718":{"start":{"line":719,"column":0},"end":{"line":719,"column":209}},"719":{"start":{"line":720,"column":0},"end":{"line":720,"column":0}},"720":{"start":{"line":721,"column":0},"end":{"line":721,"column":39}},"721":{"start":{"line":722,"column":0},"end":{"line":722,"column":126}},"722":{"start":{"line":723,"column":0},"end":{"line":723,"column":3}},"723":{"start":{"line":724,"column":0},"end":{"line":724,"column":49}},"724":{"start":{"line":725,"column":0},"end":{"line":725,"column":122}},"725":{"start":{"line":726,"column":0},"end":{"line":726,"column":3}},"726":{"start":{"line":727,"column":0},"end":{"line":727,"column":34}},"727":{"start":{"line":728,"column":0},"end":{"line":728,"column":123}},"728":{"start":{"line":729,"column":0},"end":{"line":729,"column":3}},"729":{"start":{"line":730,"column":0},"end":{"line":730,"column":39}},"730":{"start":{"line":731,"column":0},"end":{"line":731,"column":83}},"731":{"start":{"line":732,"column":0},"end":{"line":732,"column":96}},"732":{"start":{"line":733,"column":0},"end":{"line":733,"column":77}},"733":{"start":{"line":734,"column":0},"end":{"line":734,"column":30}},"734":{"start":{"line":735,"column":0},"end":{"line":735,"column":3}},"735":{"start":{"line":736,"column":0},"end":{"line":736,"column":0}},"736":{"start":{"line":737,"column":0},"end":{"line":737,"column":126}},"737":{"start":{"line":738,"column":0},"end":{"line":738,"column":1}},"738":{"start":{"line":739,"column":0},"end":{"line":739,"column":0}},"739":{"start":{"line":740,"column":0},"end":{"line":740,"column":28}},"740":{"start":{"line":741,"column":0},"end":{"line":741,"column":34}},"741":{"start":{"line":742,"column":0},"end":{"line":742,"column":37}},"742":{"start":{"line":743,"column":0},"end":{"line":743,"column":39}},"743":{"start":{"line":744,"column":0},"end":{"line":744,"column":36}},"744":{"start":{"line":745,"column":0},"end":{"line":745,"column":4}},"745":{"start":{"line":746,"column":0},"end":{"line":746,"column":51}},"746":{"start":{"line":747,"column":0},"end":{"line":747,"column":46}},"747":{"start":{"line":748,"column":0},"end":{"line":748,"column":52}},"748":{"start":{"line":749,"column":0},"end":{"line":749,"column":56}},"749":{"start":{"line":750,"column":0},"end":{"line":750,"column":50}},"750":{"start":{"line":751,"column":0},"end":{"line":751,"column":18}},"751":{"start":{"line":752,"column":0},"end":{"line":752,"column":1}},"752":{"start":{"line":753,"column":0},"end":{"line":753,"column":0}},"753":{"start":{"line":754,"column":0},"end":{"line":754,"column":91}},"754":{"start":{"line":755,"column":0},"end":{"line":755,"column":34}},"755":{"start":{"line":756,"column":0},"end":{"line":756,"column":0}},"756":{"start":{"line":757,"column":0},"end":{"line":757,"column":106}},"757":{"start":{"line":758,"column":0},"end":{"line":758,"column":36}},"758":{"start":{"line":759,"column":0},"end":{"line":759,"column":29}},"759":{"start":{"line":760,"column":0},"end":{"line":760,"column":41}},"760":{"start":{"line":761,"column":0},"end":{"line":761,"column":15}},"761":{"start":{"line":762,"column":0},"end":{"line":762,"column":5}},"762":{"start":{"line":763,"column":0},"end":{"line":763,"column":0}},"763":{"start":{"line":764,"column":0},"end":{"line":764,"column":43}},"764":{"start":{"line":765,"column":0},"end":{"line":765,"column":65}},"765":{"start":{"line":766,"column":0},"end":{"line":766,"column":3}},"766":{"start":{"line":767,"column":0},"end":{"line":767,"column":1}},"767":{"start":{"line":768,"column":0},"end":{"line":768,"column":0}},"768":{"start":{"line":769,"column":0},"end":{"line":769,"column":65}},"769":{"start":{"line":770,"column":0},"end":{"line":770,"column":92}},"770":{"start":{"line":771,"column":0},"end":{"line":771,"column":47}},"771":{"start":{"line":772,"column":0},"end":{"line":772,"column":34}},"772":{"start":{"line":773,"column":0},"end":{"line":773,"column":50}},"773":{"start":{"line":774,"column":0},"end":{"line":774,"column":47}},"774":{"start":{"line":775,"column":0},"end":{"line":775,"column":3}},"775":{"start":{"line":776,"column":0},"end":{"line":776,"column":29}},"776":{"start":{"line":777,"column":0},"end":{"line":777,"column":24}},"777":{"start":{"line":778,"column":0},"end":{"line":778,"column":61}},"778":{"start":{"line":779,"column":0},"end":{"line":779,"column":22}},"779":{"start":{"line":780,"column":0},"end":{"line":780,"column":14}},"780":{"start":{"line":781,"column":0},"end":{"line":781,"column":67}},"781":{"start":{"line":782,"column":0},"end":{"line":782,"column":3}},"782":{"start":{"line":783,"column":0},"end":{"line":783,"column":19}},"783":{"start":{"line":784,"column":0},"end":{"line":784,"column":1}},"784":{"start":{"line":785,"column":0},"end":{"line":785,"column":0}},"785":{"start":{"line":786,"column":0},"end":{"line":786,"column":67}},"786":{"start":{"line":787,"column":0},"end":{"line":787,"column":24}},"787":{"start":{"line":788,"column":0},"end":{"line":788,"column":29}},"788":{"start":{"line":789,"column":0},"end":{"line":789,"column":22}},"789":{"start":{"line":790,"column":0},"end":{"line":790,"column":0}},"790":{"start":{"line":791,"column":0},"end":{"line":791,"column":46}},"791":{"start":{"line":792,"column":0},"end":{"line":792,"column":38}},"792":{"start":{"line":793,"column":0},"end":{"line":793,"column":26}},"793":{"start":{"line":794,"column":0},"end":{"line":794,"column":39}},"794":{"start":{"line":795,"column":0},"end":{"line":795,"column":0}},"795":{"start":{"line":796,"column":0},"end":{"line":796,"column":28}},"796":{"start":{"line":797,"column":0},"end":{"line":797,"column":102}},"797":{"start":{"line":798,"column":0},"end":{"line":798,"column":3}},"798":{"start":{"line":799,"column":0},"end":{"line":799,"column":0}},"799":{"start":{"line":800,"column":0},"end":{"line":800,"column":69}},"800":{"start":{"line":801,"column":0},"end":{"line":801,"column":80}},"801":{"start":{"line":802,"column":0},"end":{"line":802,"column":49}},"802":{"start":{"line":803,"column":0},"end":{"line":803,"column":0}},"803":{"start":{"line":804,"column":0},"end":{"line":804,"column":10}},"804":{"start":{"line":805,"column":0},"end":{"line":805,"column":39}},"805":{"start":{"line":806,"column":0},"end":{"line":806,"column":35}},"806":{"start":{"line":807,"column":0},"end":{"line":807,"column":29}},"807":{"start":{"line":808,"column":0},"end":{"line":808,"column":4}},"808":{"start":{"line":809,"column":0},"end":{"line":809,"column":1}},"809":{"start":{"line":810,"column":0},"end":{"line":810,"column":0}},"810":{"start":{"line":811,"column":0},"end":{"line":811,"column":67}},"811":{"start":{"line":812,"column":0},"end":{"line":812,"column":62}},"812":{"start":{"line":813,"column":0},"end":{"line":813,"column":69}},"813":{"start":{"line":814,"column":0},"end":{"line":814,"column":65}},"814":{"start":{"line":815,"column":0},"end":{"line":815,"column":3}},"815":{"start":{"line":816,"column":0},"end":{"line":816,"column":79}},"816":{"start":{"line":817,"column":0},"end":{"line":817,"column":62}},"817":{"start":{"line":818,"column":0},"end":{"line":818,"column":33}},"818":{"start":{"line":819,"column":0},"end":{"line":819,"column":55}},"819":{"start":{"line":820,"column":0},"end":{"line":820,"column":3}},"820":{"start":{"line":821,"column":0},"end":{"line":821,"column":40}},"821":{"start":{"line":822,"column":0},"end":{"line":822,"column":1}},"822":{"start":{"line":823,"column":0},"end":{"line":823,"column":0}},"823":{"start":{"line":824,"column":0},"end":{"line":824,"column":38}},"824":{"start":{"line":825,"column":0},"end":{"line":825,"column":47}},"825":{"start":{"line":826,"column":0},"end":{"line":826,"column":44}},"826":{"start":{"line":827,"column":0},"end":{"line":827,"column":47}},"827":{"start":{"line":828,"column":0},"end":{"line":828,"column":22}},"828":{"start":{"line":829,"column":0},"end":{"line":829,"column":13}},"829":{"start":{"line":830,"column":0},"end":{"line":830,"column":1}},"830":{"start":{"line":831,"column":0},"end":{"line":831,"column":0}},"831":{"start":{"line":832,"column":0},"end":{"line":832,"column":43}},"832":{"start":{"line":833,"column":0},"end":{"line":833,"column":44}},"833":{"start":{"line":834,"column":0},"end":{"line":834,"column":57}},"834":{"start":{"line":835,"column":0},"end":{"line":835,"column":60}},"835":{"start":{"line":836,"column":0},"end":{"line":836,"column":15}},"836":{"start":{"line":837,"column":0},"end":{"line":837,"column":61}},"837":{"start":{"line":838,"column":0},"end":{"line":838,"column":1}},"838":{"start":{"line":839,"column":0},"end":{"line":839,"column":0}},"839":{"start":{"line":840,"column":0},"end":{"line":840,"column":45}},"840":{"start":{"line":841,"column":0},"end":{"line":841,"column":71}},"841":{"start":{"line":842,"column":0},"end":{"line":842,"column":1}},"842":{"start":{"line":843,"column":0},"end":{"line":843,"column":0}},"843":{"start":{"line":844,"column":0},"end":{"line":844,"column":36}},"844":{"start":{"line":845,"column":0},"end":{"line":845,"column":24}},"845":{"start":{"line":846,"column":0},"end":{"line":846,"column":57}},"846":{"start":{"line":847,"column":0},"end":{"line":847,"column":36}},"847":{"start":{"line":848,"column":0},"end":{"line":848,"column":37}},"848":{"start":{"line":849,"column":0},"end":{"line":849,"column":3}},"849":{"start":{"line":850,"column":0},"end":{"line":850,"column":35}},"850":{"start":{"line":851,"column":0},"end":{"line":851,"column":1}},"851":{"start":{"line":852,"column":0},"end":{"line":852,"column":0}},"852":{"start":{"line":853,"column":0},"end":{"line":853,"column":53}},"853":{"start":{"line":854,"column":0},"end":{"line":854,"column":134}},"854":{"start":{"line":855,"column":0},"end":{"line":855,"column":36}},"855":{"start":{"line":856,"column":0},"end":{"line":856,"column":40}},"856":{"start":{"line":857,"column":0},"end":{"line":857,"column":42}},"857":{"start":{"line":858,"column":0},"end":{"line":858,"column":0}},"858":{"start":{"line":859,"column":0},"end":{"line":859,"column":28}},"859":{"start":{"line":860,"column":0},"end":{"line":860,"column":43}},"860":{"start":{"line":861,"column":0},"end":{"line":861,"column":44}},"861":{"start":{"line":862,"column":0},"end":{"line":862,"column":23}},"862":{"start":{"line":863,"column":0},"end":{"line":863,"column":20}},"863":{"start":{"line":864,"column":0},"end":{"line":864,"column":4}},"864":{"start":{"line":865,"column":0},"end":{"line":865,"column":31}},"865":{"start":{"line":866,"column":0},"end":{"line":866,"column":74}},"866":{"start":{"line":867,"column":0},"end":{"line":867,"column":76}},"867":{"start":{"line":868,"column":0},"end":{"line":868,"column":58}},"868":{"start":{"line":869,"column":0},"end":{"line":869,"column":19}},"869":{"start":{"line":870,"column":0},"end":{"line":870,"column":1}},"870":{"start":{"line":871,"column":0},"end":{"line":871,"column":0}},"871":{"start":{"line":872,"column":0},"end":{"line":872,"column":96}},"872":{"start":{"line":873,"column":0},"end":{"line":873,"column":22}},"873":{"start":{"line":874,"column":0},"end":{"line":874,"column":33}},"874":{"start":{"line":875,"column":0},"end":{"line":875,"column":84}},"875":{"start":{"line":876,"column":0},"end":{"line":876,"column":64}},"876":{"start":{"line":877,"column":0},"end":{"line":877,"column":66}},"877":{"start":{"line":878,"column":0},"end":{"line":878,"column":1}},"878":{"start":{"line":879,"column":0},"end":{"line":879,"column":0}},"879":{"start":{"line":880,"column":0},"end":{"line":880,"column":84}},"880":{"start":{"line":881,"column":0},"end":{"line":881,"column":18}},"881":{"start":{"line":882,"column":0},"end":{"line":882,"column":6}},"882":{"start":{"line":883,"column":0},"end":{"line":883,"column":15}},"883":{"start":{"line":884,"column":0},"end":{"line":884,"column":89}},"884":{"start":{"line":885,"column":0},"end":{"line":885,"column":6}},"885":{"start":{"line":886,"column":0},"end":{"line":886,"column":4}},"886":{"start":{"line":887,"column":0},"end":{"line":887,"column":1}},"887":{"start":{"line":888,"column":0},"end":{"line":888,"column":0}},"888":{"start":{"line":889,"column":0},"end":{"line":889,"column":63}},"889":{"start":{"line":890,"column":0},"end":{"line":890,"column":75}},"890":{"start":{"line":891,"column":0},"end":{"line":891,"column":1}},"891":{"start":{"line":892,"column":0},"end":{"line":892,"column":0}},"892":{"start":{"line":893,"column":0},"end":{"line":893,"column":70}},"893":{"start":{"line":894,"column":0},"end":{"line":894,"column":10}},"894":{"start":{"line":895,"column":0},"end":{"line":895,"column":26}},"895":{"start":{"line":896,"column":0},"end":{"line":896,"column":21}},"896":{"start":{"line":897,"column":0},"end":{"line":897,"column":4}},"897":{"start":{"line":898,"column":0},"end":{"line":898,"column":1}},"898":{"start":{"line":899,"column":0},"end":{"line":899,"column":0}},"899":{"start":{"line":900,"column":0},"end":{"line":900,"column":43}},"900":{"start":{"line":901,"column":0},"end":{"line":901,"column":10}},"901":{"start":{"line":902,"column":0},"end":{"line":902,"column":21}},"902":{"start":{"line":903,"column":0},"end":{"line":903,"column":18}},"903":{"start":{"line":904,"column":0},"end":{"line":904,"column":18}},"904":{"start":{"line":905,"column":0},"end":{"line":905,"column":24}},"905":{"start":{"line":906,"column":0},"end":{"line":906,"column":24}},"906":{"start":{"line":907,"column":0},"end":{"line":907,"column":23}},"907":{"start":{"line":908,"column":0},"end":{"line":908,"column":24}},"908":{"start":{"line":909,"column":0},"end":{"line":909,"column":4}},"909":{"start":{"line":910,"column":0},"end":{"line":910,"column":1}},"910":{"start":{"line":911,"column":0},"end":{"line":911,"column":0}},"911":{"start":{"line":912,"column":0},"end":{"line":912,"column":61}},"912":{"start":{"line":913,"column":0},"end":{"line":913,"column":89}},"913":{"start":{"line":914,"column":0},"end":{"line":914,"column":1}},"914":{"start":{"line":915,"column":0},"end":{"line":915,"column":0}},"915":{"start":{"line":916,"column":0},"end":{"line":916,"column":54}},"916":{"start":{"line":917,"column":0},"end":{"line":917,"column":31}},"917":{"start":{"line":918,"column":0},"end":{"line":918,"column":48}},"918":{"start":{"line":919,"column":0},"end":{"line":919,"column":67}},"919":{"start":{"line":920,"column":0},"end":{"line":920,"column":1}},"920":{"start":{"line":921,"column":0},"end":{"line":921,"column":0}},"921":{"start":{"line":922,"column":0},"end":{"line":922,"column":40}},"922":{"start":{"line":923,"column":0},"end":{"line":923,"column":31}},"923":{"start":{"line":924,"column":0},"end":{"line":924,"column":49}},"924":{"start":{"line":925,"column":0},"end":{"line":925,"column":68}},"925":{"start":{"line":926,"column":0},"end":{"line":926,"column":1}},"926":{"start":{"line":927,"column":0},"end":{"line":927,"column":0}},"927":{"start":{"line":928,"column":0},"end":{"line":928,"column":38}},"928":{"start":{"line":929,"column":0},"end":{"line":929,"column":31}},"929":{"start":{"line":930,"column":0},"end":{"line":930,"column":46}},"930":{"start":{"line":931,"column":0},"end":{"line":931,"column":1}},"931":{"start":{"line":932,"column":0},"end":{"line":932,"column":0}},"932":{"start":{"line":933,"column":0},"end":{"line":933,"column":44}},"933":{"start":{"line":934,"column":0},"end":{"line":934,"column":31}},"934":{"start":{"line":935,"column":0},"end":{"line":935,"column":33}},"935":{"start":{"line":936,"column":0},"end":{"line":936,"column":47}},"936":{"start":{"line":937,"column":0},"end":{"line":937,"column":3}},"937":{"start":{"line":938,"column":0},"end":{"line":938,"column":19}},"938":{"start":{"line":939,"column":0},"end":{"line":939,"column":1}},"939":{"start":{"line":940,"column":0},"end":{"line":940,"column":0}},"940":{"start":{"line":941,"column":0},"end":{"line":941,"column":52}},"941":{"start":{"line":942,"column":0},"end":{"line":942,"column":51}},"942":{"start":{"line":943,"column":0},"end":{"line":943,"column":55}},"943":{"start":{"line":944,"column":0},"end":{"line":944,"column":1}},"944":{"start":{"line":945,"column":0},"end":{"line":945,"column":0}},"945":{"start":{"line":946,"column":0},"end":{"line":946,"column":51}},"946":{"start":{"line":947,"column":0},"end":{"line":947,"column":53}},"947":{"start":{"line":948,"column":0},"end":{"line":948,"column":1}},"948":{"start":{"line":949,"column":0},"end":{"line":949,"column":0}},"949":{"start":{"line":950,"column":0},"end":{"line":950,"column":44}},"950":{"start":{"line":951,"column":0},"end":{"line":951,"column":73}},"951":{"start":{"line":952,"column":0},"end":{"line":952,"column":1}},"952":{"start":{"line":953,"column":0},"end":{"line":953,"column":0}},"953":{"start":{"line":954,"column":0},"end":{"line":954,"column":61}},"954":{"start":{"line":955,"column":0},"end":{"line":955,"column":43}},"955":{"start":{"line":956,"column":0},"end":{"line":956,"column":48}},"956":{"start":{"line":957,"column":0},"end":{"line":957,"column":1}},"957":{"start":{"line":958,"column":0},"end":{"line":958,"column":0}},"958":{"start":{"line":959,"column":0},"end":{"line":959,"column":72}},"959":{"start":{"line":960,"column":0},"end":{"line":960,"column":106}},"960":{"start":{"line":961,"column":0},"end":{"line":961,"column":1}},"961":{"start":{"line":962,"column":0},"end":{"line":962,"column":0}},"962":{"start":{"line":963,"column":0},"end":{"line":963,"column":55}},"963":{"start":{"line":964,"column":0},"end":{"line":964,"column":43}},"964":{"start":{"line":965,"column":0},"end":{"line":965,"column":1}},"965":{"start":{"line":966,"column":0},"end":{"line":966,"column":0}},"966":{"start":{"line":967,"column":0},"end":{"line":967,"column":38}},"967":{"start":{"line":968,"column":0},"end":{"line":968,"column":42}},"968":{"start":{"line":969,"column":0},"end":{"line":969,"column":27}},"969":{"start":{"line":970,"column":0},"end":{"line":970,"column":1}},"970":{"start":{"line":971,"column":0},"end":{"line":971,"column":0}},"971":{"start":{"line":972,"column":0},"end":{"line":972,"column":35}},"972":{"start":{"line":973,"column":0},"end":{"line":973,"column":53}},"973":{"start":{"line":974,"column":0},"end":{"line":974,"column":1}},"974":{"start":{"line":975,"column":0},"end":{"line":975,"column":0}},"975":{"start":{"line":976,"column":0},"end":{"line":976,"column":51}},"976":{"start":{"line":977,"column":0},"end":{"line":977,"column":32}},"977":{"start":{"line":978,"column":0},"end":{"line":978,"column":34}},"978":{"start":{"line":979,"column":0},"end":{"line":979,"column":51}},"979":{"start":{"line":980,"column":0},"end":{"line":980,"column":28}},"980":{"start":{"line":981,"column":0},"end":{"line":981,"column":0}},"981":{"start":{"line":982,"column":0},"end":{"line":982,"column":18}},"982":{"start":{"line":983,"column":0},"end":{"line":983,"column":31}},"983":{"start":{"line":984,"column":0},"end":{"line":984,"column":41}},"984":{"start":{"line":985,"column":0},"end":{"line":985,"column":3}},"985":{"start":{"line":986,"column":0},"end":{"line":986,"column":30}},"986":{"start":{"line":987,"column":0},"end":{"line":987,"column":1}},"987":{"start":{"line":988,"column":0},"end":{"line":988,"column":0}},"988":{"start":{"line":989,"column":0},"end":{"line":989,"column":32}},"989":{"start":{"line":990,"column":0},"end":{"line":990,"column":52}},"990":{"start":{"line":991,"column":0},"end":{"line":991,"column":1}},"991":{"start":{"line":992,"column":0},"end":{"line":992,"column":0}},"992":{"start":{"line":993,"column":0},"end":{"line":993,"column":44}},"993":{"start":{"line":994,"column":0},"end":{"line":994,"column":34}},"994":{"start":{"line":995,"column":0},"end":{"line":995,"column":1}},"995":{"start":{"line":996,"column":0},"end":{"line":996,"column":0}},"996":{"start":{"line":997,"column":0},"end":{"line":997,"column":36}},"997":{"start":{"line":998,"column":0},"end":{"line":998,"column":47}},"998":{"start":{"line":999,"column":0},"end":{"line":999,"column":1}},"999":{"start":{"line":1000,"column":0},"end":{"line":1000,"column":0}},"1000":{"start":{"line":1001,"column":0},"end":{"line":1001,"column":36}},"1001":{"start":{"line":1002,"column":0},"end":{"line":1002,"column":41}},"1002":{"start":{"line":1003,"column":0},"end":{"line":1003,"column":1}},"1003":{"start":{"line":1004,"column":0},"end":{"line":1004,"column":0}},"1004":{"start":{"line":1005,"column":0},"end":{"line":1005,"column":37}},"1005":{"start":{"line":1006,"column":0},"end":{"line":1006,"column":36}},"1006":{"start":{"line":1007,"column":0},"end":{"line":1007,"column":1}},"1007":{"start":{"line":1008,"column":0},"end":{"line":1008,"column":0}},"1008":{"start":{"line":1009,"column":0},"end":{"line":1009,"column":43}},"1009":{"start":{"line":1010,"column":0},"end":{"line":1010,"column":82}},"1010":{"start":{"line":1011,"column":0},"end":{"line":1011,"column":1}},"1011":{"start":{"line":1012,"column":0},"end":{"line":1012,"column":0}},"1012":{"start":{"line":1013,"column":0},"end":{"line":1013,"column":55}},"1013":{"start":{"line":1014,"column":0},"end":{"line":1014,"column":31}},"1014":{"start":{"line":1015,"column":0},"end":{"line":1015,"column":56}},"1015":{"start":{"line":1016,"column":0},"end":{"line":1016,"column":86}},"1016":{"start":{"line":1017,"column":0},"end":{"line":1017,"column":0}},"1017":{"start":{"line":1018,"column":0},"end":{"line":1018,"column":99}},"1018":{"start":{"line":1019,"column":0},"end":{"line":1019,"column":1}}},"s":{"0":1,"1":1,"2":1,"3":1,"4":1,"5":1,"6":1,"7":1,"8":1,"9":1,"10":1,"11":1,"12":1,"13":1,"14":1,"15":1,"16":1,"17":1,"18":1,"19":1,"20":1,"21":1,"22":1,"23":1,"24":1,"25":1,"26":1,"27":1,"28":1,"29":1,"30":1,"31":1,"32":1,"33":1,"34":1,"35":1,"36":1,"37":1,"38":1,"39":1,"40":1,"41":1,"42":1,"43":1,"44":1,"45":1,"46":1,"47":1,"48":1,"49":1,"50":1,"51":1,"52":1,"53":1,"54":1,"55":1,"56":1,"57":1,"58":1,"59":1,"60":1,"61":1,"62":1,"63":1,"64":1,"65":1,"66":1,"67":1,"68":1,"69":1,"70":1,"71":1,"72":1,"73":1,"74":1,"75":1,"76":1,"77":1,"78":1,"79":1,"80":1,"81":1,"82":1,"83":1,"84":1,"85":1,"86":1,"87":1,"88":1,"89":1,"90":1,"91":1,"92":1,"93":1,"94":1,"95":1,"96":1,"97":1,"98":1,"99":1,"100":1,"101":1,"102":1,"103":1,"104":1,"105":1,"106":1,"107":1,"108":1,"109":1,"110":1,"111":1,"112":1,"113":1,"114":1,"115":1,"116":1,"117":1,"118":1,"119":1,"120":1,"121":1,"122":1,"123":1,"124":1,"125":1,"126":1,"127":1,"128":1,"129":1,"130":1,"131":1,"132":1,"133":1,"134":1,"135":1,"136":1,"137":1,"138":1,"139":1,"140":1,"141":1,"142":1,"143":1,"144":1,"145":1,"146":1,"147":1,"148":1,"149":1,"150":1,"151":1,"152":1,"153":1,"154":1,"155":1,"156":1,"157":1,"158":1,"159":1,"160":1,"161":1,"162":1,"163":1,"164":1,"165":1,"166":1,"167":1,"168":1,"169":1,"170":1,"171":1,"172":1,"173":1,"174":1,"175":1,"176":1,"177":1,"178":1,"179":1,"180":1,"181":1,"182":1,"183":1,"184":1,"185":1,"186":1,"187":1,"188":1,"189":1,"190":1,"191":1,"192":1,"193":1,"194":1,"195":1,"196":1,"197":1,"198":1,"199":1,"200":1,"201":1,"202":1,"203":1,"204":1,"205":1,"206":1,"207":1,"208":1,"209":1,"210":85,"211":85,"212":85,"213":85,"214":85,"215":85,"216":85,"217":85,"218":85,"219":85,"220":17,"221":85,"222":85,"223":11,"224":11,"225":85,"226":16,"227":3,"228":2,"229":85,"230":85,"231":12,"232":10,"233":85,"234":70,"235":62,"236":85,"237":75,"238":62,"239":1,"240":85,"241":85,"242":85,"243":85,"244":85,"245":85,"246":85,"247":85,"248":85,"249":85,"250":85,"251":85,"252":85,"253":85,"254":85,"255":85,"256":85,"257":85,"258":85,"259":85,"260":85,"261":85,"262":85,"263":85,"264":85,"265":85,"266":85,"267":85,"268":85,"269":85,"270":85,"271":85,"272":85,"273":85,"274":85,"275":85,"276":85,"277":85,"278":85,"279":85,"280":85,"281":85,"282":85,"283":85,"284":85,"285":85,"286":85,"287":85,"288":85,"289":85,"290":85,"291":85,"292":85,"293":85,"294":85,"295":85,"296":85,"297":85,"298":85,"299":85,"300":85,"301":85,"302":85,"303":85,"304":1,"305":1,"306":1,"307":1,"308":85,"309":85,"310":85,"311":85,"312":85,"313":85,"314":85,"315":85,"316":85,"317":85,"318":85,"319":85,"320":85,"321":85,"322":12695,"323":85,"324":85,"325":12695,"326":85,"327":85,"328":85,"329":85,"330":85,"331":85,"332":85,"333":85,"334":85,"335":85,"336":85,"337":85,"338":85,"339":10,"340":75,"341":85,"342":10,"343":75,"344":85,"345":10,"346":75,"347":85,"348":85,"349":75,"350":85,"351":85,"352":85,"353":10,"354":75,"355":85,"356":85,"357":85,"358":85,"359":85,"360":85,"361":85,"362":85,"363":85,"364":85,"365":85,"366":85,"367":85,"368":85,"369":85,"370":85,"371":85,"372":85,"373":85,"374":85,"375":1,"376":85,"377":85,"378":85,"379":85,"380":85,"381":85,"382":85,"383":85,"384":85,"385":12699,"386":12699,"387":12699,"388":12698,"389":85,"390":85,"391":1,"392":12698,"393":12698,"394":12698,"395":12698,"396":12698,"397":12698,"398":12698,"399":12698,"400":12698,"401":12698,"402":12698,"403":1,"404":12697,"405":12656,"406":41,"407":41,"408":41,"409":41,"410":41,"411":12698,"412":12698,"413":12698,"414":12698,"415":12698,"416":12698,"417":12698,"418":1,"419":85,"420":85,"421":85,"422":85,"423":85,"424":85,"425":85,"426":85,"427":85,"428":85,"429":85,"430":85,"431":85,"432":85,"433":85,"434":85,"435":1,"436":85,"437":85,"438":85,"439":85,"440":85,"441":85,"442":85,"443":85,"444":60,"445":60,"446":60,"447":60,"448":60,"449":60,"450":60,"451":1,"452":59,"453":58,"454":1,"455":60,"456":60,"457":60,"458":60,"459":60,"460":60,"461":60,"462":60,"463":60,"464":85,"465":85,"466":60,"467":85,"468":85,"469":85,"470":85,"471":85,"472":85,"473":85,"474":4,"475":4,"476":4,"477":4,"478":4,"479":4,"480":4,"481":4,"482":85,"483":1,"484":81,"485":81,"486":81,"487":101,"488":101,"489":101,"490":101,"491":81,"492":81,"493":81,"494":6,"495":6,"496":6,"497":6,"498":6,"499":6,"500":6,"501":6,"502":6,"503":6,"504":6,"505":6,"506":81,"507":81,"508":81,"509":81,"510":81,"511":1,"512":77,"513":77,"514":77,"515":77,"516":7,"517":7,"518":20,"519":77,"520":77,"521":77,"522":1,"523":6,"524":1,"525":5,"526":3,"527":2,"528":1,"529":1,"530":77,"531":77,"532":77,"533":77,"534":77,"535":77,"536":77,"537":77,"538":77,"539":77,"540":77,"541":77,"542":77,"543":77,"544":77,"545":77,"546":1,"547":85,"548":85,"549":85,"550":85,"551":85,"552":63,"553":22,"554":85,"555":85,"556":85,"557":85,"558":85,"559":85,"560":85,"561":85,"562":85,"563":85,"564":85,"565":85,"566":85,"567":85,"568":85,"569":85,"570":85,"571":85,"572":15,"573":15,"574":85,"575":85,"576":85,"577":1,"578":85,"579":85,"580":85,"581":85,"582":85,"583":85,"584":85,"585":85,"586":85,"587":85,"588":85,"589":85,"590":85,"591":85,"592":85,"593":15,"594":70,"595":85,"596":85,"597":85,"598":1,"599":85,"600":85,"601":85,"602":85,"603":85,"604":85,"605":85,"606":1,"607":85,"608":85,"609":85,"610":85,"611":85,"612":85,"613":85,"614":85,"615":85,"616":85,"617":85,"618":85,"619":85,"620":85,"621":74,"622":63,"623":57,"624":57,"625":85,"626":56,"627":56,"628":85,"629":31,"630":12,"631":7,"632":85,"633":7,"634":7,"635":31,"636":85,"637":1,"638":85,"639":1,"640":85,"641":85,"642":85,"643":85,"644":85,"645":85,"646":85,"647":85,"648":85,"649":85,"650":85,"651":85,"652":12,"653":8,"654":77,"655":85,"656":72,"657":13,"658":85,"659":75,"660":10,"661":85,"662":61,"663":24,"664":85,"665":12,"666":7,"667":78,"668":85,"669":85,"670":85,"671":85,"672":85,"673":85,"674":1,"675":85,"676":85,"677":85,"678":85,"679":85,"680":85,"681":85,"682":85,"683":85,"684":85,"685":85,"686":16,"687":69,"688":85,"689":3,"690":82,"691":85,"692":12,"693":73,"694":85,"695":61,"696":24,"697":85,"698":9,"699":76,"700":85,"701":85,"702":85,"703":85,"704":85,"705":85,"706":1,"707":85,"708":85,"709":85,"710":85,"711":85,"712":85,"713":85,"714":85,"715":85,"716":85,"717":85,"718":85,"719":85,"720":85,"721":10,"722":10,"723":85,"724":6,"725":6,"726":85,"727":3,"728":3,"729":85,"730":57,"731":56,"732":1,"733":57,"734":57,"735":85,"736":85,"737":85,"738":1,"739":12843,"740":12843,"741":12843,"742":12843,"743":12843,"744":12843,"745":12843,"746":12843,"747":12843,"748":12843,"749":12843,"750":12843,"751":12843,"752":1,"753":51544,"754":51544,"755":51544,"756":51544,"757":55123,"758":55123,"759":172,"760":172,"761":172,"762":55123,"763":55123,"764":55123,"765":55123,"766":51544,"767":1,"768":54951,"769":54951,"770":54951,"771":54951,"772":12988,"773":12988,"774":12988,"775":54951,"776":396,"777":396,"778":396,"779":396,"780":396,"781":396,"782":54951,"783":54951,"784":1,"785":12714,"786":12714,"787":12714,"788":12714,"789":12714,"790":12714,"791":918878,"792":918878,"793":918878,"794":918878,"795":918878,"796":38258,"797":38258,"798":12714,"799":12714,"800":12714,"801":12714,"802":12714,"803":12714,"804":12714,"805":12714,"806":12714,"807":12714,"808":12714,"809":1,"810":38258,"811":38258,"812":25377,"813":25377,"814":25377,"815":38258,"816":38258,"817":12681,"818":12681,"819":19,"820":38258,"821":38258,"822":1,"823":918878,"824":918878,"825":918878,"826":918802,"827":1,"828":1,"829":918878,"830":1,"831":85,"832":85,"833":85,"834":85,"835":85,"836":85,"837":85,"838":1,"839":4105,"840":4105,"841":4105,"842":1,"843":85,"844":85,"845":85,"846":247119,"847":247119,"848":247119,"849":85,"850":85,"851":1,"852":12698,"853":12698,"854":12698,"855":12698,"856":158,"857":158,"858":158,"859":32,"860":23,"861":22,"862":20,"863":12698,"864":12698,"865":158,"866":158,"867":158,"868":158,"869":12698,"870":1,"871":21,"872":1,"873":1,"874":21,"875":2
[...]
373":{"type":"branch","line":968,"loc":{"start":{"line":968,"column":22},"end":{"line":968,"column":33}},"locations":[{"start":{"line":968,"column":22},"end":{"line":968,"column":33}}]},"374":{"type":"branch","line":969,"loc":{"start":{"line":969,"column":9},"end":{"line":969,"column":27}},"locations":[{"start":{"line":969,"column":9},"end":{"line":969,"column":27}}]},"375":{"type":"branch","line":972,"loc":{"start":{"line":972,"column":0},"end":{"line":974,"column":1}},"locations":[{"start":{"line":972,"column":0},"end":{"line":974,"column":1}}]},"376":{"type":"branch","line":976,"loc":{"start":{"line":976,"column":0},"end":{"line":987,"column":1}},"locations":[{"start":{"line":976,"column":0},"end":{"line":987,"column":1}}]},"377":{"type":"branch","line":980,"loc":{"start":{"line":980,"column":19},"end":{"line":980,"column":28}},"locations":[{"start":{"line":980,"column":19},"end":{"line":980,"column":28}}]},"378":{"type":"branch","line":982,"loc":{"start":{"line":982,"column":2},"end":{"line":983,"column":30}},"locations":[{"start":{"line":982,"column":2},"end":{"line":983,"column":30}}]},"379":{"type":"branch","line":983,"loc":{"start":{"line":983,"column":30},"end":{"line":985,"column":3}},"locations":[{"start":{"line":983,"column":30},"end":{"line":985,"column":3}}]},"380":{"type":"branch","line":984,"loc":{"start":{"line":984,"column":28},"end":{"line":984,"column":41}},"locations":[{"start":{"line":984,"column":28},"end":{"line":984,"column":41}}]},"381":{"type":"branch","line":986,"loc":{"start":{"line":986,"column":2},"end":{"line":986,"column":30}},"locations":[{"start":{"line":986,"column":2},"end":{"line":986,"column":30}}]},"382":{"type":"branch","line":989,"loc":{"start":{"line":989,"column":0},"end":{"line":991,"column":1}},"locations":[{"start":{"line":989,"column":0},"end":{"line":991,"column":1}}]},"383":{"type":"branch","line":993,"loc":{"start":{"line":993,"column":0},"end":{"line":995,"column":1}},"locations":[{"start":{"line":993,"column":0},"end":{"line":995,"column":1}}]},"384":{"type":"branch","line":997,"loc":{"start":{"line":997,"column":0},"end":{"line":999,"column":1}},"locations":[{"start":{"line":997,"column":0},"end":{"line":999,"column":1}}]},"385":{"type":"branch","line":1001,"loc":{"start":{"line":1001,"column":0},"end":{"line":1003,"column":1}},"locations":[{"start":{"line":1001,"column":0},"end":{"line":1003,"column":1}}]},"386":{"type":"branch","line":1005,"loc":{"start":{"line":1005,"column":0},"end":{"line":1007,"column":1}},"locations":[{"start":{"line":1005,"column":0},"end":{"line":1007,"column":1}}]},"387":{"type":"branch","line":1009,"loc":{"start":{"line":1009,"column":0},"end":{"line":1011,"column":1}},"locations":[{"start":{"line":1009,"column":0},"end":{"line":1011,"column":1}}]},"388":{"type":"branch","line":1010,"loc":{"start":{"line":1010,"column":28},"end":{"line":1010,"column":68}},"locations":[{"start":{"line":1010,"column":28},"end":{"line":1010,"column":68}}]},"389":{"type":"branch","line":1010,"loc":{"start":{"line":1010,"column":68},"end":{"line":1010,"column":82}},"locations":[{"start":{"line":1010,"column":68},"end":{"line":1010,"column":82}}]},"390":{"type":"branch","line":1013,"loc":{"start":{"line":1013,"column":0},"end":{"line":1019,"column":1}},"locations":[{"start":{"line":1013,"column":0},"end":{"line":1019,"column":1}}]},"391":{"type":"branch","line":1015,"loc":{"start":{"line":1015,"column":33},"end":{"line":1015,"column":56}},"locations":[{"start":{"line":1015,"column":33},"end":{"line":1015,"column":56}}]},"392":{"type":"branch","line":1016,"loc":{"start":{"line":1016,"column":65},"end":{"line":1016,"column":86}},"locations":[{"start":{"line":1016,"column":65},"end":{"line":1016,"column":86}}]},"393":{"type":"branch","line":1018,"loc":{"start":{"line":1018,"column":17},"end":{"line":1018,"column":59}},"locations":[{"start":{"line":1018,"column":17},"end":{"line":1018,"column":59}}]},"394":{"type":"branch","line":1018,"loc":{"start":{"line":1018,"column":55},"end":{"line":1018,"column":80}},"locations":[{"start":{"line":1018,"column":55},"end":{"line":1018,"column":80}}]},"395":{"type":"branch","line":1018,"loc":{"start":{"line":1018,"column":76},"end":{"line":1018,"column":99}},"locations":[{"start":{"line":1018,"column":76},"end":{"line":1018,"column":99}}]}},"b":{"0":[0],"1":[204],"2":[4],"3":[12],"4":[4],"5":[0],"6":[12],"7":[33],"8":[4],"9":[2],"10":[2],"11":[29],"12":[85],"13":[82],"14":[82],"15":[80],"16":[17],"17":[14],"18":[2],"19":[1],"20":[72],"21":[11],"22":[16],"23":[15],"24":[3],"25":[2],"26":[30],"27":[12],"28":[10],"29":[70],"30":[62],"31":[75],"32":[62],"33":[1],"34":[85],"35":[84],"36":[1],"37":[2],"38":[83],"39":[60],"40":[25],"41":[56],"42":[29],"43":[10],"44":[75],"45":[10],"46":[75],"47":[10],"48":[75],"49":[75],"50":[10],"51":[75],"52":[72],"53":[67],"54":[12698],"55":[12698],"56":[8],"57":[82748],"58":[371],"59":[12695],"60":[102],"61":[12695],"62":[122],"63":[102],"64":[102],"65":[91],"66":[91],"67":[102],"68":[102],"69":[85],"70":[12699],"71":[8],"72":[1],"73":[12698],"74":[12698],"75":[1],"76":[12697],"77":[12656],"78":[41],"79":[1],"80":[1],"81":[1],"82":[1],"83":[85],"84":[4],"85":[81],"86":[4],"87":[77],"88":[85],"89":[81],"90":[4],"91":[60],"92":[1],"93":[59],"94":[58],"95":[1],"96":[60],"97":[5],"98":[81],"99":[101],"100":[66],"101":[66],"102":[35],"103":[6],"104":[77],"105":[6],"106":[5],"107":[1],"108":[35],"109":[35],"110":[30],"111":[30],"112":[35],"113":[2],"114":[1],"115":[77],"116":[70],"117":[20],"118":[7],"119":[6],"120":[1],"121":[20],"122":[6],"123":[1],"124":[20],"125":[1],"126":[6],"127":[1],"128":[5],"129":[4],"130":[3],"131":[2],"132":[1],"133":[60],"134":[60],"135":[66],"136":[85],"137":[73],"138":[73],"139":[3],"140":[70],"141":[75],"142":[63],"143":[22],"144":[80],"145":[80],"146":[82],"147":[25],"148":[56],"149":[56],"150":[72],"151":[15],"152":[70],"153":[12593],"154":[85],"155":[12],"156":[73],"157":[3],"158":[70],"159":[82],"160":[72],"161":[15],"162":[70],"163":[85],"164":[85],"165":[1],"166":[84],"167":[10],"168":[74],"169":[63],"170":[57],"171":[56],"172":[31],"173":[18],"174":[6],"175":[30],"176":[12],"177":[7],"178":[31],"179":[7],"180":[27],"181":[5],"182":[3],"183":[2],"184":[1],"185":[1],"186":[85],"187":[1],"188":[84],"189":[30],"190":[12],"191":[8],"192":[77],"193":[72],"194":[13],"195":[75],"196":[10],"197":[72],"198":[61],"199":[24],"200":[83],"201":[70],"202":[12],"203":[7],"204":[78],"205":[82],"206":[56],"207":[85],"208":[75],"209":[16],"210":[69],"211":[3],"212":[82],"213":[83],"214":[70],"215":[12],"216":[73],"217":[72],"218":[61],"219":[24],"220":[9],"221":[76],"222":[82],"223":[56],"224":[85],"225":[10],"226":[75],"227":[6],"228":[69],"229":[3],"230":[66],"231":[57],"232":[56],"233":[1],"234":[9],"235":[12843],"236":[51544],"237":[38294],"238":[13250],"239":[55123],"240":[172],"241":[54951],"242":[42365],"243":[75387],"244":[54951],"245":[28696],"246":[28696],"247":[26255],"248":[287],"249":[25968],"250":[12988],"251":[12987],"252":[1],"253":[12980],"254":[396],"255":[395],"256":[1],"257":[12584],"258":[1391],"259":[1],"260":[12714],"261":[918878],"262":[880620],"263":[38258],"264":[12713],"265":[1],"266":[12712],"267":[2],"268":[38258],"269":[25377],"270":[25377],"271":[12881],"272":[100],"273":[100],"274":[13105],"275":[12781],"276":[12681],"277":[12681],"278":[12662],"279":[19],"280":[565],"281":[100],"282":[86],"283":[14],"284":[918878],"285":[36],"286":[918842],"287":[918802],"288":[50986],"289":[867856],"290":[37822],"291":[1],"292":[85],"293":[11563],"294":[4105],"295":[4105],"296":[295],"297":[3810],"298":[85],"299":[247119],"300":[12698],"301":[12664],"302":[158],"303":[34],"304":[1],"305":[33],"306":[1],"307":[32],"308":[23],"309":[22],"310":[20],"311":[158],"312":[19],"313":[13],"314":[2],"315":[11],"316":[8],"317":[3],"318":[2],"319":[1],"320":[21],"321":[1],"322":[170],"323":[160],"324":[160],"325":[128],"326":[10],"327":[328],"328":[85],"329":[84],"330":[228],"331":[4],"332":[1],"333":[1],"334":[901],"335":[152],"336":[749],"337":[31],"338":[718],"339":[25396],"340":[25316],"341":[316],"342":[80],"343":[78],"344":[2],"345":[72],"346":[67],"347":[5],"348":[12880],"349":[12996],"350":[12826],"351":[54],"352":[25396],"353":[12],"354":[25384],"355":[12],"356":[25384],"357":[51027],"358":[42],"359":[50985],"360":[50972],"361":[50972],"362":[32],"363":[50940],"364":[323690],"365":[68033],"366":[323222],"367":[26844],"368":[26448],"369":[680],"370":[378],"371":[302],"372":[13637],"373":[12856],"374":[12856],"375":[170],"376":[119],"377":[5],"378":[114],"379":[214],"380":[172],"381":[114],"382":[38],"383":[28696],"384":[38142],"385":[1523],"386":[170],"387":[742],"388":[14],"389":[14],"390":[85],"391":[77],"392":[2],"393":[79],"394":[77],"395":[8]},"fnMap":{"0":{"name":"__name","decl":{"start":{"line":1,"column":0},"end":{"line":1,"column":35}},"loc":{"start":{"line":1,"column":0},"end":{"line":1,"column":35}},"line":1},"1":{"name":"__export","decl":{"start":{"line":1,"column":0},"end":{"line":1,"column":35}},"loc":{"start":{"line":1,"column":0},"end":{"line":1,"column":35}},"line":1},"2":{"name":"__copyProps","decl":{"start":{"line":1,"column":0},"end":{"line":1,"column":35}},"loc":{"start":{"line":1,"column":0},"end":{"line":1,"column":35}},"line":1},"3":{"name":"get","decl":{"start":{"line":1,"column":0},"end":{"line":1,"column":35}},"loc":{"start":{"line":1,"column":0},"end":{"line":1,"column":35}},"line":1},"4":{"name":"__toCommonJS","decl":{"start":{"line":1,"column":0},"end":{"line":1,"column":35}},"loc":{"start":{"line":1,"column":0},"end":{"line":1,"column":35}},"line":1},"5":{"name":"evaluateRecognition","decl":{"start":{"line":1,"column":0},"end":{"line":1,"column":35}},"loc":{"start":{"line":1,"column":0},"end":{"line":1,"column":35}},"line":1},"6":{"name":"recognize","decl":{"start":{"line":1,"column":0},"end":{"line":1,"column":35}},"loc":{"start":{"line":1,"column":0},"end":{"line":1,"column":35}},"line":1},"7":{"name":"recognizeState","decl":{"start":{"line":1,"column":0},"end":{"line":1,"column":35}},"loc":{"start":{"line":1,"column":0},"end":{"line":1,"column":35}},"line":1},"8":{"name":"recognizeState","decl":{"start":{"line":210,"column":7},"end":{"line":304,"column":1}},"loc":{"start":{"line":210,"column":7},"end":{"line":304,"column":1}},"line":210},"9":{"name":"summarizeEvidence","decl":{"start":{"line":309,"column":0},"end":{"line":375,"column":1}},"loc":{"start":{"line":309,"column":0},"end":{"line":375,"column":1}},"line":309},"10":{"name":"collectSamples","decl":{"start":{"line":377,"column":0},"end":{"line":391,"column":1}},"loc":{"start":{"line":377,"column":0},"end":{"line":391,"column":1}},"line":377},"11":{"name":"compareSample","decl":{"start":{"line":393,"column":0},"end":{"line":418,"column":1}},"loc":{"start":{"line":393,"column":0},"end":{"line":418,"column":1}},"line":393},"12":{"name":"archetypeFor","decl":{"start":{"line":420,"column":0},"end":{"line":435,"column":1}},"loc":{"start":{"line":420,"column":0},"end":{"line":435,"column":1}},"line":420},"13":{"name":"explicitArchetypeMatch","decl":{"start":{"line":437,"column":0},"end":{"line":483,"column":1}},"loc":{"start":{"line":437,"column":0},"end":{"line":483,"column":1}},"line":437},"14":{"name":"groupedArchetypeMatch","decl":{"start":{"line":485,"column":0},"end":{"line":511,"column":1}},"loc":{"start":{"line":485,"column":0},"end":{"line":511,"column":1}},"line":485},"15":{"name":"derivedArchetypeMatch","decl":{"start":{"line":513,"column":0},"end":{"line":546,"column":1}},"loc":{"start":{"line":513,"column":0},"end":{"line":546,"column":1}},"line":513},"16":{"name":"recurrenceConfidenceFor","decl":{"start":{"line":548,"column":0},"end":{"line":577,"column":1}},"loc":{"start":{"line":548,"column":0},"end":{"line":577,"column":1}},"line":548},"17":{"name":"noveltyScoreFor","decl":{"start":{"line":579,"column":0},"end":{"line":598,"column":1}},"loc":{"start":{"line":579,"column":0},"end":{"line":598,"column":1}},"line":579},"18":{"name":"recognitionScoreFor","decl":{"start":{"line":600,"column":0},"end":{"line":606,"column":1}},"loc":{"start":{"line":600,"column":0},"end":{"line":606,"column":1}},"line":600},"19":{"name":"verdictFor","decl":{"start":{"line":608,"column":0},"end":{"line":639,"column":1}},"loc":{"start":{"line":608,"column":0},"end":{"line":639,"column":1}},"line":608},"20":{"name":"missingEvidenceFor","decl":{"start":{"line":641,"column":0},"end":{"line":674,"column":1}},"loc":{"start":{"line":641,"column":0},"end":{"line":674,"column":1}},"line":641},"21":{"name":"invalidationConditionsFor","decl":{"start":{"line":676,"column":0},"end":{"line":706,"column":1}},"loc":{"start":{"line":676,"column":0},"end":{"line":706,"column":1}},"line":676},"22":{"name":"reasonFor","decl":{"start":{"line":708,"column":0},"end":{"line":738,"column":1}},"loc":{"start":{"line":708,"column":0},"end":{"line":738,"column":1}},"line":708},"23":{"name":"profileFor","decl":{"start":{"line":740,"column":0},"end":{"line":752,"column":1}},"loc":{"start":{"line":740,"column":0},"end":{"line":752,"column":1}},"line":740},"24":{"name":"flattenInto","decl":{"start":{"line":754,"column":0},"end":{"line":767,"column":1}},"loc":{"start":{"line":754,"column":0},"end":{"line":767,"column":1}},"line":754},"25":{"name":"featureValue","decl":{"start":{"line":769,"column":0},"end":{"line":784,"column":1}},"loc":{"start":{"line":769,"column":0},"end":{"line":784,"column":1}},"line":769},"26":{"name":"similarityBetween","decl":{"start":{"line":786,"column":0},"end":{"line":809,"column":1}},"loc":{"start":{"line":786,"column":0},"end":{"line":809,"column":1}},"line":786},"27":{"name":"valueSimilarity","decl":{"start":{"line":811,"column":0},"end":{"line":822,"column":1}},"loc":{"start":{"line":811,"column":0},"end":{"line":822,"column":1}},"line":811},"28":{"name":"featureWeight","decl":{"start":{"line":824,"column":0},"end":{"line":830,"column":1}},"loc":{"start":{"line":824,"column":0},"end":{"line":830,"column":1}},"line":824},"29":{"name":"fingerprintFor","decl":{"start":{"line":832,"column":0},"end":{"line":838,"column":1}},"loc":{"start":{"line":832,"column":0},"end":{"line":838,"column":1}},"line":832},"30":{"name":"encodeFeature","decl":{"start":{"line":840,"column":0},"end":{"line":842,"column":1}},"loc":{"start":{"line":840,"column":0},"end":{"line":842,"column":1}},"line":840},"31":{"name":"hashString","decl":{"start":{"line":844,"column":0},"end":{"line":851,"column":1}},"loc":{"start":{"line":844,"column":0},"end":{"line":851,"column":1}},"line":844},"32":{"name":"outcomeValueFor","decl":{"start":{"line":853,"column":0},"end":{"line":870,"column":1}},"loc":{"start":{"line":853,"column":0},"end":{"line":870,"column":1}},"line":853},"33":{"name":"stabilityFor","decl":{"start":{"line":872,"column":0},"end":{"line":878,"column":1}},"loc":{"start":{"line":872,"column":0},"end":{"line":878,"column":1}},"line":872},"34":{"name":"sampleCountFromJudgement","decl":{"start":{"line":880,"column":0},"end":{"line":887,"column":1}},"loc":{"start":{"line":880,"column":0},"end":{"line":887,"column":1}},"line":880},"35":{"name":"sampleScore","decl":{"start":{"line":889,"column":0},"end":{"line":891,"column":1}},"loc":{"start":{"line":889,"column":0},"end":{"line":891,"column":1}},"line":889},"36":{"name":"normalizeThresholds","decl":{"start":{"line":893,"column":0},"end":{"line":898,"column":1}},"loc":{"start":{"line":893,"column":0},"end":{"line":898,"column":1}},"line":893},"37":{"name":"emptyArchetype","decl":{"start":{"line":900,"column":0},"end":{"line":910,"column":1}},"loc":{"start":{"line":900,"column":0},"end":{"line":910,"column":1}},"line":900},"38":{"name":"labelForArchetype","decl":{"start":{"line":912,"column":0},"end":{"line":914,"column":1}},"loc":{"start":{"line":912,"column":0},"end":{"line":914,"column":1}},"line":912},"39":{"name":"optionalScore","decl":{"start":{"line":916,"column":0},"end":{"line":920,"column":1}},"loc":{"start":{"line":916,"column":0},"end":{"line":920,"column":1}},"line":916},"40":{"name":"optionalRatio","decl":{"start":{"line":922,"column":0},"end":{"line":926,"column":1}},"loc":{"start":{"line":922,"column":0},"end":{"line":926,"column":1}},"line":922},"41":{"name":"numberValue","decl":{"start":{"line":928,"column":0},"end":{"line":931,"column":1}},"loc":{"start":{"line":928,"column":0},"end":{"line":931,"column":1}},"line":928},"42":{"name":"firstFinite","decl":{"start":{"line":933,"column":0},"end":{"line":939,"column":1}},"loc":{"start":{"line":933,"column":0},"end":{"line":939,"column":1}},"line":933},"43":{"name":"recordNumber","decl":{"start":{"line":941,"column":0},"end":{"line":944,"column":1}},"loc":{"start":{"line":941,"column":0},"end":{"line":944,"column":1}},"line":941},"44":{"name":"recordValue","decl":{"start":{"line":946,"column":0},"end":{"line":948,"column":1}},"loc":{"start":{"line":946,"column":0},"end":{"line":948,"column":1}},"line":946},"45":{"name":"firstRecord","decl":{"start":{"line":950,"column":0},"end":{"line":952,"column":1}},"loc":{"start":{"line":950,"column":0},"end":{"line":952,"column":1}},"line":950},"46":{"name":"recordFromMetadata","decl":{"start":{"line":954,"column":0},"end":{"line":957,"column":1}},"loc":{"start":{"line":954,"column":0},"end":{"line":957,"column":1}},"line":954},"47":{"name":"plainRecord","decl":{"start":{"line":959,"column":0},"end":{"line":961,"column":1}},"loc":{"start":{"line":959,"column":0},"end":{"line":961,"column":1}},"line":959},"48":{"name":"array","decl":{"start":{"line":963,"column":0},"end":{"line":965,"column":1}},"loc":{"start":{"line":963,"column":0},"end":{"line":965,"column":1}},"line":963},"49":{"name":"stringValue","decl":{"start":{"line":967,"column":0},"end":{"line":970,"column":1}},"loc":{"start":{"line":967,"column":0},"end":{"line":970,"column":1}},"line":967},"50":{"name":"unique","decl":{"start":{"line":972,"column":0},"end":{"line":974,"column":1}},"loc":{"start":{"line":972,"column":0},"end":{"line":974,"column":1}},"line":972},"51":{"name":"jaccard","decl":{"start":{"line":976,"column":0},"end":{"line":987,"column":1}},"loc":{"start":{"line":976,"column":0},"end":{"line":987,"column":1}},"line":976},"52":{"name":"tokens","decl":{"start":{"line":989,"column":0},"end":{"line":991,"column":1}},"loc":{"start":{"line":989,"column":0},"end":{"line":991,"column":1}},"line":989},"53":{"name":"roundFeatureNumber","decl":{"start":{"line":993,"column":0},"end":{"line":995,"column":1}},"loc":{"start":{"line":993,"column":0},"end":{"line":995,"column":1}},"line":993},"54":{"name":"roundRatio","decl":{"start":{"line":997,"column":0},"end":{"line":999,"column":1}},"loc":{"start":{"line":997,"column":0},"end":{"line":999,"column":1}},"line":997},"55":{"name":"roundScore","decl":{"start":{"line":1001,"column":0},"end":{"line":1003,"column":1}},"loc":{"start":{"line":1001,"column":0},"end":{"line":1003,"column":1}},"line":1001},"56":{"name":"formatScore","decl":{"start":{"line":1005,"column":0},"end":{"line":1007,"column":1}},"loc":{"start":{"line":1005,"column":0},"end":{"line":1007,"column":1}},"line":1005},"57":{"name":"idFor","decl":{"start":{"line":1009,"column":0},"end":{"line":1011,"column":1}},"loc":{"start":{"line":1009,"column":0},"end":{"line":1011,"column":1}},"line":1009},"58":{"name":"createdAtFor","decl":{"start":{"line":1013,"column":0},"end":{"line":1019,"column":1}},"loc":{"start":{"line":1013,"column":0},"end":{"line":1019,"column":1}},"line":1013}},"f":{"0":204,"1":4,"2":4,"3":33,"4":4,"5":2,"6":2,"7":29,"8":85,"9":85,"10":85,"11":12698,"12":85,"13":85,"14":81,"15":77,"16":85,"17":85,"18":85,"19":85,"20":85,"21":85,"22":85,"23":12843,"24":51544,"25":54951,"26":12714,"27":38258,"28":918878,"29":85,"30":4105,"31":85,"32":12698,"33":21,"34":170,"35":328,"36":85,"37":228,"38":4,"39":901,"40":25396,"41":72,"42":12880,"43":25396,"44":51027,"45":50972,"46":50972,"47":323690,"48":680,"49":13637,"50":170,"51":119,"52":38,"53":28696,"54":38142,"55":1523,"56":170,"57":742,"58":85}}
}
