{"/Users/diogoangelim/signal/examples/stocks-optimizer/src/artifacts/signal-framework/readiness-remediation/engine.ts": {"path":"/Users/diogoangelim/signal/examples/stocks-optimizer/src/artifacts/signal-framework/readiness-remediation/engine.ts","all":false,"statementMap":{"0":{"start":{"line":1,"column":0},"end":{"line":1,"column":52}},"1":{"start":{"line":2,"column":0},"end":{"line":2,"column":0}},"2":{"start":{"line":3,"column":0},"end":{"line":3,"column":42}},"3":{"start":{"line":4,"column":0},"end":{"line":4,"column":17}},"4":{"start":{"line":5,"column":0},"end":{"line":5,"column":16}},"5":{"start":{"line":6,"column":0},"end":{"line":6,"column":15}},"6":{"start":{"line":7,"column":0},"end":{"line":7,"column":18}},"7":{"start":{"line":8,"column":0},"end":{"line":8,"column":19}},"8":{"start":{"line":9,"column":0},"end":{"line":9,"column":25}},"9":{"start":{"line":10,"column":0},"end":{"line":10,"column":19}},"10":{"start":{"line":11,"column":0},"end":{"line":11,"column":22}},"11":{"start":{"line":12,"column":0},"end":{"line":12,"column":17}},"12":{"start":{"line":13,"column":0},"end":{"line":13,"column":18}},"13":{"start":{"line":14,"column":0},"end":{"line":14,"column":14}},"14":{"start":{"line":15,"column":0},"end":{"line":15,"column":12}},"15":{"start":{"line":16,"column":0},"end":{"line":16,"column":15}},"16":{"start":{"line":17,"column":0},"end":{"line":17,"column":12}},"17":{"start":{"line":18,"column":0},"end":{"line":18,"column":12}},"18":{"start":{"line":19,"column":0},"end":{"line":19,"column":0}},"19":{"start":{"line":20,"column":0},"end":{"line":20,"column":82}},"20":{"start":{"line":21,"column":0},"end":{"line":21,"column":82}},"21":{"start":{"line":22,"column":0},"end":{"line":22,"column":0}},"22":{"start":{"line":23,"column":0},"end":{"line":23,"column":40}},"23":{"start":{"line":24,"column":0},"end":{"line":24,"column":13}},"24":{"start":{"line":25,"column":0},"end":{"line":25,"column":17}},"25":{"start":{"line":26,"column":0},"end":{"line":26,"column":42}},"26":{"start":{"line":27,"column":0},"end":{"line":27,"column":19}},"27":{"start":{"line":28,"column":0},"end":{"line":28,"column":17}},"28":{"start":{"line":29,"column":0},"end":{"line":29,"column":42}},"29":{"start":{"line":30,"column":0},"end":{"line":30,"column":18}},"30":{"start":{"line":31,"column":0},"end":{"line":31,"column":33}},"31":{"start":{"line":32,"column":0},"end":{"line":32,"column":23}},"32":{"start":{"line":33,"column":0},"end":{"line":33,"column":30}},"33":{"start":{"line":34,"column":0},"end":{"line":34,"column":28}},"34":{"start":{"line":35,"column":0},"end":{"line":35,"column":2}},"35":{"start":{"line":36,"column":0},"end":{"line":36,"column":0}},"36":{"start":{"line":37,"column":0},"end":{"line":37,"column":41}},"37":{"start":{"line":38,"column":0},"end":{"line":38,"column":37}},"38":{"start":{"line":39,"column":0},"end":{"line":39,"column":26}},"39":{"start":{"line":40,"column":0},"end":{"line":40,"column":17}},"40":{"start":{"line":41,"column":0},"end":{"line":41,"column":20}},"41":{"start":{"line":42,"column":0},"end":{"line":42,"column":24}},"42":{"start":{"line":43,"column":0},"end":{"line":43,"column":27}},"43":{"start":{"line":44,"column":0},"end":{"line":44,"column":34}},"44":{"start":{"line":45,"column":0},"end":{"line":45,"column":29}},"45":{"start":{"line":46,"column":0},"end":{"line":46,"column":24}},"46":{"start":{"line":47,"column":0},"end":{"line":47,"column":11}},"47":{"start":{"line":48,"column":0},"end":{"line":48,"column":16}},"48":{"start":{"line":49,"column":0},"end":{"line":49,"column":25}},"49":{"start":{"line":50,"column":0},"end":{"line":50,"column":28}},"50":{"start":{"line":51,"column":0},"end":{"line":51,"column":33}},"51":{"start":{"line":52,"column":0},"end":{"line":52,"column":38}},"52":{"start":{"line":53,"column":0},"end":{"line":53,"column":24}},"53":{"start":{"line":54,"column":0},"end":{"line":54,"column":29}},"54":{"start":{"line":55,"column":0},"end":{"line":55,"column":11}},"55":{"start":{"line":56,"column":0},"end":{"line":56,"column":11}},"56":{"start":{"line":57,"column":0},"end":{"line":57,"column":24}},"57":{"start":{"line":58,"column":0},"end":{"line":58,"column":27}},"58":{"start":{"line":59,"column":0},"end":{"line":59,"column":31}},"59":{"start":{"line":60,"column":0},"end":{"line":60,"column":28}},"60":{"start":{"line":61,"column":0},"end":{"line":61,"column":22}},"61":{"start":{"line":62,"column":0},"end":{"line":62,"column":18}},"62":{"start":{"line":63,"column":0},"end":{"line":63,"column":21}},"63":{"start":{"line":64,"column":0},"end":{"line":64,"column":24}},"64":{"start":{"line":65,"column":0},"end":{"line":65,"column":22}},"65":{"start":{"line":66,"column":0},"end":{"line":66,"column":32}},"66":{"start":{"line":67,"column":0},"end":{"line":67,"column":7}},"67":{"start":{"line":68,"column":0},"end":{"line":68,"column":30}},"68":{"start":{"line":69,"column":0},"end":{"line":69,"column":11}},"69":{"start":{"line":70,"column":0},"end":{"line":70,"column":13}},"70":{"start":{"line":71,"column":0},"end":{"line":71,"column":28}},"71":{"start":{"line":72,"column":0},"end":{"line":72,"column":27}},"72":{"start":{"line":73,"column":0},"end":{"line":73,"column":26}},"73":{"start":{"line":74,"column":0},"end":{"line":74,"column":25}},"74":{"start":{"line":75,"column":0},"end":{"line":75,"column":32}},"75":{"start":{"line":76,"column":0},"end":{"line":76,"column":11}},"76":{"start":{"line":77,"column":0},"end":{"line":77,"column":2}},"77":{"start":{"line":78,"column":0},"end":{"line":78,"column":0}},"78":{"start":{"line":79,"column":0},"end":{"line":79,"column":40}},"79":{"start":{"line":80,"column":0},"end":{"line":80,"column":13}},"80":{"start":{"line":81,"column":0},"end":{"line":81,"column":41}},"81":{"start":{"line":82,"column":0},"end":{"line":82,"column":16}},"82":{"start":{"line":83,"column":0},"end":{"line":83,"column":19}},"83":{"start":{"line":84,"column":0},"end":{"line":84,"column":41}},"84":{"start":{"line":85,"column":0},"end":{"line":85,"column":55}},"85":{"start":{"line":86,"column":0},"end":{"line":86,"column":28}},"86":{"start":{"line":87,"column":0},"end":{"line":87,"column":36}},"87":{"start":{"line":88,"column":0},"end":{"line":88,"column":17}},"88":{"start":{"line":89,"column":0},"end":{"line":89,"column":29}},"89":{"start":{"line":90,"column":0},"end":{"line":90,"column":20}},"90":{"start":{"line":91,"column":0},"end":{"line":91,"column":22}},"91":{"start":{"line":92,"column":0},"end":{"line":92,"column":12}},"92":{"start":{"line":93,"column":0},"end":{"line":93,"column":32}},"93":{"start":{"line":94,"column":0},"end":{"line":94,"column":24}},"94":{"start":{"line":95,"column":0},"end":{"line":95,"column":20}},"95":{"start":{"line":96,"column":0},"end":{"line":96,"column":4}},"96":{"start":{"line":97,"column":0},"end":{"line":97,"column":2}},"97":{"start":{"line":98,"column":0},"end":{"line":98,"column":0}},"98":{"start":{"line":99,"column":0},"end":{"line":99,"column":40}},"99":{"start":{"line":100,"column":0},"end":{"line":100,"column":49}},"100":{"start":{"line":101,"column":0},"end":{"line":101,"column":40}},"101":{"start":{"line":102,"column":0},"end":{"line":102,"column":37}},"102":{"start":{"line":103,"column":0},"end":{"line":103,"column":18}},"103":{"start":{"line":104,"column":0},"end":{"line":104,"column":20}},"104":{"start":{"line":105,"column":0},"end":{"line":105,"column":33}},"105":{"start":{"line":106,"column":0},"end":{"line":106,"column":47}},"106":{"start":{"line":107,"column":0},"end":{"line":107,"column":23}},"107":{"start":{"line":108,"column":0},"end":{"line":108,"column":36}},"108":{"start":{"line":109,"column":0},"end":{"line":109,"column":21}},"109":{"start":{"line":110,"column":0},"end":{"line":110,"column":10}},"110":{"start":{"line":111,"column":0},"end":{"line":111,"column":27}},"111":{"start":{"line":112,"column":0},"end":{"line":112,"column":28}},"112":{"start":{"line":113,"column":0},"end":{"line":113,"column":29}},"113":{"start":{"line":114,"column":0},"end":{"line":114,"column":23}},"114":{"start":{"line":115,"column":0},"end":{"line":115,"column":4}},"115":{"start":{"line":116,"column":0},"end":{"line":116,"column":2}},"116":{"start":{"line":117,"column":0},"end":{"line":117,"column":0}},"117":{"start":{"line":118,"column":0},"end":{"line":118,"column":18}},"118":{"start":{"line":119,"column":0},"end":{"line":119,"column":13}},"119":{"start":{"line":120,"column":0},"end":{"line":120,"column":41}},"120":{"start":{"line":121,"column":0},"end":{"line":121,"column":16}},"121":{"start":{"line":122,"column":0},"end":{"line":122,"column":41}},"122":{"start":{"line":123,"column":0},"end":{"line":123,"column":17}},"123":{"start":{"line":124,"column":0},"end":{"line":124,"column":30}},"124":{"start":{"line":125,"column":0},"end":{"line":125,"column":22}},"125":{"start":{"line":126,"column":0},"end":{"line":126,"column":29}},"126":{"start":{"line":127,"column":0},"end":{"line":127,"column":20}},"127":{"start":{"line":128,"column":0},"end":{"line":128,"column":19}},"128":{"start":{"line":129,"column":0},"end":{"line":129,"column":24}},"129":{"start":{"line":130,"column":0},"end":{"line":130,"column":2}},"130":{"start":{"line":131,"column":0},"end":{"line":131,"column":0}},"131":{"start":{"line":132,"column":0},"end":{"line":132,"column":63}},"132":{"start":{"line":133,"column":0},"end":{"line":133,"column":16}},"133":{"start":{"line":134,"column":0},"end":{"line":134,"column":19}},"134":{"start":{"line":135,"column":0},"end":{"line":135,"column":45}},"135":{"start":{"line":136,"column":0},"end":{"line":136,"column":22}},"136":{"start":{"line":137,"column":0},"end":{"line":137,"column":29}},"137":{"start":{"line":138,"column":0},"end":{"line":138,"column":20}},"138":{"start":{"line":139,"column":0},"end":{"line":139,"column":6}},"139":{"start":{"line":140,"column":0},"end":{"line":140,"column":16}},"140":{"start":{"line":141,"column":0},"end":{"line":141,"column":44}},"141":{"start":{"line":142,"column":0},"end":{"line":142,"column":17}},"142":{"start":{"line":143,"column":0},"end":{"line":143,"column":21}},"143":{"start":{"line":144,"column":0},"end":{"line":144,"column":20}},"144":{"start":{"line":145,"column":0},"end":{"line":145,"column":92}},"145":{"start":{"line":146,"column":0},"end":{"line":146,"column":76}},"146":{"start":{"line":147,"column":0},"end":{"line":147,"column":4}},"147":{"start":{"line":148,"column":0},"end":{"line":148,"column":15}},"148":{"start":{"line":149,"column":0},"end":{"line":149,"column":44}},"149":{"start":{"line":150,"column":0},"end":{"line":150,"column":17}},"150":{"start":{"line":151,"column":0},"end":{"line":151,"column":19}},"151":{"start":{"line":152,"column":0},"end":{"line":152,"column":20}},"152":{"start":{"line":153,"column":0},"end":{"line":153,"column":97}},"153":{"start":{"line":154,"column":0},"end":{"line":154,"column":88}},"154":{"start":{"line":155,"column":0},"end":{"line":155,"column":4}},"155":{"start":{"line":156,"column":0},"end":{"line":156,"column":14}},"156":{"start":{"line":157,"column":0},"end":{"line":157,"column":36}},"157":{"start":{"line":158,"column":0},"end":{"line":158,"column":17}},"158":{"start":{"line":159,"column":0},"end":{"line":159,"column":19}},"159":{"start":{"line":160,"column":0},"end":{"line":160,"column":20}},"160":{"start":{"line":161,"column":0},"end":{"line":161,"column":98}},"161":{"start":{"line":162,"column":0},"end":{"line":162,"column":58}},"162":{"start":{"line":163,"column":0},"end":{"line":163,"column":4}},"163":{"start":{"line":164,"column":0},"end":{"line":164,"column":17}},"164":{"start":{"line":165,"column":0},"end":{"line":165,"column":44}},"165":{"start":{"line":166,"column":0},"end":{"line":166,"column":17}},"166":{"start":{"line":167,"column":0},"end":{"line":167,"column":21}},"167":{"start":{"line":168,"column":0},"end":{"line":168,"column":20}},"168":{"start":{"line":169,"column":0},"end":{"line":169,"column":99}},"169":{"start":{"line":170,"column":0},"end":{"line":170,"column":69}},"170":{"start":{"line":171,"column":0},"end":{"line":171,"column":4}},"171":{"start":{"line":172,"column":0},"end":{"line":172,"column":18}},"172":{"start":{"line":173,"column":0},"end":{"line":173,"column":49}},"173":{"start":{"line":174,"column":0},"end":{"line":174,"column":17}},"174":{"start":{"line":175,"column":0},"end":{"line":175,"column":21}},"175":{"start":{"line":176,"column":0},"end":{"line":176,"column":20}},"176":{"start":{"line":177,"column":0},"end":{"line":177,"column":83}},"177":{"start":{"line":178,"column":0},"end":{"line":178,"column":75}},"178":{"start":{"line":179,"column":0},"end":{"line":179,"column":4}},"179":{"start":{"line":180,"column":0},"end":{"line":180,"column":24}},"180":{"start":{"line":181,"column":0},"end":{"line":181,"column":41}},"181":{"start":{"line":182,"column":0},"end":{"line":182,"column":17}},"182":{"start":{"line":183,"column":0},"end":{"line":183,"column":21}},"183":{"start":{"line":184,"column":0},"end":{"line":184,"column":20}},"184":{"start":{"line":185,"column":0},"end":{"line":185,"column":100}},"185":{"start":{"line":186,"column":0},"end":{"line":186,"column":65}},"186":{"start":{"line":187,"column":0},"end":{"line":187,"column":4}},"187":{"start":{"line":188,"column":0},"end":{"line":188,"column":18}},"188":{"start":{"line":189,"column":0},"end":{"line":189,"column":41}},"189":{"start":{"line":190,"column":0},"end":{"line":190,"column":17}},"190":{"start":{"line":191,"column":0},"end":{"line":191,"column":21}},"191":{"start":{"line":192,"column":0},"end":{"line":192,"column":20}},"192":{"start":{"line":193,"column":0},"end":{"line":193,"column":94}},"193":{"start":{"line":194,"column":0},"end":{"line":194,"column":81}},"194":{"start":{"line":195,"column":0},"end":{"line":195,"column":4}},"195":{"start":{"line":196,"column":0},"end":{"line":196,"column":21}},"196":{"start":{"line":197,"column":0},"end":{"line":197,"column":38}},"197":{"start":{"line":198,"column":0},"end":{"line":198,"column":17}},"198":{"start":{"line":199,"column":0},"end":{"line":199,"column":18}},"199":{"start":{"line":200,"column":0},"end":{"line":200,"column":20}},"200":{"start":{"line":201,"column":0},"end":{"line":201,"column":93}},"201":{"start":{"line":202,"column":0},"end":{"line":202,"column":71}},"202":{"start":{"line":203,"column":0},"end":{"line":203,"column":4}},"203":{"start":{"line":204,"column":0},"end":{"line":204,"column":16}},"204":{"start":{"line":205,"column":0},"end":{"line":205,"column":42}},"205":{"start":{"line":206,"column":0},"end":{"line":206,"column":17}},"206":{"start":{"line":207,"column":0},"end":{"line":207,"column":21}},"207":{"start":{"line":208,"column":0},"end":{"line":208,"column":20}},"208":{"start":{"line":209,"column":0},"end":{"line":209,"column":101}},"209":{"start":{"line":210,"column":0},"end":{"line":210,"column":76}},"210":{"start":{"line":211,"column":0},"end":{"line":211,"column":4}},"211":{"start":{"line":212,"column":0},"end":{"line":212,"column":17}},"212":{"start":{"line":213,"column":0},"end":{"line":213,"column":34}},"213":{"start":{"line":214,"column":0},"end":{"line":214,"column":17}},"214":{"start":{"line":215,"column":0},"end":{"line":215,"column":21}},"215":{"start":{"line":216,"column":0},"end":{"line":216,"column":20}},"216":{"start":{"line":217,"column":0},"end":{"line":217,"column":79}},"217":{"start":{"line":218,"column":0},"end":{"line":218,"column":65}},"218":{"start":{"line":219,"column":0},"end":{"line":219,"column":4}},"219":{"start":{"line":220,"column":0},"end":{"line":220,"column":13}},"220":{"start":{"line":221,"column":0},"end":{"line":221,"column":38}},"221":{"start":{"line":222,"column":0},"end":{"line":222,"column":16}},"222":{"start":{"line":223,"column":0},"end":{"line":223,"column":18}},"223":{"start":{"line":224,"column":0},"end":{"line":224,"column":20}},"224":{"start":{"line":225,"column":0},"end":{"line":225,"column":91}},"225":{"start":{"line":226,"column":0},"end":{"line":226,"column":66}},"226":{"start":{"line":227,"column":0},"end":{"line":227,"column":4}},"227":{"start":{"line":228,"column":0},"end":{"line":228,"column":11}},"228":{"start":{"line":229,"column":0},"end":{"line":229,"column":40}},"229":{"start":{"line":230,"column":0},"end":{"line":230,"column":16}},"230":{"start":{"line":231,"column":0},"end":{"line":231,"column":21}},"231":{"start":{"line":232,"column":0},"end":{"line":232,"column":20}},"232":{"start":{"line":233,"column":0},"end":{"line":233,"column":94}},"233":{"start":{"line":234,"column":0},"end":{"line":234,"column":74}},"234":{"start":{"line":235,"column":0},"end":{"line":235,"column":4}},"235":{"start":{"line":236,"column":0},"end":{"line":236,"column":14}},"236":{"start":{"line":237,"column":0},"end":{"line":237,"column":45}},"237":{"start":{"line":238,"column":0},"end":{"line":238,"column":16}},"238":{"start":{"line":239,"column":0},"end":{"line":239,"column":21}},"239":{"start":{"line":240,"column":0},"end":{"line":240,"column":20}},"240":{"start":{"line":241,"column":0},"end":{"line":241,"column":90}},"241":{"start":{"line":242,"column":0},"end":{"line":242,"column":77}},"242":{"start":{"line":243,"column":0},"end":{"line":243,"column":4}},"243":{"start":{"line":244,"column":0},"end":{"line":244,"column":11}},"244":{"start":{"line":245,"column":0},"end":{"line":245,"column":33}},"245":{"start":{"line":246,"column":0},"end":{"line":246,"column":16}},"246":{"start":{"line":247,"column":0},"end":{"line":247,"column":18}},"247":{"start":{"line":248,"column":0},"end":{"line":248,"column":20}},"248":{"start":{"line":249,"column":0},"end":{"line":249,"column":84}},"249":{"start":{"line":250,"column":0},"end":{"line":250,"column":58}},"250":{"start":{"line":251,"column":0},"end":{"line":251,"column":4}},"251":{"start":{"line":252,"column":0},"end":{"line":252,"column":10}},"252":{"start":{"line":253,"column":0},"end":{"line":253,"column":53}},"253":{"start":{"line":254,"column":0},"end":{"line":254,"column":16}},"254":{"start":{"line":255,"column":0},"end":{"line":255,"column":21}},"255":{"start":{"line":256,"column":0},"end":{"line":256,"column":20}},"256":{"start":{"line":257,"column":0},"end":{"line":257,"column":63}},"257":{"start":{"line":258,"column":0},"end":{"line":258,"column":78}},"258":{"start":{"line":259,"column":0},"end":{"line":259,"column":4}},"259":{"start":{"line":260,"column":0},"end":{"line":260,"column":2}},"260":{"start":{"line":261,"column":0},"end":{"line":261,"column":0}},"261":{"start":{"line":262,"column":0},"end":{"line":262,"column":71}},"262":{"start":{"line":263,"column":0},"end":{"line":263,"column":9}},"263":{"start":{"line":264,"column":0},"end":{"line":264,"column":12}},"264":{"start":{"line":265,"column":0},"end":{"line":265,"column":10}},"265":{"start":{"line":266,"column":0},"end":{"line":266,"column":15}},"266":{"start":{"line":267,"column":0},"end":{"line":267,"column":2}},"267":{"start":{"line":268,"column":0},"end":{"line":268,"column":0}},"268":{"start":{"line":269,"column":0},"end":{"line":269,"column":107}},"269":{"start":{"line":270,"column":0},"end":{"line":270,"column":62}},"270":{"start":{"line":271,"column":0},"end":{"line":271,"column":92}},"271":{"start":{"line":272,"column":0},"end":{"line":272,"column":22}},"272":{"start":{"line":273,"column":0},"end":{"line":273,"column":36}},"273":{"start":{"line":274,"column":0},"end":{"line":274,"column":32}},"274":{"start":{"line":275,"column":0},"end":{"line":275,"column":36}},"275":{"start":{"line":276,"column":0},"end":{"line":276,"column":48}},"276":{"start":{"line":277,"column":0},"end":{"line":277,"column":46}},"277":{"start":{"line":278,"column":0},"end":{"line":278,"column":40}},"278":{"start":{"line":279,"column":0},"end":{"line":279,"column":4}},"279":{"start":{"line":280,"column":0},"end":{"line":280,"column":43}},"280":{"start":{"line":281,"column":0},"end":{"line":281,"column":25}},"281":{"start":{"line":282,"column":0},"end":{"line":282,"column":23}},"282":{"start":{"line":283,"column":0},"end":{"line":283,"column":62}},"283":{"start":{"line":284,"column":0},"end":{"line":284,"column":79}},"284":{"start":{"line":285,"column":0},"end":{"line":285,"column":120}},"285":{"start":{"line":286,"column":0},"end":{"line":286,"column":114}},"286":{"start":{"line":287,"column":0},"end":{"line":287,"column":49}},"287":{"start":{"line":288,"column":0},"end":{"line":288,"column":24}},"288":{"start":{"line":289,"column":0},"end":{"line":289,"column":108}},"289":{"start":{"line":290,"column":0},"end":{"line":290,"column":31}},"290":{"start":{"line":291,"column":0},"end":{"line":291,"column":17}},"291":{"start":{"line":292,"column":0},"end":{"line":292,"column":65}},"292":{"start":{"line":293,"column":0},"end":{"line":293,"column":0}},"293":{"start":{"line":294,"column":0},"end":{"line":294,"column":10}},"294":{"start":{"line":295,"column":0},"end":{"line":295,"column":51}},"295":{"start":{"line":296,"column":0},"end":{"line":296,"column":42}},"296":{"start":{"line":297,"column":0},"end":{"line":297,"column":11}},"297":{"start":{"line":298,"column":0},"end":{"line":298,"column":63}},"298":{"start":{"line":299,"column":0},"end":{"line":299,"column":14}},"299":{"start":{"line":300,"column":0},"end":{"line":300,"column":27}},"300":{"start":{"line":301,"column":0},"end":{"line":301,"column":18}},"301":{"start":{"line":302,"column":0},"end":{"line":302,"column":94}},"302":{"start":{"line":303,"column":0},"end":{"line":303,"column":10}},"303":{"start":{"line":304,"column":0},"end":{"line":304,"column":13}},"304":{"start":{"line":305,"column":0},"end":{"line":305,"column":12}},"305":{"start":{"line":306,"column":0},"end":{"line":306,"column":35}},"306":{"start":{"line":307,"column":0},"end":{"line":307,"column":22}},"307":{"start":{"line":308,"column":0},"end":{"line":308,"column":37}},"308":{"start":{"line":309,"column":0},"end":{"line":309,"column":17}},"309":{"start":{"line":310,"column":0},"end":{"line":310,"column":131}},"310":{"start":{"line":311,"column":0},"end":{"line":311,"column":117}},"311":{"start":{"line":312,"column":0},"end":{"line":312,"column":101}},"312":{"start":{"line":313,"column":0},"end":{"line":313,"column":8}},"313":{"start":{"line":314,"column":0},"end":{"line":314,"column":6}},"314":{"start":{"line":315,"column":0},"end":{"line":315,"column":4}},"315":{"start":{"line":316,"column":0},"end":{"line":316,"column":1}},"316":{"start":{"line":317,"column":0},"end":{"line":317,"column":0}},"317":{"start":{"line":318,"column":0},"end":{"line":318,"column":70}},"318":{"start":{"line":319,"column":0},"end":{"line":319,"column":0}},"319":{"start":{"line":320,"column":0},"end":{"line":320,"column":69}},"320":{"start":{"line":321,"column":0},"end":{"line":321,"column":146}},"321":{"start":{"line":322,"column":0},"end":{"line":322,"column":24}},"322":{"start":{"line":323,"column":0},"end":{"line":323,"column":0}},"323":{"start":{"line":324,"column":0},"end":{"line":324,"column":87}},"324":{"start":{"line":325,"column":0},"end":{"line":325,"column":47}},"325":{"start":{"line":326,"column":0},"end":{"line":326,"column":48}},"326":{"start":{"line":327,"column":0},"end":{"line":327,"column":70}},"327":{"start":{"line":328,"column":0},"end":{"line":328,"column":0}},"328":{"start":{"line":329,"column":0},"end":{"line":329,"column":11}},"329":{"start":{"line":330,"column":0},"end":{"line":330,"column":26}},"330":{"start":{"line":331,"column":0},"end":{"line":331,"column":13}},"331":{"start":{"line":332,"column":0},"end":{"line":332,"column":26}},"332":{"start":{"line":333,"column":0},"end":{"line":333,"column":76}},"333":{"start":{"line":334,"column":0},"end":{"line":334,"column":95}},"334":{"start":{"line":335,"column":0},"end":{"line":335,"column":17}},"335":{"start":{"line":336,"column":0},"end":{"line":336,"column":16}},"336":{"start":{"line":337,"column":0},"end":{"line":337,"column":73}},"337":{"start":{"line":338,"column":0},"end":{"line":338,"column":53}},"338":{"start":{"line":339,"column":0},"end":{"line":339,"column":22}},"339":{"start":{"line":340,"column":0},"end":{"line":340,"column":24}},"340":{"start":{"line":341,"column":0},"end":{"line":341,"column":5}},"341":{"start":{"line":342,"column":0},"end":{"line":342,"column":1}},"342":{"start":{"line":343,"column":0},"end":{"line":343,"column":0}},"343":{"start":{"line":344,"column":0},"end":{"line":344,"column":49}},"344":{"start":{"line":345,"column":0},"end":{"line":345,"column":42}},"345":{"start":{"line":346,"column":0},"end":{"line":346,"column":47}},"346":{"start":{"line":347,"column":0},"end":{"line":347,"column":118}},"347":{"start":{"line":348,"column":0},"end":{"line":348,"column":0}},"348":{"start":{"line":349,"column":0},"end":{"line":349,"column":10}},"349":{"start":{"line":350,"column":0},"end":{"line":350,"column":39}},"350":{"start":{"line":351,"column":0},"end":{"line":351,"column":13}},"351":{"start":{"line":352,"column":0},"end":{"line":352,"column":26}},"352":{"start":{"line":353,"column":0},"end":{"line":353,"column":13}},"353":{"start":{"line":354,"column":0},"end":{"line":354,"column":48}},"354":{"start":{"line":355,"column":0},"end":{"line":355,"column":23}},"355":{"start":{"line":356,"column":0},"end":{"line":356,"column":38}},"356":{"start":{"line":357,"column":0},"end":{"line":357,"column":48}},"357":{"start":{"line":358,"column":0},"end":{"line":358,"column":30}},"358":{"start":{"line":359,"column":0},"end":{"line":359,"column":35}},"359":{"start":{"line":360,"column":0},"end":{"line":360,"column":24}},"360":{"start":{"line":361,"column":0},"end":{"line":361,"column":4}},"361":{"start":{"line":362,"column":0},"end":{"line":362,"column":1}},"362":{"start":{"line":363,"column":0},"end":{"line":363,"column":0}},"363":{"start":{"line":364,"column":0},"end":{"line":364,"column":82}},"364":{"start":{"line":365,"column":0},"end":{"line":365,"column":24}},"365":{"start":{"line":366,"column":0},"end":{"line":366,"column":0}},"366":{"start":{"line":367,"column":0},"end":{"line":367,"column":53}},"367":{"start":{"line":368,"column":0},"end":{"line":368,"column":71}},"368":{"start":{"line":369,"column":0},"end":{"line":369,"column":0}},"369":{"start":{"line":370,"column":0},"end":{"line":370,"column":40}},"370":{"start":{"line":371,"column":0},"end":{"line":371,"column":99}},"371":{"start":{"line":372,"column":0},"end":{"line":372,"column":49}},"372":{"start":{"line":373,"column":0},"end":{"line":373,"column":51}},"373":{"start":{"line":374,"column":0},"end":{"line":374,"column":0}},"374":{"start":{"line":375,"column":0},"end":{"line":375,"column":12}},"375":{"start":{"line":376,"column":0},"end":{"line":376,"column":24}},"376":{"start":{"line":377,"column":0},"end":{"line":377,"column":15}},"377":{"start":{"line":378,"column":0},"end":{"line":378,"column":28}},"378":{"start":{"line":379,"column":0},"end":{"line":379,"column":50}},"379":{"start":{"line":380,"column":0},"end":{"line":380,"column":92}},"380":{"start":{"line":381,"column":0},"end":{"line":381,"column":51}},"381":{"start":{"line":382,"column":0},"end":{"line":382,"column":40}},"382":{"start":{"line":383,"column":0},"end":{"line":383,"column":50}},"383":{"start":{"line":384,"column":0},"end":{"line":384,"column":79}},"384":{"start":{"line":385,"column":0},"end":{"line":385,"column":19}},"385":{"start":{"line":386,"column":0},"end":{"line":386,"column":85}},"386":{"start":{"line":387,"column":0},"end":{"line":387,"column":6}},"387":{"start":{"line":388,"column":0},"end":{"line":388,"column":5}},"388":{"start":{"line":389,"column":0},"end":{"line":389,"column":1}},"389":{"start":{"line":390,"column":0},"end":{"line":390,"column":0}},"390":{"start":{"line":391,"column":0},"end":{"line":391,"column":100}},"391":{"start":{"line":392,"column":0},"end":{"line":392,"column":30}},"392":{"start":{"line":393,"column":0},"end":{"line":393,"column":0}},"393":{"start":{"line":394,"column":0},"end":{"line":394,"column":58}},"394":{"start":{"line":395,"column":0},"end":{"line":395,"column":68}},"395":{"start":{"line":396,"column":0},"end":{"line":396,"column":21}},"396":{"start":{"line":397,"column":0},"end":{"line":397,"column":34}},"397":{"start":{"line":398,"column":0},"end":{"line":398,"column":30}},"398":{"start":{"line":399,"column":0},"end":{"line":399,"column":38}},"399":{"start":{"line":400,"column":0},"end":{"line":400,"column":127}},"400":{"start":{"line":401,"column":0},"end":{"line":401,"column":0}},"401":{"start":{"line":402,"column":0},"end":{"line":402,"column":30}},"402":{"start":{"line":403,"column":0},"end":{"line":403,"column":0}},"403":{"start":{"line":404,"column":0},"end":{"line":404,"column":54}},"404":{"start":{"line":405,"column":0},"end":{"line":405,"column":68}},"405":{"start":{"line":406,"column":0},"end":{"line":406,"column":84}},"406":{"start":{"line":407,"column":0},"end":{"line":407,"column":80}},"407":{"start":{"line":408,"column":0},"end":{"line":408,"column":14}},"408":{"start":{"line":409,"column":0},"end":{"line":409,"column":46}},"409":{"start":{"line":410,"column":0},"end":{"line":410,"column":14}},"410":{"start":{"line":411,"column":0},"end":{"line":411,"column":17}},"411":{"start":{"line":412,"column":0},"end":{"line":412,"column":49}},"412":{"start":{"line":413,"column":0},"end":{"line":413,"column":0}},"413":{"start":{"line":414,"column":0},"end":{"line":414,"column":11}},"414":{"start":{"line":415,"column":0},"end":{"line":415,"column":46}},"415":{"start":{"line":416,"column":0},"end":{"line":416,"column":28}},"416":{"start":{"line":417,"column":0},"end":{"line":417,"column":26}},"417":{"start":{"line":418,"column":0},"end":{"line":418,"column":13}},"418":{"start":{"line":419,"column":0},"end":{"line":419,"column":39}},"419":{"start":{"line":420,"column":0},"end":{"line":420,"column":61}},"420":{"start":{"line":421,"column":0},"end":{"line":421,"column":39}},"421":{"start":{"line":422,"column":0},"end":{"line":422,"column":55}},"422":{"start":{"line":423,"column":0},"end":{"line":423,"column":67}},"423":{"start":{"line":424,"column":0},"end":{"line":424,"column":74}},"424":{"start":{"line":425,"column":0},"end":{"line":425,"column":38}},"425":{"start":{"line":426,"column":0},"end":{"line":426,"column":48}},"426":{"start":{"line":427,"column":0},"end":{"line":427,"column":30}},"427":{"start":{"line":428,"column":0},"end":{"line":428,"column":38}},"428":{"start":{"line":429,"column":0},"end":{"line":429,"column":24}},"429":{"start":{"line":430,"column":0},"end":{"line":430,"column":5}},"430":{"start":{"line":431,"column":0},"end":{"line":431,"column":1}},"431":{"start":{"line":432,"column":0},"end":{"line":432,"column":0}},"432":{"start":{"line":433,"column":0},"end":{"line":433,"column":97}},"433":{"start":{"line":434,"column":0},"end":{"line":434,"column":29}},"434":{"start":{"line":435,"column":0},"end":{"line":435,"column":0}},"435":{"start":{"line":436,"column":0},"end":{"line":436,"column":88}},"436":{"start":{"line":437,"column":0},"end":{"line":437,"column":114}},"437":{"start":{"line":438,"column":0},"end":{"line":438,"column":65}},"438":{"start":{"line":439,"column":0},"end":{"line":439,"column":47}},"439":{"start":{"line":440,"column":0},"end":{"line":440,"column":130}},"440":{"start":{"line":441,"column":0},"end":{"line":441,"column":0}},"441":{"start":{"line":442,"column":0},"end":{"line":442,"column":24}},"442":{"start":{"line":443,"column":0},"end":{"line":443,"column":0}},"443":{"start":{"line":444,"column":0},"end":{"line":444,"column":48}},"444":{"start":{"line":445,"column":0},"end":{"line":445,"column":0}},"445":{"start":{"line":446,"column":0},"end":{"line":446,"column":11}},"446":{"start":{"line":447,"column":0},"end":{"line":447,"column":29}},"447":{"start":{"line":448,"column":0},"end":{"line":448,"column":27}},"448":{"start":{"line":449,"column":0},"end":{"line":449,"column":26}},"449":{"start":{"line":450,"column":0},"end":{"line":450,"column":89}},"450":{"start":{"line":451,"column":0},"end":{"line":451,"column":19}},"451":{"start":{"line":452,"column":0},"end":{"line":452,"column":50}},"452":{"start":{"line":453,"column":0},"end":{"line":453,"column":68}},"453":{"start":{"line":454,"column":0},"end":{"line":454,"column":108}},"454":{"start":{"line":455,"column":0},"end":{"line":455,"column":38}},"455":{"start":{"line":456,"column":0},"end":{"line":456,"column":48}},"456":{"start":{"line":457,"column":0},"end":{"line":457,"column":30}},"457":{"start":{"line":458,"column":0},"end":{"line":458,"column":27}},"458":{"start":{"line":459,"column":0},"end":{"line":459,"column":24}},"459":{"start":{"line":460,"column":0},"end":{"line":460,"column":5}},"460":{"start":{"line":461,"column":0},"end":{"line":461,"column":1}},"461":{"start":{"line":462,"column":0},"end":{"line":462,"column":0}},"462":{"start":{"line":463,"column":0},"end":{"line":463,"column":88}},"463":{"start":{"line":464,"column":0},"end":{"line":464,"column":26}},"464":{"start":{"line":465,"column":0},"end":{"line":465,"column":0}},"465":{"start":{"line":466,"column":0},"end":{"line":466,"column":60}},"466":{"start":{"line":467,"column":0},"end":{"line":467,"column":62}},"467":{"start":{"line":468,"column":0},"end":{"line":468,"column":72}},"468":{"start":{"line":469,"column":0},"end":{"line":469,"column":73}},"469":{"start":{"line":470,"column":0},"end":{"line":470,"column":0}},"470":{"start":{"line":471,"column":0},"end":{"line":471,"column":96}},"471":{"start":{"line":472,"column":0},"end":{"line":472,"column":0}},"472":{"start":{"line":473,"column":0},"end":{"line":473,"column":116}},"473":{"start":{"line":474,"column":0},"end":{"line":474,"column":47}},"474":{"start":{"line":475,"column":0},"end":{"line":475,"column":0}},"475":{"start":{"line":476,"column":0},"end":{"line":476,"column":11}},"476":{"start":{"line":477,"column":0},"end":{"line":477,"column":30}},"477":{"start":{"line":478,"column":0},"end":{"line":478,"column":13}},"478":{"start":{"line":479,"column":0},"end":{"line":479,"column":26}},"479":{"start":{"line":480,"column":0},"end":{"line":480,"column":72}},"480":{"start":{"line":481,"column":0},"end":{"line":481,"column":47}},"481":{"start":{"line":482,"column":0},"end":{"line":482,"column":56}},"482":{"start":{"line":483,"column":0},"end":{"line":483,"column":65}},"483":{"start":{"line":484,"column":0},"end":{"line":484,"column":50}},"484":{"start":{"line":485,"column":0},"end":{"line":485,"column":38}},"485":{"start":{"line":486,"column":0},"end":{"line":486,"column":48}},"486":{"start":{"line":487,"column":0},"end":{"line":487,"column":30}},"487":{"start":{"line":488,"column":0},"end":{"line":488,"column":23}},"488":{"start":{"line":489,"column":0},"end":{"line":489,"column":24}},"489":{"start":{"line":490,"column":0},"end":{"line":490,"column":5}},"490":{"start":{"line":491,"column":0},"end":{"line":491,"column":1}},"491":{"start":{"line":492,"column":0},"end":{"line":492,"column":0}},"492":{"start":{"line":493,"column":0},"end":{"line":493,"column":64}},"493":{"start":{"line":494,"column":0},"end":{"line":494,"column":68}},"494":{"start":{"line":495,"column":0},"end":{"line":495,"column":0}},"495":{"start":{"line":496,"column":0},"end":{"line":496,"column":39}},"496":{"start":{"line":497,"column":0},"end":{"line":497,"column":52}},"497":{"start":{"line":498,"column":0},"end":{"line":498,"column":0}},"498":{"start":{"line":499,"column":0},"end":{"line":499,"column":20}},"499":{"start":{"line":500,"column":0},"end":{"line":500,"column":48}},"500":{"start":{"line":501,"column":0},"end":{"line":501,"column":15}},"501":{"start":{"line":502,"column":0},"end":{"line":502,"column":5}},"502":{"start":{"line":503,"column":0},"end":{"line":503,"column":0}},"503":{"start":{"line":504,"column":0},"end":{"line":504,"column":36}},"504":{"start":{"line":505,"column":0},"end":{"line":505,"column":18}},"505":{"start":{"line":506,"column":0},"end":{"line":506,"column":72}},"506":{"start":{"line":507,"column":0},"end":{"line":507,"column":116}},"507":{"start":{"line":508,"column":0},"end":{"line":508,"column":81}},"508":{"start":{"line":509,"column":0},"end":{"line":509,"column":73}},"509":{"start":{"line":510,"column":0},"end":{"line":510,"column":94}},"510":{"start":{"line":511,"column":0},"end":{"line":511,"column":67}},"511":{"start":{"line":512,"column":0},"end":{"line":512,"column":74}},"512":{"start":{"line":513,"column":0},"end":{"line":513,"column":68}},"513":{"start":{"line":514,"column":0},"end":{"line":514,"column":7}},"514":{"start":{"line":515,"column":0},"end":{"line":515,"column":3}},"515":{"start":{"line":516,"column":0},"end":{"line":516,"column":0}},"516":{"start":{"line":517,"column":0},"end":{"line":517,"column":37}},"517":{"start":{"line":518,"column":0},"end":{"line":518,"column":1}},"518":{"start":{"line":519,"column":0},"end":{"line":519,"column":0}},"519":{"start":{"line":520,"column":0},"end":{"line":520,"column":74}},"520":{"start":{"line":521,"column":0},"end":{"line":521,"column":57}},"521":{"start":{"line":522,"column":0},"end":{"line":522,"column":116}},"522":{"start":{"line":523,"column":0},"end":{"line":523,"column":154}},"523":{"start":{"line":524,"column":0},"end":{"line":524,"column":0}},"524":{"start":{"line":525,"column":0},"end":{"line":525,"column":10}},"525":{"start":{"line":526,"column":0},"end":{"line":526,"column":42}},"526":{"start":{"line":527,"column":0},"end":{"line":527,"column":33}},"527":{"start":{"line":528,"column":0},"end":{"line":528,"column":27}},"528":{"start":{"line":529,"column":0},"end":{"line":529,"column":16}},"529":{"start":{"line":530,"column":0},"end":{"line":530,"column":33}},"530":{"start":{"line":531,"column":0},"end":{"line":531,"column":78}},"531":{"start":{"line":532,"column":0},"end":{"line":532,"column":17}},"532":{"start":{"line":533,"column":0},"end":{"line":533,"column":39}},"533":{"start":{"line":534,"column":0},"end":{"line":534,"column":18}},"534":{"start":{"line":535,"column":0},"end":{"line":535,"column":18}},"535":{"start":{"line":536,"column":0},"end":{"line":536,"column":22}},"536":{"start":{"line":537,"column":0},"end":{"line":537,"column":28}},"537":{"start":{"line":538,"column":0},"end":{"line":538,"column":29}},"538":{"start":{"line":539,"column":0},"end":{"line":539,"column":57}},"539":{"start":{"line":540,"column":0},"end":{"line":540,"column":39}},"540":{"start":{"line":541,"column":0},"end":{"line":541,"column":61}},"541":{"start":{"line":542,"column":0},"end":{"line":542,"column":14}},"542":{"start":{"line":543,"column":0},"end":{"line":543,"column":43}},"543":{"start":{"line":544,"column":0},"end":{"line":544,"column":41}},"544":{"start":{"line":545,"column":0},"end":{"line":545,"column":30}},"545":{"start":{"line":546,"column":0},"end":{"line":546,"column":6}},"546":{"start":{"line":547,"column":0},"end":{"line":547,"column":4}},"547":{"start":{"line":548,"column":0},"end":{"line":548,"column":1}},"548":{"start":{"line":549,"column":0},"end":{"line":549,"column":0}},"549":{"start":{"line":550,"column":0},"end":{"line":550,"column":88}},"550":{"start":{"line":551,"column":0},"end":{"line":551,"column":73}},"551":{"start":{"line":552,"column":0},"end":{"line":552,"column":44}},"552":{"start":{"line":553,"column":0},"end":{"line":553,"column":0}},"553":{"start":{"line":554,"column":0},"end":{"line":554,"column":69}},"554":{"start":{"line":555,"column":0},"end":{"line":555,"column":40}},"555":{"start":{"line":556,"column":0},"end":{"line":556,"column":0}},"556":{"start":{"line":557,"column":0},"end":{"line":557,"column":89}},"557":{"start":{"line":558,"column":0},"end":{"line":558,"column":48}},"558":{"start":{"line":559,"column":0},"end":{"line":559,"column":0}},"559":{"start":{"line":560,"column":0},"end":{"line":560,"column":68}},"560":{"start":{"line":561,"column":0},"end":{"line":561,"column":1}},"561":{"start":{"line":562,"column":0},"end":{"line":562,"column":0}},"562":{"start":{"line":563,"column":0},"end":{"line":563,"column":26}},"563":{"start":{"line":564,"column":0},"end":{"line":564,"column":36}},"564":{"start":{"line":565,"column":0},"end":{"line":565,"column":40}},"565":{"start":{"line":566,"column":0},"end":{"line":566,"column":41}},"566":{"start":{"line":567,"column":0},"end":{"line":567,"column":46}},"567":{"start":{"line":568,"column":0},"end":{"line":568,"column":55}},"568":{"start":{"line":569,"column":0},"end":{"line":569,"column":118}},"569":{"start":{"line":570,"column":0},"end":{"line":570,"column":21}},"570":{"start":{"line":571,"column":0},"end":{"line":571,"column":3}},"571":{"start":{"line":572,"column":0},"end":{"line":572,"column":113}},"572":{"start":{"line":573,"column":0},"end":{"line":573,"column":20}},"573":{"start":{"line":574,"column":0},"end":{"line":574,"column":3}},"574":{"start":{"line":575,"column":0},"end":{"line":575,"column":16}},"575":{"start":{"line":576,"column":0},"end":{"line":576,"column":1}},"576":{"start":{"line":577,"column":0},"end":{"line":577,"column":0}},"577":{"start":{"line":578,"column":0},"end":{"line":578,"column":132}},"578":{"start":{"line":579,"column":0},"end":{"line":579,"column":36}},"579":{"start":{"line":580,"column":0},"end":{"line":580,"column":43}},"580":{"start":{"line":581,"column":0},"end":{"line":581,"column":41}},"581":{"start":{"line":582,"column":0},"end":{"line":582,"column":17}},"582":{"start":{"line":583,"column":0},"end":{"line":583,"column":1}},"583":{"start":{"line":584,"column":0},"end":{"line":584,"column":0}},"584":{"start":{"line":585,"column":0},"end":{"line":585,"column":106}},"585":{"start":{"line":586,"column":0},"end":{"line":586,"column":73}},"586":{"start":{"line":587,"column":0},"end":{"line":587,"column":25}},"587":{"start":{"line":588,"column":0},"end":{"line":588,"column":151}},"588":{"start":{"line":589,"column":0},"end":{"line":589,"column":1}},"589":{"start":{"line":590,"column":0},"end":{"line":590,"column":0}},"590":{"start":{"line":591,"column":0},"end":{"line":591,"column":61}},"591":{"start":{"line":592,"column":0},"end":{"line":592,"column":36}},"592":{"start":{"line":593,"column":0},"end":{"line":593,"column":99}},"593":{"start":{"line":594,"column":0},"end":{"line":594,"column":94}},"594":{"start":{"line":595,"column":0},"end":{"line":595,"column":91}},"595":{"start":{"line":596,"column":0},"end":{"line":596,"column":85}},"596":{"start":{"line":597,"column":0},"end":{"line":597,"column":169}},"597":{"start":{"line":598,"column":0},"end":{"line":598,"column":81}},"598":{"start":{"line":599,"column":0},"end":{"line":599,"column":92}},"599":{"start":{"line":600,"column":0},"end":{"line":600,"column":119}},"600":{"start":{"line":601,"column":0},"end":{"line":601,"column":128}},"601":{"start":{"line":602,"column":0},"end":{"line":602,"column":100}},"602":{"start":{"line":603,"column":0},"end":{"line":603,"column":70}},"603":{"start":{"line":604,"column":0},"end":{"line":604,"column":1}},"604":{"start":{"line":605,"column":0},"end":{"line":605,"column":0}},"605":{"start":{"line":606,"column":0},"end":{"line":606,"column":72}},"606":{"start":{"line":607,"column":0},"end":{"line":607,"column":37}},"607":{"start":{"line":608,"column":0},"end":{"line":608,"column":57}},"608":{"start":{"line":609,"column":0},"end":{"line":609,"column":83}},"609":{"start":{"line":610,"column":0},"end":{"line":610,"column":53}},"610":{"start":{"line":611,"column":0},"end":{"line":611,"column":86}},"611":{"start":{"line":612,"column":0},"end":{"line":612,"column":122}},"612":{"start":{"line":613,"column":0},"end":{"line":613,"column":91}},"613":{"start":{"line":614,"column":0},"end":{"line":614,"column":120}},"614":{"start":{"line":615,"column":0},"end":{"line":615,"column":111}},"615":{"start":{"line":616,"column":0},"end":{"line":616,"column":125}},"616":{"start":{"line":617,"column":0},"end":{"line":617,"column":88}},"617":{"start":{"line":618,"column":0},"end":{"line":618,"column":80}},"618":{"start":{"line":619,"column":0},"end":{"line":619,"column":47}},"619":{"start":{"line":620,"column":0},"end":{"line":620,"column":82}},"620":{"start":{"line":621,"column":0},"end":{"line":621,"column":47}},"621":{"start":{"line":622,"column":0},"end":{"line":622,"column":17}},"622":{"start":{"line":623,"column":0},"end":{"line":623,"column":1}},"623":{"start":{"line":624,"column":0},"end":{"line":624,"column":0}},"624":{"start":{"line":625,"column":0},"end":{"line":625,"column":75}},"625":{"start":{"line":626,"column":0},"end":{"line":626,"column":49}},"626":{"start":{"line":627,"column":0},"end":{"line":627,"column":45}},"627":{"start":{"line":628,"column":0},"end":{"line":628,"column":55}},"628":{"start":{"line":629,"column":0},"end":{"line":629,"column":54}},"629":{"start":{"line":630,"column":0},"end":{"line":630,"column":18}},"630":{"start":{"line":631,"column":0},"end":{"line":631,"column":1}},"631":{"start":{"line":632,"column":0},"end":{"line":632,"column":0}},"632":{"start":{"line":633,"column":0},"end":{"line":633,"column":96}},"633":{"start":{"line":634,"column":0},"end":{"line":634,"column":37}},"634":{"start":{"line":635,"column":0},"end":{"line":635,"column":33}},"635":{"start":{"line":636,"column":0},"end":{"line":636,"column":39}},"636":{"start":{"line":637,"column":0},"end":{"line":637,"column":35}},"637":{"start":{"line":638,"column":0},"end":{"line":638,"column":35}},"638":{"start":{"line":639,"column":0},"end":{"line":639,"column":15}},"639":{"start":{"line":640,"column":0},"end":{"line":640,"column":1}},"640":{"start":{"line":641,"column":0},"end":{"line":641,"column":0}},"641":{"start":{"line":642,"column":0},"end":{"line":642,"column":100}},"642":{"start":{"line":643,"column":0},"end":{"line":643,"column":71}},"643":{"start":{"line":644,"column":0},"end":{"line":644,"column":1}},"644":{"start":{"line":645,"column":0},"end":{"line":645,"column":0}},"645":{"start":{"line":646,"column":0},"end":{"line":646,"column":67}},"646":{"start":{"line":647,"column":0},"end":{"line":647,"column":33}},"647":{"start":{"line":648,"column":0},"end":{"line":648,"column":33}},"648":{"start":{"line":649,"column":0},"end":{"line":649,"column":31}},"649":{"start":{"line":650,"column":0},"end":{"line":650,"column":1}},"650":{"start":{"line":651,"column":0},"end":{"line":651,"column":0}},"651":{"start":{"line":652,"column":0},"end":{"line":652,"column":63}},"652":{"start":{"line":653,"column":0},"end":{"line":653,"column":58}},"653":{"start":{"line":654,"column":0},"end":{"line":654,"column":1}},"654":{"start":{"line":655,"column":0},"end":{"line":655,"column":0}},"655":{"start":{"line":656,"column":0},"end":{"line":656,"column":75}},"656":{"start":{"line":657,"column":0},"end":{"line":657,"column":37}},"657":{"start":{"line":658,"column":0},"end":{"line":658,"column":36}},"658":{"start":{"line":659,"column":0},"end":{"line":659,"column":11}},"659":{"start":{"line":660,"column":0},"end":{"line":660,"column":1}},"660":{"start":{"line":661,"column":0},"end":{"line":661,"column":0}},"661":{"start":{"line":662,"column":0},"end":{"line":662,"column":41}},"662":{"start":{"line":663,"column":0},"end":{"line":663,"column":22}},"663":{"start":{"line":664,"column":0},"end":{"line":664,"column":11}},"664":{"start":{"line":665,"column":0},"end":{"line":665,"column":18}},"665":{"start":{"line":666,"column":0},"end":{"line":666,"column":33}},"666":{"start":{"line":667,"column":0},"end":{"line":667,"column":1}},"667":{"start":{"line":668,"column":0},"end":{"line":668,"column":0}},"668":{"start":{"line":669,"column":0},"end":{"line":669,"column":39}},"669":{"start":{"line":670,"column":0},"end":{"line":670,"column":26}},"670":{"start":{"line":671,"column":0},"end":{"line":671,"column":46}},"671":{"start":{"line":672,"column":0},"end":{"line":672,"column":1}},"672":{"start":{"line":673,"column":0},"end":{"line":673,"column":0}},"673":{"start":{"line":674,"column":0},"end":{"line":674,"column":35}},"674":{"start":{"line":675,"column":0},"end":{"line":675,"column":53}},"675":{"start":{"line":676,"column":0},"end":{"line":676,"column":1}},"676":{"start":{"line":677,"column":0},"end":{"line":677,"column":0}},"677":{"start":{"line":678,"column":0},"end":{"line":678,"column":58}}},"s":{"0":1,"1":1,"2":1,"3":1,"4":1,"5":1,"6":1,"7":1,"8":1,"9":1,"10":1,"11":1,"12":1,"13":1,"14":1,"15":1,"16":1,"17":1,"18":1,"19":1,"20":1,"21":1,"22":1,"23":1,"24":1,"25":1,"26":1,"27":1,"28":1,"29":1,"30":1,"31":1,"32":1,"33":1,"34":1,"35":1,"36":1,"37":1,"38":1,"39":1,"40":1,"41":1,"42":1,"43":1,"44":1,"45":1,"46":1,"47":1,"48":1,"49":1,"50":1,"51":1,"52":1,"53":1,"54":1,"55":1,"56":1,"57":1,"58":1,"59":1,"60":1,"61":1,"62":1,"63":1,"64":1,"65":1,"66":1,"67":1,"68":1,"69":1,"70":1,"71":1,"72":1,"73":1,"74":1,"75":1,"76":1,"77":1,"78":1,"79":1,"80":1,"81":1,"82":1,"83":1,"84":1,"85":1,"86":1,"87":1,"88":1,"89":1,"90":1,"91":1,"92":1,"93":1,"94":1,"95":1,"96":1,"97":1,"98":1,"99":1,"100":1,"101":1,"102":1,"103":1,"104":1,"105":1,"106":1,"107":1,"108":1,"109":1,"110":1,"111":1,"112":1,"113":1,"114":1,"115":1,"116":1,"117":1,"118":1,"119":1,"120":1,"121":1,"122":1,"123":1,"124":1,"125":1,"126":1,"127":1,"128":1,"129":1,"130":1,"131":1,"132":1,"133":1,"134":1,"135":1,"136":1,"137":1,"138":1,"139":1,"140":1,"141":1,"142":1,"143":1,"144":1,"145":1,"146":1,"147":1,"148":1,"149":1,"150":1,"151":1,"152":1,"153":1,"154":1,"155":1,"156":1,"157":1,"158":1,"159":1,"160":1,"161":1,"162":1,"163":1,"164":1,"165":1,"166":1,"167":1,"168":1,"169":1,"170":1,"171":1,"172":1,"173":1,"174":1,"175":1,"176":1,"177":1,"178":1,"179":1,"180":1,"181":1,"182":1,"183":1,"184":1,"185":1,"186":1,"187":1,"188":1,"189":1,"190":1,"191":1,"192":1,"193":1,"194":1,"195":1,"196":1,"197":1,"198":1,"199":1,"200":1,"201":1,"202":1,"203":1,"204":1,"205":1,"206":1,"207":1,"208":1,"209":1,"210":1,"211":1,"212":1,"213":1,"214":1,"215":1,"216":1,"217":1,"218":1,"219":1,"220":1,"221":1,"222":1,"223":1,"224":1,"225":1,"226":1,"227":1,"228":1,"229":1,"230":1,"231":1,"232":1,"233":1,"234":1,"235":1,"236":1,"237":1,"238":1,"239":1,"240":1,"241":1,"242":1,"243":1,"244":1,"245":1,"246":1,"247":1,"248":1,"249":1,"250":1,"251":1,"252":1,"253":1,"254":1,"255":1,"256":1,"257":1,"258":1,"259":1,"260":1,"261":1,"262":1,"263":1,"264":1,"265":1,"266":1,"267":1,"268":1,"269":63,"270":63,"271":63,"272":63,"273":63,"274":63,"275":63,"276":63,"277":63,"278":63,"279":63,"280":63,"281":63,"282":63,"283":63,"284":63,"285":63,"286":63,"287":63,"288":63,"289":63,"290":63,"291":63,"292":63,"293":63,"294":63,"295":63,"296":63,"297":63,"298":63,"299":63,"300":63,"301":63,"302":63,"303":63,"304":63,"305":63,"306":63,"307":63,"308":63,"309":63,"310":63,"311":63,"312":63,"313":63,"314":63,"315":63,"316":1,"317":1,"318":1,"319":525,"320":525,"321":525,"322":525,"323":525,"324":525,"325":525,"326":525,"327":525,"328":525,"329":525,"330":525,"331":525,"332":525,"333":525,"334":525,"335":525,"336":525,"337":525,"338":525,"339":525,"340":525,"341":525,"342":1,"343":84,"344":84,"345":84,"346":84,"347":84,"348":84,"349":84,"350":84,"351":84,"352":84,"353":84,"354":84,"355":84,"356":84,"357":84,"358":84,"359":84,"360":84,"361":84,"362":1,"363":63,"364":63,"365":57,"366":63,"367":63,"368":63,"369":63,"370":73,"371":73,"372":73,"373":73,"374":73,"375":73,"376":73,"377":73,"378":73,"379":73,"380":73,"381":73,"382":73,"383":73,"384":73,"385":73,"386":73,"387":63,"388":63,"389":1,"390":63,"391":63,"392":63,"393":63,"394":63,"395":63,"396":63,"397":53,"398":48,"399":45,"400":63,"401":63,"402":63,"403":63,"404":15,"405":63,"406":63,"407":3,"408":12,"409":8,"410":4,"411":63,"412":63,"413":63,"414":63,"415":63,"416":63,"417":63,"418":63,"419":5,"420":10,"421":3,"422":7,"423":63,"424":63,"425":63,"426":63,"427":63,"428":63,"429":63,"430":63,"431":1,"432":63,"433":63,"434":63,"435":63,"436":63,"437":63,"438":63,"439":63,"440":63,"441":63,"442":63,"443":63,"444":9,"445":9,"446":9,"447":9,"448":9,"449":63,"450":63,"451":3,"452":6,"453":63,"454":63,"455":63,"456":63,"457":63,"458":63,"459":63,"460":63,"461":1,"462":63,"463":63,"464":63,"465":63,"466":56,"467":63,"468":63,"469":63,"470":63,"471":63,"472":63,"473":63,"474":63,"475":63,"476":63,"477":63,"478":63,"479":63,"480":63,"481":32,"482":2,"483":63,"484":63,"485":63,"486":63,"487":63,"488":63,"489":63,"490":63,"491":1,"492":63,"493":63,"494":63,"495":63,"496":302,"497":302,"498":302,"499":156,"500":156,"501":156,"502":302,"503":302,"504":146,"505":146,"506":302,"507":302,"508":302,"509":302,"510":302,"511":302,"512":302,"513":302,"514":302,"515":63,"516":63,"517":63,"518":1,"519":156,"520":156,"521":156,"522":156,"523":156,"524":156,"525":156,"526":156,"527":156,"528":156,"529":156,"530":156,"531":116,"532":40,"533":37,"534":3,"535":156,"536":156,"537":156,"538":156,"539":156,"540":156,"541":156,"542":156,"543":156,"544":156,"545":156,"546":156,"547":156,"548":1,"549":202,"550":202,"551":202,"552":202,"553":202,"554":202,"555":202,"556":202,"557":202,"558":202,"559":202,"560":202,"561":1,"562":63,"563":63,"564":63,"565":63,"566":63,"567":63,"568":63,"569":34,"570":34,"571":63,"572":4,"573":4,"574":60,"575":63,"576":1,"577":63,"578":63,"579":63,"580":63,"581":12,"582":63,"583":1,"584":63,"585":63,"586":63,"587":41,"588":63,"589":1,"590":84,"591":84,"592":84,"593":84,"594":84,"595":84,"596":84,"597":84,"598":84,"599":84,"600":84,"601":84,"602":84,"603":84,"604":1,"605":160,"606":160,"607":160,"608":160,"609":160,"610":160,"611":160,"612":160,"613":160,"614":160,"615":160,"616":160,"617":160,"618":160,"619":160,"620":129,"621":129,"622":160,"623":1,"624":160,"625":160,"626":160,"627":160,"628":160,"629":160,"630":160,"631":1,"632":82,"633":82,"634":82,"635":82,"636":82,"637":82,"638":82,"639":82,"640":1,"641":146,"642":146,"643":146,"644":1,"645":146,"646":146,"647":146,"648":146,"649":146,"650":1,"651":56,"652":56,"653":56,"654":1,"655":404,"656":404,"657":404,"658":404,"659":404,"660":1,"661":731,"662":731,"663":731,"664":731,"665":731,"666":731,"667":1,"668":342,"669":342,"670":342,"671":342,"672":1,"673":750,"674":750,"675":750,"676":1,"677":1},"branchMap":{"0":{"type":"branch","line":678,"loc":{"start":{"line":678,"column":14},"end":{"line":678,"column":15}},"locations":[{"start":{"line":678,"column":14},"end":{"line":678,"column":15}}]},"1":{"type":"branch","line":1,"loc":{"start":{"line":1,"column":0},"end":{"line":1,"column":31}},"locations":[{"start":{"line":1,"column":0},"end":{"line":1,"column":31}}]},"2":{"type":"branch","line":1,"loc":{"start":{"line":1,"column":0},"end":{"line":1,"column":31}},"locations":[{"start":{"line":1,"column":0},"end":{"line":1,"column":31}}]},"3":{"type":"branch","line":1,"loc":{"start":{"line":1,"column":0},"end":{"line":1,"column":31}},"locations":[{"start":{"line":1,"column":0},"end":{"line":1,"column":31}}]},"4":{"type":"branch","line":1,"loc":{"start":{"line":1,"column":0},"end":{"line":1,"column":31}},"locations":[{"start":{"line":1,"column":0},"end":{"line":1,"column":31}}]},"5":{"type":"branch","line":1,"loc":{"start":{"line":1,"column":0},"end":{"line":1,"column":31}},"locations":[{"start":{"line":1,"column":0},"end":{"line":1,"column":31}}]},"6":{"type":"branch","line":1,"loc":{"start":{"line":1,"column":0},"end":{"line":1,"column":31}},"locations":[{"start":{"line":1,"column":0},"end":{"line":1,"column":31}}]},"7":{"type":"branch","line":1,"loc":{"start":{"line":1,"column":0},"end":{"line":1,"column":31}},"locations":[{"start":{"line":1,"column":0},"end":{"line":1,"column":31}}]},"8":{"type":"branch","line":1,"loc":{"start":{"line":1,"column":0},"end":{"line":1,"column":31}},"locations":[{"start":{"line":1,"column":0},"end":{"line":1,"column":31}}]},"9":{"type":"branch","line":1,"loc":{"start":{"line":1,"column":0},"end":{"line":1,"column":31}},"locations":[{"start":{"line":1,"column":0},"end":{"line":1,"column":31}}]},"10":{"type":"branch","line":1,"loc":{"start":{"line":1,"column":0},"end":{"line":1,"column":31}},"locations":[{"start":{"line":1,"column":0},"end":{"line":1,"column":31}}]},"11":{"type":"branch","line":269,"loc":{"start":{"line":269,"column":7},"end":{"line":316,"column":1}},"locations":[{"start":{"line":269,"column":7},"end":{"line":316,"column":1}}]},"12":{"type":"branch","line":270,"loc":{"start":{"line":270,"column":41},"end":{"line":270,"column":62}},"locations":[{"start":{"line":270,"column":41},"end":{"line":270,"column":62}}]},"13":{"type":"branch","line":270,"loc":{"start":{"line":270,"column":51},"end":{"line":270,"column":62}},"locations":[{"start":{"line":270,"column":51},"end":{"line":270,"column":62}}]},"14":{"type":"branch","line":271,"loc":{"start":{"line":271,"column":48},"end":{"line":271,"column":89}},"locations":[{"start":{"line":271,"column":48},"end":{"line":271,"column":89}}]},"15":{"type":"branch","line":271,"loc":{"start":{"line":271,"column":85},"end":{"line":271,"column":92}},"locations":[{"start":{"line":271,"column":85},"end":{"line":271,"column":92}}]},"16":{"type":"branch","line":286,"loc":{"start":{"line":286,"column":54},"end":{"line":286,"column":80}},"locations":[{"start":{"line":286,"column":54},"end":{"line":286,"column":80}}]},"17":{"type":"branch","line":286,"loc":{"start":{"line":286,"column":86},"end":{"line":286,"column":112}},"locations":[{"start":{"line":286,"column":86},"end":{"line":286,"column":112}}]},"18":{"type":"branch","line":292,"loc":{"start":{"line":292,"column":27},"end":{"line":292,"column":39}},"locations":[{"start":{"line":292,"column":27},"end":{"line":292,"column":39}}]},"19":{"type":"branch","line":292,"loc":{"start":{"line":292,"column":30},"end":{"line":292,"column":65}},"locations":[{"start":{"line":292,"column":30},"end":{"line":292,"column":65}}]},"20":{"type":"branch","line":302,"loc":{"start":{"line":302,"column":14},"end":{"line":302,"column":37}},"locations":[{"start":{"line":302,"column":14},"end":{"line":302,"column":37}}]},"21":{"type":"branch","line":302,"loc":{"start":{"line":302,"column":23},"end":{"line":302,"column":90}},"locations":[{"start":{"line":302,"column":23},"end":{"line":302,"column":90}}]},"22":{"type":"branch","line":302,"loc":{"start":{"line":302,"column":86},"end":{"line":302,"column":94}},"locations":[{"start":{"line":302,"column":86},"end":{"line":302,"column":94}}]},"23":{"type":"branch","line":283,"loc":{"start":{"line":283,"column":9},"end":{"line":283,"column":60}},"locations":[{"start":{"line":283,"column":9},"end":{"line":283,"column":60}}]},"24":{"type":"branch","line":284,"loc":{"start":{"line":284,"column":40},"end":{"line":284,"column":70}},"locations":[{"start":{"line":284,"column":40},"end":{"line":284,"column":70}}]},"25":{"type":"branch","line":285,"loc":{"start":{"line":285,"column":70},"end":{"line":285,"column":115}},"locations":[{"start":{"line":285,"column":70},"end":{"line":285,"column":115}}]},"26":{"type":"branch","line":289,"loc":{"start":{"line":289,"column":13},"end":{"line":289,"column":107}},"locations":[{"start":{"line":289,"column":13},"end":{"line":289,"column":107}}]},"27":{"type":"branch","line":289,"loc":{"start":{"line":289,"column":38},"end":{"line":289,"column":107}},"locations":[{"start":{"line":289,"column":38},"end":{"line":289,"column":107}}]},"28":{"type":"branch","line":290,"loc":{"start":{"line":290,"column":10},"end":{"line":290,"column":30}},"locations":[{"start":{"line":290,"column":10},"end":{"line":290,"column":30}}]},"29":{"type":"branch","line":320,"loc":{"start":{"line":320,"column":0},"end":{"line":342,"column":1}},"locations":[{"start":{"line":320,"column":0},"end":{"line":342,"column":1}}]},"30":{"type":"branch","line":321,"loc":{"start":{"line":321,"column":33},"end":{"line":321,"column":146}},"locations":[{"start":{"line":321,"column":33},"end":{"line":321,"column":146}}]},"31":{"type":"branch","line":321,"loc":{"start":{"line":321,"column":79},"end":{"line":321,"column":146}},"locations":[{"start":{"line":321,"column":79},"end":{"line":321,"column":146}}]},"32":{"type":"branch","line":322,"loc":{"start":{"line":322,"column":14},"end":{"line":322,"column":24}},"locations":[{"start":{"line":322,"column":14},"end":{"line":322,"column":24}}]},"33":{"type":"branch","line":324,"loc":{"start":{"line":324,"column":2},"end":{"line":324,"column":36}},"locations":[{"start":{"line":324,"column":2},"end":{"line":324,"column":36}}]},"34":{"type":"branch","line":324,"loc":{"start":{"line":324,"column":24},"end":{"line":324,"column":87}},"locations":[{"start":{"line":324,"column":24},"end":{"line":324,"column":87}}]},"35":{"type":"branch","line":324,"loc":{"start":{"line":324,"column":72},"end":{"line":324,"column":83}},"locations":[{"start":{"line":324,"column":72},"end":{"line":324,"column":83}}]},"36":{"type":"branch","line":333,"loc":{"start":{"line":333,"column":19},"end":{"line":333,"column":76}},"locations":[{"start":{"line":333,"column":19},"end":{"line":333,"column":76}}]},"37":{"type":"branch","line":334,"loc":{"start":{"line":334,"column":17},"end":{"line":334,"column":95}},"locations":[{"start":{"line":334,"column":17},"end":{"line":334,"column":95}}]},"38":{"type":"branch","line":334,"loc":{"start":{"line":334,"column":35},"end":{"line":334,"column":51}},"locations":[{"start":{"line":334,"column":35},"end":{"line":334,"column":51}}]},"39":{"type":"branch","line":337,"loc":{"start":{"line":337,"column":27},"end":{"line":337,"column":73}},"locations":[{"start":{"line":337,"column":27},"end":{"line":337,"column":73}}]},"40":{"type":"branch","line":338,"loc":{"start":{"line":338,"column":18},"end":{"line":338,"column":53}},"locations":[{"start":{"line":338,"column":18},"end":{"line":338,"column":53}}]},"41":{"type":"branch","line":344,"loc":{"start":{"line":344,"column":0},"end":{"line":362,"column":1}},"locations":[{"start":{"line":344,"column":0},"end":{"line":362,"column":1}}]},"42":{"type":"branch","line":347,"loc":{"start":{"line":347,"column":96},"end":{"line":347,"column":109}},"locations":[{"start":{"line":347,"column":96},"end":{"line":347,"column":109}}]},"43":{"type":"branch","line":347,"loc":{"start":{"line":347,"column":100},"end":{"line":347,"column":118}},"locations":[{"start":{"line":347,"column":100},"end":{"line":347,"column":118}}]},"44":{"type":"branch","line":364,"loc":{"start":{"line":364,"column":0},"end":{"line":389,"column":1}},"locations":[{"start":{"line":364,"column":0},"end":{"line":389,"column":1}}]},"45":{"type":"branch","line":365,"loc":{"start":{"line":365,"column":14},"end":{"line":367,"column":49}},"locations":[{"start":{"line":365,"column":14},"end":{"line":367,"column":49}}]},"46":{"type":"branch","line":365,"loc":{"start":{"line":365,"column":14},"end":{"line":365,"column":24}},"locations":[{"start":{"line":365,"column":14},"end":{"line":365,"column":24}}]},"47":{"type":"branch","line":367,"loc":{"start":{"line":367,"column":31},"end":{"line":367,"column":51}},"locations":[{"start":{"line":367,"column":31},"end":{"line":367,"column":51}}]},"48":{"type":"branch","line":368,"loc":{"start":{"line":368,"column":47},"end":{"line":368,"column":68}},"locations":[{"start":{"line":368,"column":47},"end":{"line":368,"column":68}}]},"49":{"type":"branch","line":368,"loc":{"start":{"line":368,"column":57},"end":{"line":368,"column":71}},"locations":[{"start":{"line":368,"column":57},"end":{"line":368,"column":71}}]},"50":{"type":"branch","line":370,"loc":{"start":{"line":370,"column":22},"end":{"line":388,"column":3}},"locations":[{"start":{"line":370,"column":22},"end":{"line":388,"column":3}}]},"51":{"type":"branch","line":371,"loc":{"start":{"line":371,"column":46},"end":{"line":371,"column":54}},"locations":[{"start":{"line":371,"column":46},"end":{"line":371,"column":54}}]},"52":{"type":"branch","line":371,"loc":{"start":{"line":371,"column":63},"end":{"line":371,"column":74}},"locations":[{"start":{"line":371,"column":63},"end":{"line":371,"column":74}}]},"53":{"type":"branch","line":371,"loc":{"start":{"line":371,"column":83},"end":{"line":371,"column":95}},"locations":[{"start":{"line":371,"column":83},"end":{"line":371,"column":95}}]},"54":{"type":"branch","line":373,"loc":{"start":{"line":373,"column":27},"end":{"line":373,"column":49}},"locations":[{"start":{"line":373,"column":27},"end":{"line":373,"column":49}}]},"55":{"type":"branch","line":380,"loc":{"start":{"line":380,"column":19},"end":{"line":380,"column":92}},"locations":[{"start":{"line":380,"column":19},"end":{"line":380,"column":92}}]},"56":{"type":"branch","line":380,"loc":{"start":{"line":380,"column":19},"end":{"line":380,"column":43}},"locations":[{"start":{"line":380,"column":19},"end":{"line":380,"column":43}}]},"57":{"type":"branch","line":380,"loc":{"start":{"line":380,"column":34},"end":{"line":380,"column":92}},"locations":[{"start":{"line":380,"column":34},"end":{"line":380,"column":92}}]},"58":{"type":"branch","line":384,"loc":{"start":{"line":384,"column":20},"end":{"line":384,"column":79}},"locations":[{"start":{"line":384,"column":20},"end":{"line":384,"column":79}}]},"59":{"type":"branch","line":386,"loc":{"start":{"line":386,"column":27},"end":{"line":386,"column":85}},"locations":[{"start":{"line":386,"column":27},"end":{"line":386,"column":85}}]},"60":{"type":"branch","line":391,"loc":{"start":{"line":391,"column":0},"end":{"line":431,"column":1}},"locations":[{"start":{"line":391,"column":0},"end":{"line":431,"column":1}}]},"61":{"type":"branch","line":392,"loc":{"start":{"line":392,"column":20},"end":{"line":392,"column":30}},"locations":[{"start":{"line":392,"column":20},"end":{"line":392,"column":30}}]},"62":{"type":"branch","line":394,"loc":{"start":{"line":394,"column":2},"end":{"line":394,"column":54}},"locations":[{"start":{"line":394,"column":2},"end":{"line":394,"column":54}}]},"63":{"type":"branch","line":394,"loc":{"start":{"line":394,"column":44},"end":{"line":394,"column":56}},"locations":[{"start":{"line":394,"column":44},"end":{"line":394,"column":56}}]},"64":{"type":"branch","line":395,"loc":{"start":{"line":395,"column":32},"end":{"line":395,"column":48}},"locations":[{"start":{"line":395,"column":32},"end":{"line":395,"column":48}}]},"65":{"type":"branch","line":397,"loc":{"start":{"line":397,"column":30},"end":{"line":400,"column":127}},"locations":[{"start":{"line":397,"column":30},"end":{"line":400,"column":127}}]},"66":{"type":"branch","line":397,"loc":{"start":{"line":397,"column":30},"end":{"line":398,"column":30}},"locations":[{"start":{"line":397,"column":30},"end":{"line":398,"column":30}}]},"67":{"type":"branch","line":398,"loc":{"start":{"line":398,"column":26},"end":{"line":399,"column":38}},"locations":[{"start":{"line":398,"column":26},"end":{"line":399,"column":38}}]},"68":{"type":"branch","line":399,"loc":{"start":{"line":399,"column":34},"end":{"line":400,"column":127}},"locations":[{"start":{"line":399,"column":34},"end":{"line":400,"column":127}}]},"69":{"type":"branch","line":402,"loc":{"start":{"line":402,"column":20},"end":{"line":402,"column":30}},"locations":[{"start":{"line":402,"column":20},"end":{"line":402,"column":30}}]},"70":{"type":"branch","line":404,"loc":{"start":{"line":404,"column":2},"end":{"line":406,"column":82}},"locations":[{"start":{"line":404,"column":2},"end":{"line":406,"column":82}}]},"71":{"type":"branch","line":404,"loc":{"start":{"line":404,"column":2},"end":{"line":406,"column":29}},"locations":[{"start":{"line":404,"column":2},"end":{"line":406,"column":29}}]},"72":{"type":"branch","line":406,"loc":{"start":{"line":406,"column":21},"end":{"line":406,"column":82}},"locations":[{"start":{"line":406,"column":21},"end":{"line":406,"column":82}}]},"73":{"type":"branch","line":406,"loc":{"start":{"line":406,"column":78},"end":{"line":406,"column":84}},"locations":[{"start":{"line":406,"column":78},"end":{"line":406,"column":84}}]},"74":{"type":"branch","line":407,"loc":{"start":{"line":407,"column":79},"end":{"line":408,"column":14}},"locations":[{"start":{"line":407,"column":79},"end":{"line":408,"column":14}}]},"75":{"type":"branch","line":408,"loc":{"start":{"line":408,"column":6},"end":{"line":411,"column":17}},"locations":[{"start":{"line":408,"column":6},"end":{"line":411,"column":17}}]},"76":{"type":"branch","line":409,"loc":{"start":{"line":409,"column":13},"end":{"line":409,"column":46}},"locations":[{"start":{"line":409,"column":13},"end":{"line":409,"column":46}}]},"77":{"type":"branch","line":409,"loc":{"start":{"line":409,"column":45},"end":{"line":411,"column":17}},"locations":[{"start":{"line":409,"column":45},"end":{"line":411,"column":17}}]},"78":{"type":"branch","line":409,"loc":{"start":{"line":409,"column":45},"end":{"line":410,"column":14}},"locations":[{"start":{"line":409,"column":45},"end":{"line":410,"column":14}}]},"79":{"type":"branch","line":410,"loc":{"start":{"line":410,"column":8},"end":{"line":411,"column":17}},"locations":[{"start":{"line":410,"column":8},"end":{"line":411,"column":17}}]},"80":{"type":"branch","line":415,"loc":{"start":{"line":415,"column":23},"end":{"line":415,"column":43}},"locations":[{"start":{"line":415,"column":23},"end":{"line":415,"column":43}}]},"81":{"type":"branch","line":419,"loc":{"start":{"line":419,"column":38},"end":{"line":420,"column":61}},"locations":[{"start":{"line":419,"column":38},"end":{"line":420,"column":61}}]},"82":{"type":"branch","line":420,"loc":{"start":{"line":420,"column":8},"end":{"line":423,"column":67}},"locations":[{"start":{"line":420,"column":8},"end":{"line":423,"column":67}}]},"83":{"type":"branch","line":421,"loc":{"start":{"line":421,"column":38},"end":{"line":422,"column":55}},"locations":[{"start":{"line":421,"column":38},"end":{"line":422,"column":55}}]},"84":{"type":"branch","line":422,"loc":{"start":{"line":422,"column":10},"end":{"line":423,"column":67}},"locations":[{"start":{"line":422,"column":10},"end":{"line":423,"column":67}}]},"85":{"type":"branch","line":424,"loc":{"start":{"line":424,"column":43},"end":{"line":424,"column":72}},"locations":[{"start":{"line":424,"column":43},"end":{"line":424,"column":72}}]},"86":{"type":"branch","line":428,"loc":{"start":{"line":428,"column":14},"end":{"line":428,"column":38}},"locations":[{"start":{"line":428,"column":14},"end":{"line":428,"column":38}}]},"87":{"type":"branch","line":400,"loc":{"start":{"line":400,"column":19},"end":{"line":400,"column":125}},"locations":[{"start":{"line":400,"column":19},"end":{"line":400,"column":125}}]},"88":{"type":"branch","line":400,"loc":{"start":{"line":400,"column":96},"end":{"line":400,"column":125}},"locations":[{"start":{"line":400,"column":96},"end":{"line":400,"column":125}}]},"89":{"type":"branch","line":433,"loc":{"start":{"line":433,"column":0},"end":{"line":461,"column":1}},"locations":[{"start":{"line":433,"column":0},"end":{"line":461,"column":1}}]},"90":{"type":"branch","line":434,"loc":{"start":{"line":434,"column":19},"end":{"line":434,"column":29}},"locations":[{"start":{"line":434,"column":19},"end":{"line":434,"column":29}}]},"91":{"type":"branch","line":436,"loc":{"start":{"line":436,"column":2},"end":{"line":436,"column":61}},"locations":[{"start":{"line":436,"column":2},"end":{"line":436,"column":61}}]},"92":{"type":"branch","line":436,"loc":{"start":{"line":436,"column":46},"end":{"line":436,"column":86}},"locations":[{"start":{"line":436,"column":46},"end":{"line":436,"column":86}}]},"93":{"type":"branch","line":437,"loc":{"start":{"line":437,"column":54},"end":{"line":437,"column":112}},"locations":[{"start":{"line":437,"column":54},"end":{"line":437,"column":112}}]},"94":{"type":"branch","line":438,"loc":{"start":{"line":438,"column":47},"end":{"line":438,"column":63}},"locations":[{"start":{"line":438,"column":47},"end":{"line":438,"column":63}}]},"95":{"type":"branch","line":440,"loc":{"start":{"line":440,"column":16},"end":{"line":440,"column":73}},"locations":[{"start":{"line":440,"column":16},"end":{"line":440,"column":73}}]},"96":{"type":"branch","line":440,"loc":{"start":{"line":440,"column":43},"end":{"line":440,"column":73}},"locations":[{"start":{"line":440,"column":43},"end":{"line":440,"column":73}}]},"97":{"type":"branch","line":440,"loc":{"start":{"line":440,"column":65},"end":{"line":440,"column":130}},"locations":[{"start":{"line":440,"column":65},"end":{"line":440,"column":130}}]},"98":{"type":"branch","line":440,"loc":{"start":{"line":440,"column":96},"end":{"line":440,"column":130}},"locations":[{"start":{"line":440,"column":96},"end":{"line":440,"column":130}}]},"99":{"type":"branch","line":442,"loc":{"start":{"line":442,"column":14},"end":{"line":442,"column":24}},"locations":[{"start":{"line":442,"column":14},"end":{"line":442,"column":24}}]},"100":{"type":"branch","line":444,"loc":{"start":{"line":444,"column":2},"end":{"line":450,"column":26}},"locations":[{"start":{"line":444,"column":2},"end":{"line":450,"column":26}}]},"101":{"type":"branch","line":450,"loc":{"start":{"line":450,"column":14},"end":{"line":450,"column":69}},"locations":[{"start":{"line":450,"column":14},"end":{"line":450,"column":69}}]},"102":{"type":"branch","line":450,"loc":{"start":{"line":450,"column":41},"end":{"line":450,"column":69}},"locations":[{"start":{"line":450,"column":41},"end":{"line":450,"column":69}}]},"103":{"type":"branch","line":450,"loc":{"start":{"line":450,"column":63},"end":{"line":450,"column":82}},"locations":[{"start":{"line":450,"column":63},"end":{"line":450,"column":82}}]},"104":{"type":"branch","line":450,"loc":{"start":{"line":450,"column":69},"end":{"line":450,"column":89}},"locations":[{"start":{"line":450,"column":69},"end":{"line":450,"column":89}}]},"105":{"type":"branch","line":451,"loc":{"start":{"line":451,"column":12},"end":{"line":452,"column":50}},"locations":[{"start":{"line":451,"column":12},"end":{"line":452,"column":50}}]},"106":{"type":"branch","line":452,"loc":{"start":{"line":452,"column":8},"end":{"line":453,"column":68}},"locations":[{"start":{"line":452,"column":8},"end":{"line":453,"column":68}}]},"107":{"type":"branch","line":454,"loc":{"start":{"line":454,"column":33},"end":{"line":454,"column":83}},"locations":[{"start":{"line":454,"column":33},"end":{"line":454,"column":83}}]},"108":{"type":"branch","line":454,"loc":{"start":{"line":454,"column":79},"end":{"line":454,"column":108}},"locations":[{"start":{"line":454,"column":79},"end":{"line":454,"column":108}}]},"109":{"type":"branch","line":463,"loc":{"start":{"line":463,"column":0},"end":{"line":491,"column":1}},"locations":[{"start":{"line":463,"column":0},"end":{"line":491,"column":1}}]},"110":{"type":"branch","line":464,"loc":{"start":{"line":464,"column":16},"end":{"line":464,"column":26}},"locations":[{"start":{"line":464,"column":16},"end":{"line":464,"column":26}}]},"111":{"type":"branch","line":466,"loc":{"start":{"line":466,"column":2},"end":{"line":468,"column":53}},"locations":[{"start":{"line":466,"column":2},"end":{"line":468,"column":53}}]},"112":{"type":"branch","line":468,"loc":{"start":{"line":468,"column":45},"end":{"line":468,"column":72}},"locations":[{"start":{"line":468,"column":45},"end":{"line":468,"column":72}}]},"113":{"type":"branch","line":469,"loc":{"start":{"line":469,"column":45},"end":{"line":469,"column":73}},"locations":[{"start":{"line":469,"column":45},"end":{"line":469,"column":73}}]},"114":{"type":"branch","line":471,"loc":{"start":{"line":471,"column":7},"end":{"line":471,"column":86}},"locations":[{"start":{"line":471,"column":7},"end":{"line":471,"column":86}}]},"115":{"type":"branch","line":471,"loc":{"start":{"line":471,"column":86},"end":{"line":471,"column":96}},"locations":[{"start":{"line":471,"column":86},"end":{"line":471,"column":96}}]},"116":{"type":"branch","line":473,"loc":{"start":{"line":473,"column":2},"end":{"line":473,"column":100}},"locations":[{"start":{"line":473,"column":2},"end":{"line":473,"column":100}}]},"117":{"type":"branch","line":473,"loc":{"start":{"line":473,"column":2},"end":{"line":473,"column":87}},"locations":[{"start":{"line":473,"column":2},"end":{"line":473,"column":87}}]},"118":{"type":"branch","line":473,"loc":{"start":{"line":473,"column":79},"end":{"line":473,"column":100}},"locations":[{"start":{"line":473,"column":79},"end":{"line":473,"column":100}}]},"119":{"type":"branch","line":473,"loc":{"start":{"line":473,"column":87},"end":{"line":473,"column":116}},"locations":[{"start":{"line":473,"column":87},"end":{"line":473,"column":116}}]},"120":{"type":"branch","line":480,"loc":{"start":{"line":480,"column":14},"end":{"line":480,"column":54}},"locations":[{"start":{"line":480,"column":14},"end":{"line":480,"column":54}}]},"121":{"type":"branch","line":480,"loc":{"start":{"line":480,"column":35},"end":{"line":480,"column":65}},"locations":[{"start":{"line":480,"column":35},"end":{"line":480,"column":65}}]},"122":{"type":"branch","line":480,"loc":{"start":{"line":480,"column":54},"end":{"line":480,"column":72}},"locations":[{"start":{"line":480,"column":54},"end":{"line":480,"column":72}}]},"123":{"type":"branch","line":481,"loc":{"start":{"line":481,"column":42},"end":{"line":482,"column":56}},"locations":[{"start":{"line":481,"column":42},"end":{"line":482,"column":56}}]},"124":{"type":"branch","line":482,"loc":{"start":{"line":482,"column":8},"end":{"line":483,"column":65}},"locations":[{"start":{"line":482,"column":8},"end":{"line":483,"column":65}}]},"125":{"type":"branch","line":484,"loc":{"start":{"line":484,"column":18},"end":{"line":484,"column":50}},"locations":[{"start":{"line":484,"column":18},"end":{"line":484,"column":50}}]},"126":{"type":"branch","line":493,"loc":{"start":{"line":493,"column":0},"end":{"line":518,"column":1}},"locations":[{"start":{"line":493,"column":0},"end":{"line":518,"column":1}}]},"127":{"type":"branch","line":496,"loc":{"start":{"line":496,"column":38},"end":{"line":515,"column":3}},"locations":[{"start":{"line":496,"column":38},"end":{"line":515,"column":3}}]},"128":{"type":"branch","line":499,"loc":{"start":{"line":499,"column":19},"end":{"line":502,"column":5}},"locations":[{"start":{"line":499,"column":19},"end":{"line":502,"column":5}}]},"129":{"type":"branch","line":504,"loc":{"start":{"line":504,"column":4},"end":{"line":507,"column":38}},"locations":[{"start":{"line":504,"column":4},"end":{"line":507,"column":38}}]},"130":{"type":"branch","line":507,"loc":{"start":{"line":507,"column":23},"end":{"line":507,"column":56}},"locations":[{"start":{"line":507,"column":23},"end":{"line":507,"column":56}}]},"131":{"type":"branch","line":507,"loc":{"start":{"line":507,"column":47},"end":{"line":507,"column":116}},"locations":[{"start":{"line":507,"column":47},"end":{"line":507,"column":116}}]},"132":{"type":"branch","line":507,"loc":{"start":{"line":507,"column":66},"end":{"line":507,"column":100}},"locations":[{"start":{"line":507,"column":66},"end":{"line":507,"column":100}}]},"133":{"type":"branch","line":507,"loc":{"start":{"line":507,"column":91},"end":{"line":507,"column":116}},"locations":[{"start":{"line":507,"column":91},"end":{"line":507,"column":116}}]},"134":{"type":"branch","line":513,"loc":{"start":{"line":513,"column":29},"end":{"line":513,"column":68}},"locations":[{"start":{"line":513,"column":29},"end":{"line":513,"column":68}}]},"135":{"type":"branch","line":520,"loc":{"start":{"line":520,"column":0},"end":{"line":548,"column":1}},"locations":[{"start":{"line":520,"column":0},"end":{"line":548,"column":1}}]},"136":{"type":"branch","line":522,"loc":{"start":{"line":522,"column":44},"end":{"line":522,"column":56}},"locations":[{"start":{"line":522,"column":44},"end":{"line":522,"column":56}}]},"137":{"type":"branch","line":522,"loc":{"start":{"line":522,"column":51},"end":{"line":522,"column":116}},"locations":[{"start":{"line":522,"column":51},"end":{"line":522,"column":116}}]},"138":{"type":"branch","line":523,"loc":{"start":{"line":523,"column":123},"end":{"line":523,"column":142}},"locations":[{"start":{"line":523,"column":123},"end":{"line":523,"column":142}}]},"139":{"type":"branch","line":523,"loc":{"start":{"line":523,"column":138},"end":{"line":523,"column":146}},"locations":[{"start":{"line":523,"column":138},"end":{"line":523,"column":146}}]},"140":{"type":"branch","line":531,"loc":{"start":{"line":531,"column":35},"end":{"line":531,"column":78}},"locations":[{"start":{"line":531,"column":35},"end":{"line":531,"column":78}}]},"141":{"type":"branch","line":531,"loc":{"start":{"line":531,"co
[...]
:[{"start":{"line":616,"column":33},"end":{"line":616,"column":73}}]},"235":{"type":"branch","line":616,"loc":{"start":{"line":616,"column":68},"end":{"line":616,"column":104}},"locations":[{"start":{"line":616,"column":68},"end":{"line":616,"column":104}}]},"236":{"type":"branch","line":616,"loc":{"start":{"line":616,"column":104},"end":{"line":616,"column":125}},"locations":[{"start":{"line":616,"column":104},"end":{"line":616,"column":125}}]},"237":{"type":"branch","line":617,"loc":{"start":{"line":617,"column":2},"end":{"line":617,"column":35}},"locations":[{"start":{"line":617,"column":2},"end":{"line":617,"column":35}}]},"238":{"type":"branch","line":617,"loc":{"start":{"line":617,"column":30},"end":{"line":617,"column":66}},"locations":[{"start":{"line":617,"column":30},"end":{"line":617,"column":66}}]},"239":{"type":"branch","line":617,"loc":{"start":{"line":617,"column":66},"end":{"line":617,"column":88}},"locations":[{"start":{"line":617,"column":66},"end":{"line":617,"column":88}}]},"240":{"type":"branch","line":618,"loc":{"start":{"line":618,"column":2},"end":{"line":618,"column":35}},"locations":[{"start":{"line":618,"column":2},"end":{"line":618,"column":35}}]},"241":{"type":"branch","line":618,"loc":{"start":{"line":618,"column":30},"end":{"line":618,"column":62}},"locations":[{"start":{"line":618,"column":30},"end":{"line":618,"column":62}}]},"242":{"type":"branch","line":618,"loc":{"start":{"line":618,"column":62},"end":{"line":618,"column":80}},"locations":[{"start":{"line":618,"column":62},"end":{"line":618,"column":80}}]},"243":{"type":"branch","line":619,"loc":{"start":{"line":619,"column":2},"end":{"line":620,"column":63}},"locations":[{"start":{"line":619,"column":2},"end":{"line":620,"column":63}}]},"244":{"type":"branch","line":619,"loc":{"start":{"line":619,"column":2},"end":{"line":619,"column":31}},"locations":[{"start":{"line":619,"column":2},"end":{"line":619,"column":31}}]},"245":{"type":"branch","line":619,"loc":{"start":{"line":619,"column":31},"end":{"line":619,"column":47}},"locations":[{"start":{"line":619,"column":31},"end":{"line":619,"column":47}}]},"246":{"type":"branch","line":620,"loc":{"start":{"line":620,"column":2},"end":{"line":620,"column":63}},"locations":[{"start":{"line":620,"column":2},"end":{"line":620,"column":63}}]},"247":{"type":"branch","line":620,"loc":{"start":{"line":620,"column":2},"end":{"line":620,"column":36}},"locations":[{"start":{"line":620,"column":2},"end":{"line":620,"column":36}}]},"248":{"type":"branch","line":620,"loc":{"start":{"line":620,"column":31},"end":{"line":620,"column":63}},"locations":[{"start":{"line":620,"column":31},"end":{"line":620,"column":63}}]},"249":{"type":"branch","line":620,"loc":{"start":{"line":620,"column":63},"end":{"line":622,"column":17}},"locations":[{"start":{"line":620,"column":63},"end":{"line":622,"column":17}}]},"250":{"type":"branch","line":620,"loc":{"start":{"line":620,"column":63},"end":{"line":620,"column":82}},"locations":[{"start":{"line":620,"column":63},"end":{"line":620,"column":82}}]},"251":{"type":"branch","line":621,"loc":{"start":{"line":621,"column":2},"end":{"line":621,"column":31}},"locations":[{"start":{"line":621,"column":2},"end":{"line":621,"column":31}}]},"252":{"type":"branch","line":621,"loc":{"start":{"line":621,"column":31},"end":{"line":621,"column":47}},"locations":[{"start":{"line":621,"column":31},"end":{"line":621,"column":47}}]},"253":{"type":"branch","line":622,"loc":{"start":{"line":622,"column":2},"end":{"line":622,"column":17}},"locations":[{"start":{"line":622,"column":2},"end":{"line":622,"column":17}}]},"254":{"type":"branch","line":625,"loc":{"start":{"line":625,"column":0},"end":{"line":631,"column":1}},"locations":[{"start":{"line":625,"column":0},"end":{"line":631,"column":1}}]},"255":{"type":"branch","line":626,"loc":{"start":{"line":626,"column":22},"end":{"line":626,"column":33}},"locations":[{"start":{"line":626,"column":22},"end":{"line":626,"column":33}}]},"256":{"type":"branch","line":627,"loc":{"start":{"line":627,"column":27},"end":{"line":627,"column":45}},"locations":[{"start":{"line":627,"column":27},"end":{"line":627,"column":45}}]},"257":{"type":"branch","line":628,"loc":{"start":{"line":628,"column":2},"end":{"line":628,"column":25}},"locations":[{"start":{"line":628,"column":2},"end":{"line":628,"column":25}}]},"258":{"type":"branch","line":628,"loc":{"start":{"line":628,"column":15},"end":{"line":628,"column":41}},"locations":[{"start":{"line":628,"column":15},"end":{"line":628,"column":41}}]},"259":{"type":"branch","line":628,"loc":{"start":{"line":628,"column":41},"end":{"line":628,"column":55}},"locations":[{"start":{"line":628,"column":41},"end":{"line":628,"column":55}}]},"260":{"type":"branch","line":629,"loc":{"start":{"line":629,"column":2},"end":{"line":629,"column":41}},"locations":[{"start":{"line":629,"column":2},"end":{"line":629,"column":41}}]},"261":{"type":"branch","line":629,"loc":{"start":{"line":629,"column":2},"end":{"line":629,"column":24}},"locations":[{"start":{"line":629,"column":2},"end":{"line":629,"column":24}}]},"262":{"type":"branch","line":629,"loc":{"start":{"line":629,"column":15},"end":{"line":629,"column":41}},"locations":[{"start":{"line":629,"column":15},"end":{"line":629,"column":41}}]},"263":{"type":"branch","line":629,"loc":{"start":{"line":629,"column":41},"end":{"line":629,"column":54}},"locations":[{"start":{"line":629,"column":41},"end":{"line":629,"column":54}}]},"264":{"type":"branch","line":630,"loc":{"start":{"line":630,"column":2},"end":{"line":630,"column":18}},"locations":[{"start":{"line":630,"column":2},"end":{"line":630,"column":18}}]},"265":{"type":"branch","line":633,"loc":{"start":{"line":633,"column":0},"end":{"line":640,"column":1}},"locations":[{"start":{"line":633,"column":0},"end":{"line":640,"column":1}}]},"266":{"type":"branch","line":634,"loc":{"start":{"line":634,"column":21},"end":{"line":634,"column":37}},"locations":[{"start":{"line":634,"column":21},"end":{"line":634,"column":37}}]},"267":{"type":"branch","line":635,"loc":{"start":{"line":635,"column":2},"end":{"line":636,"column":21}},"locations":[{"start":{"line":635,"column":2},"end":{"line":636,"column":21}}]},"268":{"type":"branch","line":636,"loc":{"start":{"line":636,"column":21},"end":{"line":636,"column":39}},"locations":[{"start":{"line":636,"column":21},"end":{"line":636,"column":39}}]},"269":{"type":"branch","line":637,"loc":{"start":{"line":637,"column":2},"end":{"line":637,"column":21}},"locations":[{"start":{"line":637,"column":2},"end":{"line":637,"column":21}}]},"270":{"type":"branch","line":637,"loc":{"start":{"line":637,"column":21},"end":{"line":638,"column":19}},"locations":[{"start":{"line":637,"column":21},"end":{"line":638,"column":19}}]},"271":{"type":"branch","line":638,"loc":{"start":{"line":638,"column":19},"end":{"line":638,"column":35}},"locations":[{"start":{"line":638,"column":19},"end":{"line":638,"column":35}}]},"272":{"type":"branch","line":639,"loc":{"start":{"line":639,"column":2},"end":{"line":639,"column":15}},"locations":[{"start":{"line":639,"column":2},"end":{"line":639,"column":15}}]},"273":{"type":"branch","line":642,"loc":{"start":{"line":642,"column":0},"end":{"line":644,"column":1}},"locations":[{"start":{"line":642,"column":0},"end":{"line":644,"column":1}}]},"274":{"type":"branch","line":643,"loc":{"start":{"line":643,"column":54},"end":{"line":643,"column":66}},"locations":[{"start":{"line":643,"column":54},"end":{"line":643,"column":66}}]},"275":{"type":"branch","line":643,"loc":{"start":{"line":643,"column":58},"end":{"line":643,"column":71}},"locations":[{"start":{"line":643,"column":58},"end":{"line":643,"column":71}}]},"276":{"type":"branch","line":646,"loc":{"start":{"line":646,"column":0},"end":{"line":650,"column":1}},"locations":[{"start":{"line":646,"column":0},"end":{"line":650,"column":1}}]},"277":{"type":"branch","line":647,"loc":{"start":{"line":647,"column":20},"end":{"line":647,"column":33}},"locations":[{"start":{"line":647,"column":20},"end":{"line":647,"column":33}}]},"278":{"type":"branch","line":648,"loc":{"start":{"line":648,"column":2},"end":{"line":648,"column":21}},"locations":[{"start":{"line":648,"column":2},"end":{"line":648,"column":21}}]},"279":{"type":"branch","line":648,"loc":{"start":{"line":648,"column":21},"end":{"line":648,"column":33}},"locations":[{"start":{"line":648,"column":21},"end":{"line":648,"column":33}}]},"280":{"type":"branch","line":649,"loc":{"start":{"line":649,"column":2},"end":{"line":649,"column":31}},"locations":[{"start":{"line":649,"column":2},"end":{"line":649,"column":31}}]},"281":{"type":"branch","line":652,"loc":{"start":{"line":652,"column":0},"end":{"line":654,"column":1}},"locations":[{"start":{"line":652,"column":0},"end":{"line":654,"column":1}}]},"282":{"type":"branch","line":656,"loc":{"start":{"line":656,"column":0},"end":{"line":660,"column":1}},"locations":[{"start":{"line":656,"column":0},"end":{"line":660,"column":1}}]},"283":{"type":"branch","line":657,"loc":{"start":{"line":657,"column":28},"end":{"line":657,"column":37}},"locations":[{"start":{"line":657,"column":28},"end":{"line":657,"column":37}}]},"284":{"type":"branch","line":658,"loc":{"start":{"line":658,"column":2},"end":{"line":658,"column":36}},"locations":[{"start":{"line":658,"column":2},"end":{"line":658,"column":36}}]},"285":{"type":"branch","line":658,"loc":{"start":{"line":658,"column":2},"end":{"line":658,"column":27}},"locations":[{"start":{"line":658,"column":2},"end":{"line":658,"column":27}}]},"286":{"type":"branch","line":658,"loc":{"start":{"line":658,"column":27},"end":{"line":658,"column":36}},"locations":[{"start":{"line":658,"column":27},"end":{"line":658,"column":36}}]},"287":{"type":"branch","line":659,"loc":{"start":{"line":659,"column":2},"end":{"line":659,"column":11}},"locations":[{"start":{"line":659,"column":2},"end":{"line":659,"column":11}}]},"288":{"type":"branch","line":662,"loc":{"start":{"line":662,"column":0},"end":{"line":667,"column":1}},"locations":[{"start":{"line":662,"column":0},"end":{"line":667,"column":1}}]},"289":{"type":"branch","line":669,"loc":{"start":{"line":669,"column":0},"end":{"line":672,"column":1}},"locations":[{"start":{"line":669,"column":0},"end":{"line":672,"column":1}}]},"290":{"type":"branch","line":671,"loc":{"start":{"line":671,"column":26},"end":{"line":671,"column":41}},"locations":[{"start":{"line":671,"column":26},"end":{"line":671,"column":41}}]},"291":{"type":"branch","line":671,"loc":{"start":{"line":671,"column":37},"end":{"line":671,"column":46}},"locations":[{"start":{"line":671,"column":37},"end":{"line":671,"column":46}}]},"292":{"type":"branch","line":674,"loc":{"start":{"line":674,"column":0},"end":{"line":676,"column":1}},"locations":[{"start":{"line":674,"column":0},"end":{"line":676,"column":1}}]},"293":{"type":"branch","line":678,"loc":{"start":{"line":678,"column":15},"end":{"line":678,"column":58}},"locations":[{"start":{"line":678,"column":15},"end":{"line":678,"column":58}}]}},"b":{"0":[0],"1":[100],"2":[4],"3":[8],"4":[4],"5":[0],"6":[8],"7":[16],"8":[4],"9":[14],"10":[2],"11":[63],"12":[57],"13":[6],"14":[54],"15":[9],"16":[57],"17":[56],"18":[41],"19":[22],"20":[56],"21":[52],"22":[11],"23":[156],"24":[525],"25":[121],"26":[156],"27":[40],"28":[116],"29":[525],"30":[87],"31":[1],"32":[438],"33":[87],"34":[3],"35":[1],"36":[82],"37":[10],"38":[3],"39":[86],"40":[86],"41":[84],"42":[25],"43":[59],"44":[63],"45":[57],"46":[6],"47":[25],"48":[56],"49":[1],"50":[73],"51":[1],"52":[2],"53":[2],"54":[1],"55":[3],"56":[2],"57":[1],"58":[2],"59":[41],"60":[63],"61":[5],"62":[58],"63":[1],"64":[1],"65":[61],"66":[53],"67":[48],"68":[45],"69":[43],"70":[22],"71":[15],"72":[13],"73":[2],"74":[3],"75":[12],"76":[8],"77":[10],"78":[8],"79":[4],"80":[1],"81":[5],"82":[10],"83":[3],"84":[7],"85":[1],"86":[1],"87":[2],"88":[1],"89":[63],"90":[51],"91":[12],"92":[4],"93":[3],"94":[2],"95":[9],"96":[7],"97":[4],"98":[3],"99":[3],"100":[9],"101":[6],"102":[5],"103":[3],"104":[6],"105":[3],"106":[6],"107":[1],"108":[8],"109":[63],"110":[7],"111":[56],"112":[54],"113":[54],"114":[33],"115":[22],"116":[43],"117":[34],"118":[32],"119":[2],"120":[11],"121":[23],"122":[11],"123":[32],"124":[2],"125":[1],"126":[63],"127":[302],"128":[156],"129":[146],"130":[32],"131":[114],"132":[13],"133":[101],"134":[114],"135":[156],"136":[22],"137":[134],"138":[32],"139":[124],"140":[118],"141":[116],"142":[40],"143":[37],"144":[3],"145":[202],"146":[62],"147":[140],"148":[104],"149":[36],"150":[8],"151":[28],"152":[63],"153":[7],"154":[32],"155":[31],"156":[30],"157":[34],"158":[32],"159":[29],"160":[28],"161":[60],"162":[4],"163":[25],"164":[23],"165":[8],"166":[63],"167":[22],"168":[43],"169":[41],"170":[34],"171":[12],"172":[7],"173":[4],"174":[3],"175":[63],"176":[22],"177":[41],"178":[84],"179":[8],"180":[76],"181":[11],"182":[65],"183":[7],"184":[58],"185":[6],"186":[79],"187":[52],"188":[46],"189":[13],"190":[39],"191":[8],"192":[31],"193":[1],"194":[67],"195":[30],"196":[24],"197":[6],"198":[24],"199":[20],"200":[66],"201":[5],"202":[19],"203":[10],"204":[10],"205":[9],"206":[160],"207":[11],"208":[149],"209":[133],"210":[25],"211":[124],"212":[13],"213":[111],"214":[107],"215":[11],"216":[100],"217":[131],"218":[92],"219":[91],"220":[10],"221":[90],"222":[79],"223":[135],"224":[12],"225":[78],"226":[72],"227":[7],"228":[134],"229":[71],"230":[61],"231":[10],"232":[61],"233":[75],"234":[57],"235":[56],"236":[5],"237":[56],"238":[47],"239":[9],"240":[47],"241":[22],"242":[37],"243":[129],"244":[10],"245":[1],"246":[31],"247":[9],"248":[8],"249":[129],"250":[2],"251":[7],"252":[1],"253":[6],"254":[160],"255":[83],"256":[5],"257":[155],"258":[86],"259":[70],"260":[91],"261":[85],"262":[84],"263":[1],"264":[84],"265":[82],"266":[1],"267":[81],"268":[35],"269":[46],"270":[23],"271":[14],"272":[9],"273":[146],"274":[17],"275":[129],"276":[146],"277":[6],"278":[140],"279":[60],"280":[80],"281":[56],"282":[404],"283":[273],"284":[168],"285":[131],"286":[120],"287":[11],"288":[731],"289":[342],"290":[330],"291":[12],"292":[750],"293":[375]},"fnMap":{"0":{"name":"__name","decl":{"start":{"line":1,"column":0},"end":{"line":1,"column":31}},"loc":{"start":{"line":1,"column":0},"end":{"line":1,"column":31}},"line":1},"1":{"name":"__export","decl":{"start":{"line":1,"column":0},"end":{"line":1,"column":31}},"loc":{"start":{"line":1,"column":0},"end":{"line":1,"column":31}},"line":1},"2":{"name":"__copyProps","decl":{"start":{"line":1,"column":0},"end":{"line":1,"column":31}},"loc":{"start":{"line":1,"column":0},"end":{"line":1,"column":31}},"line":1},"3":{"name":"get","decl":{"start":{"line":1,"column":0},"end":{"line":1,"column":31}},"loc":{"start":{"line":1,"column":0},"end":{"line":1,"column":31}},"line":1},"4":{"name":"__toCommonJS","decl":{"start":{"line":1,"column":0},"end":{"line":1,"column":31}},"loc":{"start":{"line":1,"column":0},"end":{"line":1,"column":31}},"line":1},"5":{"name":"planReadinessRemediation","decl":{"start":{"line":1,"column":0},"end":{"line":1,"column":31}},"loc":{"start":{"line":1,"column":0},"end":{"line":1,"column":31}},"line":1},"6":{"name":"planReadinessRemediationSteps","decl":{"start":{"line":1,"column":0},"end":{"line":1,"column":31}},"loc":{"start":{"line":1,"column":0},"end":{"line":1,"column":31}},"line":1},"7":{"name":"planReadinessRemediation","decl":{"start":{"line":269,"column":7},"end":{"line":316,"column":1}},"loc":{"start":{"line":269,"column":7},"end":{"line":316,"column":1}},"line":269},"8":{"name":"gateCandidate","decl":{"start":{"line":320,"column":0},"end":{"line":342,"column":1}},"loc":{"start":{"line":320,"column":0},"end":{"line":342,"column":1}},"line":320},"9":{"name":"flagCandidate","decl":{"start":{"line":344,"column":0},"end":{"line":362,"column":1}},"loc":{"start":{"line":344,"column":0},"end":{"line":362,"column":1}},"line":344},"10":{"name":"trustCandidates","decl":{"start":{"line":364,"column":0},"end":{"line":389,"column":1}},"loc":{"start":{"line":364,"column":0},"end":{"line":389,"column":1}},"line":364},"11":{"name":"calibrationCandidates","decl":{"start":{"line":391,"column":0},"end":{"line":431,"column":1}},"loc":{"start":{"line":391,"column":0},"end":{"line":431,"column":1}},"line":391},"12":{"name":"robustnessCandidates","decl":{"start":{"line":433,"column":0},"end":{"line":461,"column":1}},"loc":{"start":{"line":433,"column":0},"end":{"line":461,"column":1}},"line":433},"13":{"name":"contextCandidates","decl":{"start":{"line":463,"column":0},"end":{"line":491,"column":1}},"loc":{"start":{"line":463,"column":0},"end":{"line":491,"column":1}},"line":463},"14":{"name":"mergeCandidates","decl":{"start":{"line":493,"column":0},"end":{"line":518,"column":1}},"loc":{"start":{"line":493,"column":0},"end":{"line":518,"column":1}},"line":493},"15":{"name":"candidateToStep","decl":{"start":{"line":520,"column":0},"end":{"line":548,"column":1}},"loc":{"start":{"line":520,"column":0},"end":{"line":548,"column":1}},"line":520},"16":{"name":"compareSteps","decl":{"start":{"line":550,"column":0},"end":{"line":561,"column":1}},"loc":{"start":{"line":550,"column":0},"end":{"line":561,"column":1}},"line":550},"17":{"name":"executionGateFor","decl":{"start":{"line":563,"column":0},"end":{"line":576,"column":1}},"loc":{"start":{"line":563,"column":0},"end":{"line":576,"column":1}},"line":563},"18":{"name":"statusFor","decl":{"start":{"line":578,"column":0},"end":{"line":583,"column":1}},"loc":{"start":{"line":578,"column":0},"end":{"line":583,"column":1}},"line":578},"19":{"name":"summaryFor","decl":{"start":{"line":585,"column":0},"end":{"line":589,"column":1}},"loc":{"start":{"line":585,"column":0},"end":{"line":589,"column":1}},"line":585},"20":{"name":"reasonForFlag","decl":{"start":{"line":591,"column":0},"end":{"line":604,"column":1}},"loc":{"start":{"line":591,"column":0},"end":{"line":604,"column":1}},"line":591},"21":{"name":"categoryFromText","decl":{"start":{"line":606,"column":0},"end":{"line":623,"column":1}},"loc":{"start":{"line":606,"column":0},"end":{"line":623,"column":1}},"line":606},"22":{"name":"normalizedSeverity","decl":{"start":{"line":625,"column":0},"end":{"line":631,"column":1}},"loc":{"start":{"line":625,"column":0},"end":{"line":631,"column":1}},"line":625},"23":{"name":"severityFromScore","decl":{"start":{"line":633,"column":0},"end":{"line":640,"column":1}},"loc":{"start":{"line":633,"column":0},"end":{"line":640,"column":1}},"line":633},"24":{"name":"strongerSeverity","decl":{"start":{"line":642,"column":0},"end":{"line":644,"column":1}},"loc":{"start":{"line":642,"column":0},"end":{"line":644,"column":1}},"line":642},"25":{"name":"lowerNullable","decl":{"start":{"line":646,"column":0},"end":{"line":650,"column":1}},"loc":{"start":{"line":646,"column":0},"end":{"line":650,"column":1}},"line":646},"26":{"name":"categoryRank","decl":{"start":{"line":652,"column":0},"end":{"line":654,"column":1}},"loc":{"start":{"line":652,"column":0},"end":{"line":654,"column":1}},"line":652},"27":{"name":"statusRank","decl":{"start":{"line":656,"column":0},"end":{"line":660,"column":1}},"loc":{"start":{"line":656,"column":0},"end":{"line":660,"column":1}},"line":656},"28":{"name":"normalizedCode","decl":{"start":{"line":662,"column":0},"end":{"line":667,"column":1}},"loc":{"start":{"line":662,"column":0},"end":{"line":667,"column":1}},"line":662},"29":{"name":"finiteOrNull","decl":{"start":{"line":669,"column":0},"end":{"line":672,"column":1}},"loc":{"start":{"line":669,"column":0},"end":{"line":672,"column":1}},"line":669},"30":{"name":"unique","decl":{"start":{"line":674,"column":0},"end":{"line":676,"column":1}},"loc":{"start":{"line":674,"column":0},"end":{"line":676,"column":1}},"line":674}},"f":{"0":100,"1":4,"2":4,"3":16,"4":4,"5":14,"6":2,"7":63,"8":525,"9":84,"10":63,"11":63,"12":63,"13":63,"14":63,"15":156,"16":202,"17":63,"18":63,"19":63,"20":84,"21":160,"22":160,"23":82,"24":146,"25":146,"26":56,"27":404,"28":731,"29":342,"30":750}}
}
