{"/Users/diogoangelim/signal/examples/stocks-optimizer/src/artifacts/api-server/src/lib/survival-memory-adapter.ts": {"path":"/Users/diogoangelim/signal/examples/stocks-optimizer/src/artifacts/api-server/src/lib/survival-memory-adapter.ts","all":false,"statementMap":{"0":{"start":{"line":1,"column":0},"end":{"line":1,"column":8}},"1":{"start":{"line":2,"column":0},"end":{"line":2,"column":28}},"2":{"start":{"line":3,"column":0},"end":{"line":3,"column":25}},"3":{"start":{"line":4,"column":0},"end":{"line":4,"column":27}},"4":{"start":{"line":5,"column":0},"end":{"line":5,"column":30}},"5":{"start":{"line":6,"column":0},"end":{"line":6,"column":28}},"6":{"start":{"line":7,"column":0},"end":{"line":7,"column":28}},"7":{"start":{"line":8,"column":0},"end":{"line":8,"column":58}},"8":{"start":{"line":9,"column":0},"end":{"line":9,"column":0}},"9":{"start":{"line":10,"column":0},"end":{"line":10,"column":40}},"10":{"start":{"line":11,"column":0},"end":{"line":11,"column":18}},"11":{"start":{"line":12,"column":0},"end":{"line":12,"column":18}},"12":{"start":{"line":13,"column":0},"end":{"line":13,"column":21}},"13":{"start":{"line":14,"column":0},"end":{"line":14,"column":24}},"14":{"start":{"line":15,"column":0},"end":{"line":15,"column":24}},"15":{"start":{"line":16,"column":0},"end":{"line":16,"column":25}},"16":{"start":{"line":17,"column":0},"end":{"line":17,"column":26}},"17":{"start":{"line":18,"column":0},"end":{"line":18,"column":27}},"18":{"start":{"line":19,"column":0},"end":{"line":19,"column":35}},"19":{"start":{"line":20,"column":0},"end":{"line":20,"column":26}},"20":{"start":{"line":21,"column":0},"end":{"line":21,"column":41}},"21":{"start":{"line":22,"column":0},"end":{"line":22,"column":21}},"22":{"start":{"line":23,"column":0},"end":{"line":23,"column":30}},"23":{"start":{"line":24,"column":0},"end":{"line":24,"column":42}},"24":{"start":{"line":25,"column":0},"end":{"line":25,"column":2}},"25":{"start":{"line":26,"column":0},"end":{"line":26,"column":0}},"26":{"start":{"line":27,"column":0},"end":{"line":27,"column":70}},"27":{"start":{"line":28,"column":0},"end":{"line":28,"column":35}},"28":{"start":{"line":29,"column":0},"end":{"line":29,"column":26}},"29":{"start":{"line":30,"column":0},"end":{"line":30,"column":25}},"30":{"start":{"line":31,"column":0},"end":{"line":31,"column":27}},"31":{"start":{"line":32,"column":0},"end":{"line":32,"column":34}},"32":{"start":{"line":33,"column":0},"end":{"line":33,"column":2}},"33":{"start":{"line":34,"column":0},"end":{"line":34,"column":0}},"34":{"start":{"line":35,"column":0},"end":{"line":35,"column":44}},"35":{"start":{"line":36,"column":0},"end":{"line":36,"column":27}},"36":{"start":{"line":37,"column":0},"end":{"line":37,"column":22}},"37":{"start":{"line":38,"column":0},"end":{"line":38,"column":30}},"38":{"start":{"line":39,"column":0},"end":{"line":39,"column":28}},"39":{"start":{"line":40,"column":0},"end":{"line":40,"column":30}},"40":{"start":{"line":41,"column":0},"end":{"line":41,"column":19}},"41":{"start":{"line":42,"column":0},"end":{"line":42,"column":26}},"42":{"start":{"line":43,"column":0},"end":{"line":43,"column":27}},"43":{"start":{"line":44,"column":0},"end":{"line":44,"column":18}},"44":{"start":{"line":45,"column":0},"end":{"line":45,"column":29}},"45":{"start":{"line":46,"column":0},"end":{"line":46,"column":37}},"46":{"start":{"line":47,"column":0},"end":{"line":47,"column":23}},"47":{"start":{"line":48,"column":0},"end":{"line":48,"column":21}},"48":{"start":{"line":49,"column":0},"end":{"line":49,"column":27}},"49":{"start":{"line":50,"column":0},"end":{"line":50,"column":2}},"50":{"start":{"line":51,"column":0},"end":{"line":51,"column":0}},"51":{"start":{"line":52,"column":0},"end":{"line":52,"column":106}},"52":{"start":{"line":53,"column":0},"end":{"line":53,"column":49}},"53":{"start":{"line":54,"column":0},"end":{"line":54,"column":66}},"54":{"start":{"line":55,"column":0},"end":{"line":55,"column":19}},"55":{"start":{"line":56,"column":0},"end":{"line":56,"column":52}},"56":{"start":{"line":57,"column":0},"end":{"line":57,"column":62}},"57":{"start":{"line":58,"column":0},"end":{"line":58,"column":4}},"58":{"start":{"line":59,"column":0},"end":{"line":59,"column":43}},"59":{"start":{"line":60,"column":0},"end":{"line":60,"column":12}},"60":{"start":{"line":61,"column":0},"end":{"line":61,"column":17}},"61":{"start":{"line":62,"column":0},"end":{"line":62,"column":21}},"62":{"start":{"line":63,"column":0},"end":{"line":63,"column":29}},"63":{"start":{"line":64,"column":0},"end":{"line":64,"column":5}},"64":{"start":{"line":65,"column":0},"end":{"line":65,"column":134}},"65":{"start":{"line":66,"column":0},"end":{"line":66,"column":78}},"66":{"start":{"line":67,"column":0},"end":{"line":67,"column":0}},"67":{"start":{"line":68,"column":0},"end":{"line":68,"column":10}},"68":{"start":{"line":69,"column":0},"end":{"line":69,"column":16}},"69":{"start":{"line":70,"column":0},"end":{"line":70,"column":37}},"70":{"start":{"line":71,"column":0},"end":{"line":71,"column":28}},"71":{"start":{"line":72,"column":0},"end":{"line":72,"column":19}},"72":{"start":{"line":73,"column":0},"end":{"line":73,"column":21}},"73":{"start":{"line":74,"column":0},"end":{"line":74,"column":12}},"74":{"start":{"line":75,"column":0},"end":{"line":75,"column":4}},"75":{"start":{"line":76,"column":0},"end":{"line":76,"column":1}},"76":{"start":{"line":77,"column":0},"end":{"line":77,"column":0}},"77":{"start":{"line":78,"column":0},"end":{"line":78,"column":135}},"78":{"start":{"line":79,"column":0},"end":{"line":79,"column":39}},"79":{"start":{"line":80,"column":0},"end":{"line":80,"column":74}},"80":{"start":{"line":81,"column":0},"end":{"line":81,"column":0}},"81":{"start":{"line":82,"column":0},"end":{"line":82,"column":12}},"82":{"start":{"line":83,"column":0},"end":{"line":83,"column":15}},"83":{"start":{"line":84,"column":0},"end":{"line":84,"column":48}},"84":{"start":{"line":85,"column":0},"end":{"line":85,"column":38}},"85":{"start":{"line":86,"column":0},"end":{"line":86,"column":54}},"86":{"start":{"line":87,"column":0},"end":{"line":87,"column":48}},"87":{"start":{"line":88,"column":0},"end":{"line":88,"column":54}},"88":{"start":{"line":89,"column":0},"end":{"line":89,"column":32}},"89":{"start":{"line":90,"column":0},"end":{"line":90,"column":46}},"90":{"start":{"line":91,"column":0},"end":{"line":91,"column":48}},"91":{"start":{"line":92,"column":0},"end":{"line":92,"column":30}},"92":{"start":{"line":93,"column":0},"end":{"line":93,"column":52}},"93":{"start":{"line":94,"column":0},"end":{"line":94,"column":40}},"94":{"start":{"line":95,"column":0},"end":{"line":95,"column":40}},"95":{"start":{"line":96,"column":0},"end":{"line":96,"column":36}},"96":{"start":{"line":97,"column":0},"end":{"line":97,"column":71}},"97":{"start":{"line":98,"column":0},"end":{"line":98,"column":6}},"98":{"start":{"line":99,"column":0},"end":{"line":99,"column":5}},"99":{"start":{"line":100,"column":0},"end":{"line":100,"column":1}},"100":{"start":{"line":101,"column":0},"end":{"line":101,"column":0}},"101":{"start":{"line":102,"column":0},"end":{"line":102,"column":80}},"102":{"start":{"line":103,"column":0},"end":{"line":103,"column":43}},"103":{"start":{"line":104,"column":0},"end":{"line":104,"column":92}},"104":{"start":{"line":105,"column":0},"end":{"line":105,"column":68}},"105":{"start":{"line":106,"column":0},"end":{"line":106,"column":5}},"106":{"start":{"line":107,"column":0},"end":{"line":107,"column":1}},"107":{"start":{"line":108,"column":0},"end":{"line":108,"column":0}},"108":{"start":{"line":109,"column":0},"end":{"line":109,"column":82}},"109":{"start":{"line":110,"column":0},"end":{"line":110,"column":44}},"110":{"start":{"line":111,"column":0},"end":{"line":111,"column":40}},"111":{"start":{"line":112,"column":0},"end":{"line":112,"column":93}},"112":{"start":{"line":113,"column":0},"end":{"line":113,"column":116}},"113":{"start":{"line":114,"column":0},"end":{"line":114,"column":37}},"114":{"start":{"line":115,"column":0},"end":{"line":115,"column":0}},"115":{"start":{"line":116,"column":0},"end":{"line":116,"column":37}},"116":{"start":{"line":117,"column":0},"end":{"line":117,"column":16}},"117":{"start":{"line":118,"column":0},"end":{"line":118,"column":16}},"118":{"start":{"line":119,"column":0},"end":{"line":119,"column":27}},"119":{"start":{"line":120,"column":0},"end":{"line":120,"column":27}},"120":{"start":{"line":121,"column":0},"end":{"line":121,"column":109}},"121":{"start":{"line":122,"column":0},"end":{"line":122,"column":119}},"122":{"start":{"line":123,"column":0},"end":{"line":123,"column":32}},"123":{"start":{"line":124,"column":0},"end":{"line":124,"column":5}},"124":{"start":{"line":125,"column":0},"end":{"line":125,"column":1}},"125":{"start":{"line":126,"column":0},"end":{"line":126,"column":0}},"126":{"start":{"line":127,"column":0},"end":{"line":127,"column":52}},"127":{"start":{"line":128,"column":0},"end":{"line":128,"column":38}},"128":{"start":{"line":129,"column":0},"end":{"line":129,"column":10}},"129":{"start":{"line":130,"column":0},"end":{"line":130,"column":19}},"130":{"start":{"line":131,"column":0},"end":{"line":131,"column":19}},"131":{"start":{"line":132,"column":0},"end":{"line":132,"column":17}},"132":{"start":{"line":133,"column":0},"end":{"line":133,"column":18}},"133":{"start":{"line":134,"column":0},"end":{"line":134,"column":21}},"134":{"start":{"line":135,"column":0},"end":{"line":135,"column":26}},"135":{"start":{"line":136,"column":0},"end":{"line":136,"column":29}},"136":{"start":{"line":137,"column":0},"end":{"line":137,"column":23}},"137":{"start":{"line":138,"column":0},"end":{"line":138,"column":26}},"138":{"start":{"line":139,"column":0},"end":{"line":139,"column":15}},"139":{"start":{"line":140,"column":0},"end":{"line":140,"column":22}},"140":{"start":{"line":141,"column":0},"end":{"line":141,"column":23}},"141":{"start":{"line":142,"column":0},"end":{"line":142,"column":91}},"142":{"start":{"line":143,"column":0},"end":{"line":143,"column":1}},"143":{"start":{"line":144,"column":0},"end":{"line":144,"column":0}},"144":{"start":{"line":145,"column":0},"end":{"line":145,"column":150}},"145":{"start":{"line":146,"column":0},"end":{"line":146,"column":38}},"146":{"start":{"line":147,"column":0},"end":{"line":147,"column":114}},"147":{"start":{"line":148,"column":0},"end":{"line":148,"column":88}},"148":{"start":{"line":149,"column":0},"end":{"line":149,"column":138}},"149":{"start":{"line":150,"column":0},"end":{"line":150,"column":157}},"150":{"start":{"line":151,"column":0},"end":{"line":151,"column":91}},"151":{"start":{"line":152,"column":0},"end":{"line":152,"column":119}},"152":{"start":{"line":153,"column":0},"end":{"line":153,"column":99}},"153":{"start":{"line":154,"column":0},"end":{"line":154,"column":34}},"154":{"start":{"line":155,"column":0},"end":{"line":155,"column":23}},"155":{"start":{"line":156,"column":0},"end":{"line":156,"column":26}},"156":{"start":{"line":157,"column":0},"end":{"line":157,"column":23}},"157":{"start":{"line":158,"column":0},"end":{"line":158,"column":20}},"158":{"start":{"line":159,"column":0},"end":{"line":159,"column":31}},"159":{"start":{"line":160,"column":0},"end":{"line":160,"column":72}},"160":{"start":{"line":161,"column":0},"end":{"line":161,"column":6}},"161":{"start":{"line":162,"column":0},"end":{"line":162,"column":9}},"162":{"start":{"line":163,"column":0},"end":{"line":163,"column":42}},"163":{"start":{"line":164,"column":0},"end":{"line":164,"column":31}},"164":{"start":{"line":165,"column":0},"end":{"line":165,"column":34}},"165":{"start":{"line":166,"column":0},"end":{"line":166,"column":31}},"166":{"start":{"line":167,"column":0},"end":{"line":167,"column":16}},"167":{"start":{"line":168,"column":0},"end":{"line":168,"column":71}},"168":{"start":{"line":169,"column":0},"end":{"line":169,"column":6}},"169":{"start":{"line":170,"column":0},"end":{"line":170,"column":9}},"170":{"start":{"line":171,"column":0},"end":{"line":171,"column":36}},"171":{"start":{"line":172,"column":0},"end":{"line":172,"column":72}},"172":{"start":{"line":173,"column":0},"end":{"line":173,"column":41}},"173":{"start":{"line":174,"column":0},"end":{"line":174,"column":4}},"174":{"start":{"line":175,"column":0},"end":{"line":175,"column":39}},"175":{"start":{"line":176,"column":0},"end":{"line":176,"column":28}},"176":{"start":{"line":177,"column":0},"end":{"line":177,"column":24}},"177":{"start":{"line":178,"column":0},"end":{"line":178,"column":23}},"178":{"start":{"line":179,"column":0},"end":{"line":179,"column":52}},"179":{"start":{"line":180,"column":0},"end":{"line":180,"column":4}},"180":{"start":{"line":181,"column":0},"end":{"line":181,"column":36}},"181":{"start":{"line":182,"column":0},"end":{"line":182,"column":13}},"182":{"start":{"line":183,"column":0},"end":{"line":183,"column":11}},"183":{"start":{"line":184,"column":0},"end":{"line":184,"column":11}},"184":{"start":{"line":185,"column":0},"end":{"line":185,"column":88}},"185":{"start":{"line":186,"column":0},"end":{"line":186,"column":81}},"186":{"start":{"line":187,"column":0},"end":{"line":187,"column":17}},"187":{"start":{"line":188,"column":0},"end":{"line":188,"column":18}},"188":{"start":{"line":189,"column":0},"end":{"line":189,"column":19}},"189":{"start":{"line":190,"column":0},"end":{"line":190,"column":36}},"190":{"start":{"line":191,"column":0},"end":{"line":191,"column":41}},"191":{"start":{"line":192,"column":0},"end":{"line":192,"column":5}},"192":{"start":{"line":193,"column":0},"end":{"line":193,"column":0}},"193":{"start":{"line":194,"column":0},"end":{"line":194,"column":36}},"194":{"start":{"line":195,"column":0},"end":{"line":195,"column":64}},"195":{"start":{"line":196,"column":0},"end":{"line":196,"column":100}},"196":{"start":{"line":197,"column":0},"end":{"line":197,"column":18}},"197":{"start":{"line":198,"column":0},"end":{"line":198,"column":18}},"198":{"start":{"line":199,"column":0},"end":{"line":199,"column":108}},"199":{"start":{"line":200,"column":0},"end":{"line":200,"column":10}},"200":{"start":{"line":201,"column":0},"end":{"line":201,"column":104}},"201":{"start":{"line":202,"column":0},"end":{"line":202,"column":85}},"202":{"start":{"line":203,"column":0},"end":{"line":203,"column":16}},"203":{"start":{"line":204,"column":0},"end":{"line":204,"column":19}},"204":{"start":{"line":205,"column":0},"end":{"line":205,"column":16}},"205":{"start":{"line":206,"column":0},"end":{"line":206,"column":24}},"206":{"start":{"line":207,"column":0},"end":{"line":207,"column":21}},"207":{"start":{"line":208,"column":0},"end":{"line":208,"column":131}},"208":{"start":{"line":209,"column":0},"end":{"line":209,"column":121}},"209":{"start":{"line":210,"column":0},"end":{"line":210,"column":134}},"210":{"start":{"line":211,"column":0},"end":{"line":211,"column":21}},"211":{"start":{"line":212,"column":0},"end":{"line":212,"column":78}},"212":{"start":{"line":213,"column":0},"end":{"line":213,"column":36}},"213":{"start":{"line":214,"column":0},"end":{"line":214,"column":32}},"214":{"start":{"line":215,"column":0},"end":{"line":215,"column":110}},"215":{"start":{"line":216,"column":0},"end":{"line":216,"column":25}},"216":{"start":{"line":217,"column":0},"end":{"line":217,"column":8}},"217":{"start":{"line":218,"column":0},"end":{"line":218,"column":11}},"218":{"start":{"line":219,"column":0},"end":{"line":219,"column":5}},"219":{"start":{"line":220,"column":0},"end":{"line":220,"column":1}},"220":{"start":{"line":221,"column":0},"end":{"line":221,"column":0}},"221":{"start":{"line":222,"column":0},"end":{"line":222,"column":62}},"222":{"start":{"line":223,"column":0},"end":{"line":223,"column":42}},"223":{"start":{"line":224,"column":0},"end":{"line":224,"column":58}},"224":{"start":{"line":225,"column":0},"end":{"line":225,"column":83}},"225":{"start":{"line":226,"column":0},"end":{"line":226,"column":138}},"226":{"start":{"line":227,"column":0},"end":{"line":227,"column":0}},"227":{"start":{"line":228,"column":0},"end":{"line":228,"column":10}},"228":{"start":{"line":229,"column":0},"end":{"line":229,"column":24}},"229":{"start":{"line":230,"column":0},"end":{"line":230,"column":84}},"230":{"start":{"line":231,"column":0},"end":{"line":231,"column":37}},"231":{"start":{"line":232,"column":0},"end":{"line":232,"column":37}},"232":{"start":{"line":233,"column":0},"end":{"line":233,"column":17}},"233":{"start":{"line":234,"column":0},"end":{"line":234,"column":122}},"234":{"start":{"line":235,"column":0},"end":{"line":235,"column":20}},"235":{"start":{"line":236,"column":0},"end":{"line":236,"column":86}},"236":{"start":{"line":237,"column":0},"end":{"line":237,"column":21}},"237":{"start":{"line":238,"column":0},"end":{"line":238,"column":35}},"238":{"start":{"line":239,"column":0},"end":{"line":239,"column":72}},"239":{"start":{"line":240,"column":0},"end":{"line":240,"column":74}},"240":{"start":{"line":241,"column":0},"end":{"line":241,"column":27}},"241":{"start":{"line":242,"column":0},"end":{"line":242,"column":4}},"242":{"start":{"line":243,"column":0},"end":{"line":243,"column":1}},"243":{"start":{"line":244,"column":0},"end":{"line":244,"column":0}},"244":{"start":{"line":245,"column":0},"end":{"line":245,"column":81}},"245":{"start":{"line":246,"column":0},"end":{"line":246,"column":66}},"246":{"start":{"line":247,"column":0},"end":{"line":247,"column":15}},"247":{"start":{"line":248,"column":0},"end":{"line":248,"column":78}},"248":{"start":{"line":249,"column":0},"end":{"line":249,"column":78}},"249":{"start":{"line":250,"column":0},"end":{"line":250,"column":7}},"250":{"start":{"line":251,"column":0},"end":{"line":251,"column":8}},"251":{"start":{"line":252,"column":0},"end":{"line":252,"column":0}},"252":{"start":{"line":253,"column":0},"end":{"line":253,"column":24}},"253":{"start":{"line":254,"column":0},"end":{"line":254,"column":121}},"254":{"start":{"line":255,"column":0},"end":{"line":255,"column":18}},"255":{"start":{"line":256,"column":0},"end":{"line":256,"column":54}},"256":{"start":{"line":257,"column":0},"end":{"line":257,"column":61}},"257":{"start":{"line":258,"column":0},"end":{"line":258,"column":5}},"258":{"start":{"line":259,"column":0},"end":{"line":259,"column":1}},"259":{"start":{"line":260,"column":0},"end":{"line":260,"column":0}},"260":{"start":{"line":261,"column":0},"end":{"line":261,"column":72}},"261":{"start":{"line":262,"column":0},"end":{"line":262,"column":107}},"262":{"start":{"line":263,"column":0},"end":{"line":263,"column":52}},"263":{"start":{"line":264,"column":0},"end":{"line":264,"column":1}},"264":{"start":{"line":265,"column":0},"end":{"line":265,"column":0}},"265":{"start":{"line":266,"column":0},"end":{"line":266,"column":53}},"266":{"start":{"line":267,"column":0},"end":{"line":267,"column":50}},"267":{"start":{"line":268,"column":0},"end":{"line":268,"column":46}},"268":{"start":{"line":269,"column":0},"end":{"line":269,"column":96}},"269":{"start":{"line":270,"column":0},"end":{"line":270,"column":65}},"270":{"start":{"line":271,"column":0},"end":{"line":271,"column":1}},"271":{"start":{"line":272,"column":0},"end":{"line":272,"column":0}},"272":{"start":{"line":273,"column":0},"end":{"line":273,"column":40}},"273":{"start":{"line":274,"column":0},"end":{"line":274,"column":68}},"274":{"start":{"line":275,"column":0},"end":{"line":275,"column":34}},"275":{"start":{"line":276,"column":0},"end":{"line":276,"column":9}},"276":{"start":{"line":277,"column":0},"end":{"line":277,"column":1}},"277":{"start":{"line":278,"column":0},"end":{"line":278,"column":0}},"278":{"start":{"line":279,"column":0},"end":{"line":279,"column":44}},"279":{"start":{"line":280,"column":0},"end":{"line":280,"column":31}},"280":{"start":{"line":281,"column":0},"end":{"line":281,"column":72}},"281":{"start":{"line":282,"column":0},"end":{"line":282,"column":33}},"282":{"start":{"line":283,"column":0},"end":{"line":283,"column":47}},"283":{"start":{"line":284,"column":0},"end":{"line":284,"column":3}},"284":{"start":{"line":285,"column":0},"end":{"line":285,"column":19}},"285":{"start":{"line":286,"column":0},"end":{"line":286,"column":1}},"286":{"start":{"line":287,"column":0},"end":{"line":287,"column":0}},"287":{"start":{"line":288,"column":0},"end":{"line":288,"column":33}},"288":{"start":{"line":289,"column":0},"end":{"line":289,"column":31}},"289":{"start":{"line":290,"column":0},"end":{"line":290,"column":46}},"290":{"start":{"line":291,"column":0},"end":{"line":291,"column":1}},"291":{"start":{"line":292,"column":0},"end":{"line":292,"column":0}},"292":{"start":{"line":293,"column":0},"end":{"line":293,"column":51}},"293":{"start":{"line":294,"column":0},"end":{"line":294,"column":42}},"294":{"start":{"line":295,"column":0},"end":{"line":295,"column":45}},"295":{"start":{"line":296,"column":0},"end":{"line":296,"column":1}},"296":{"start":{"line":297,"column":0},"end":{"line":297,"column":0}},"297":{"start":{"line":298,"column":0},"end":{"line":298,"column":31}},"298":{"start":{"line":299,"column":0},"end":{"line":299,"column":52}},"299":{"start":{"line":300,"column":0},"end":{"line":300,"column":1}}},"s":{"0":60,"1":1,"2":1,"3":1,"4":1,"5":1,"6":1,"7":1,"8":1,"9":1,"10":1,"11":1,"12":1,"13":1,"14":1,"15":1,"16":1,"17":1,"18":1,"19":1,"20":1,"21":1,"22":1,"23":1,"24":1,"25":1,"26":1,"27":1,"28":1,"29":1,"30":1,"31":1,"32":1,"33":1,"34":1,"35":1,"36":1,"37":1,"38":1,"39":1,"40":1,"41":1,"42":1,"43":1,"44":1,"45":1,"46":1,"47":1,"48":1,"49":1,"50":1,"51":1,"52":163,"53":163,"54":163,"55":163,"56":163,"57":163,"58":163,"59":163,"60":163,"61":163,"62":163,"63":163,"64":163,"65":163,"66":163,"67":163,"68":163,"69":163,"70":163,"71":163,"72":163,"73":163,"74":163,"75":163,"76":1,"77":1,"78":5,"79":574,"80":574,"81":574,"82":574,"83":574,"84":574,"85":574,"86":574,"87":574,"88":574,"89":574,"90":574,"91":574,"92":574,"93":574,"94":574,"95":574,"96":574,"97":574,"98":5,"99":5,"100":1,"101":163,"102":163,"103":15339,"104":15339,"105":163,"106":163,"107":1,"108":163,"109":163,"110":65333,"111":65333,"112":65333,"113":4,"114":4,"115":4,"116":1,"117":1,"118":1,"119":1,"120":1,"121":1,"122":1,"123":163,"124":163,"125":1,"126":80668,"127":80668,"128":80668,"129":80668,"130":80668,"131":80668,"132":80668,"133":80668,"134":80668,"135":80668,"136":80668,"137":80668,"138":80668,"139":80668,"140":80668,"141":80668,"142":80668,"143":1,"144":13686,"145":13686,"146":13686,"147":13686,"148":13686,"149":13686,"150":13686,"151":13686,"152":13686,"153":13686,"154":13686,"155":13686,"156":13686,"157":13686,"158":13686,"159":13686,"160":13686,"161":13686,"162":13686,"163":13686,"164":13686,"165":13686,"166":13686,"167":13686,"168":13686,"169":13686,"170":13686,"171":13686,"172":13686,"173":13686,"174":13686,"175":13686,"176":13686,"177":13686,"178":13686,"179":13686,"180":13686,"181":13686,"182":13686,"183":13686,"184":13686,"185":13686,"186":13686,"187":13686,"188":13686,"189":13686,"190":13686,"191":13686,"192":13686,"193":13686,"194":13686,"195":13686,"196":13686,"197":13686,"198":13686,"199":13686,"200":13686,"201":13686,"202":13686,"203":13686,"204":13686,"205":13686,"206":13686,"207":13686,"208":13686,"209":13686,"210":13686,"211":13686,"212":13686,"213":13686,"214":13686,"215":13686,"216":13686,"217":13686,"218":13686,"219":13686,"220":1,"221":13849,"222":13849,"223":13849,"224":13849,"225":13849,"226":13849,"227":13849,"228":13849,"229":13849,"230":13849,"231":13849,"232":13849,"233":13849,"234":13849,"235":13849,"236":13849,"237":13849,"238":13849,"239":1266,"240":12583,"241":13849,"242":13849,"243":1,"244":27535,"245":27535,"246":11835,"247":11835,"248":11835,"249":11835,"250":15700,"251":27535,"252":27535,"253":27535,"254":27535,"255":27535,"256":27535,"257":27535,"258":27535,"259":1,"260":27535,"261":27535,"262":27535,"263":27535,"264":1,"265":13686,"266":13686,"267":13686,"268":13686,"269":13686,"270":13686,"271":1,"272":159687,"273":159687,"274":159683,"275":4,"276":159687,"277":1,"278":325746,"279":325746,"280":401782,"281":401782,"282":326035,"283":401782,"284":325746,"285":325746,"286":1,"287":15115,"288":15115,"289":15115,"290":15115,"291":1,"292":110303,"293":110303,"294":110303,"295":110303,"296":1,"297":163,"298":163,"299":163},"branchMap":{"0":{"type":"branch","line":1,"loc":{"start":{"line":1,"column":0},"end":{"line":1,"column":8}},"locations":[{"start":{"line":1,"column":0},"end":{"line":1,"column":8}}]},"1":{"type":"branch","line":52,"loc":{"start":{"line":52,"column":7},"end":{"line":76,"column":1}},"locations":[{"start":{"line":52,"column":7},"end":{"line":76,"column":1}}]},"2":{"type":"branch","line":56,"loc":{"start":{"line":56,"column":31},"end":{"line":56,"column":45}},"locations":[{"start":{"line":56,"column":31},"end":{"line":56,"column":45}}]},"3":{"type":"branch","line":57,"loc":{"start":{"line":57,"column":32},"end":{"line":57,"column":55}},"locations":[{"start":{"line":57,"column":32},"end":{"line":57,"column":55}}]},"4":{"type":"branch","line":65,"loc":{"start":{"line":65,"column":72},"end":{"line":65,"column":99}},"locations":[{"start":{"line":65,"column":72},"end":{"line":65,"column":99}}]},"5":{"type":"branch","line":78,"loc":{"start":{"line":78,"column":7},"end":{"line":100,"column":1}},"locations":[{"start":{"line":78,"column":7},"end":{"line":100,"column":1}}]},"6":{"type":"branch","line":79,"loc":{"start":{"line":79,"column":20},"end":{"line":99,"column":3}},"locations":[{"start":{"line":79,"column":20},"end":{"line":99,"column":3}}]},"7":{"type":"branch","line":97,"loc":{"start":{"line":97,"column":17},"end":{"line":97,"column":71}},"locations":[{"start":{"line":97,"column":17},"end":{"line":97,"column":71}}]},"8":{"type":"branch","line":97,"loc":{"start":{"line":97,"column":17},"end":{"line":97,"column":67}},"locations":[{"start":{"line":97,"column":17},"end":{"line":97,"column":67}}]},"9":{"type":"branch","line":97,"loc":{"start":{"line":97,"column":63},"end":{"line":97,"column":71}},"locations":[{"start":{"line":97,"column":63},"end":{"line":97,"column":71}}]},"10":{"type":"branch","line":102,"loc":{"start":{"line":102,"column":0},"end":{"line":107,"column":1}},"locations":[{"start":{"line":102,"column":0},"end":{"line":107,"column":1}}]},"11":{"type":"branch","line":103,"loc":{"start":{"line":103,"column":24},"end":{"line":106,"column":3}},"locations":[{"start":{"line":103,"column":24},"end":{"line":106,"column":3}}]},"12":{"type":"branch","line":104,"loc":{"start":{"line":104,"column":14},"end":{"line":104,"column":82}},"locations":[{"start":{"line":104,"column":14},"end":{"line":104,"column":82}}]},"13":{"type":"branch","line":104,"loc":{"start":{"line":104,"column":82},"end":{"line":104,"column":92}},"locations":[{"start":{"line":104,"column":82},"end":{"line":104,"column":92}}]},"14":{"type":"branch","line":105,"loc":{"start":{"line":105,"column":4},"end":{"line":105,"column":68}},"locations":[{"start":{"line":105,"column":4},"end":{"line":105,"column":68}}]},"15":{"type":"branch","line":109,"loc":{"start":{"line":109,"column":0},"end":{"line":125,"column":1}},"locations":[{"start":{"line":109,"column":0},"end":{"line":125,"column":1}}]},"16":{"type":"branch","line":110,"loc":{"start":{"line":110,"column":25},"end":{"line":124,"column":3}},"locations":[{"start":{"line":110,"column":25},"end":{"line":124,"column":3}}]},"17":{"type":"branch","line":112,"loc":{"start":{"line":112,"column":14},"end":{"line":112,"column":83}},"locations":[{"start":{"line":112,"column":14},"end":{"line":112,"column":83}}]},"18":{"type":"branch","line":112,"loc":{"start":{"line":112,"column":83},"end":{"line":112,"column":93}},"locations":[{"start":{"line":112,"column":83},"end":{"line":112,"column":93}}]},"19":{"type":"branch","line":113,"loc":{"start":{"line":113,"column":4},"end":{"line":123,"column":32}},"locations":[{"start":{"line":113,"column":4},"end":{"line":123,"column":32}}]},"20":{"type":"branch","line":114,"loc":{"start":{"line":114,"column":27},"end":{"line":114,"column":37}},"locations":[{"start":{"line":114,"column":27},"end":{"line":114,"column":37}}]},"21":{"type":"branch","line":116,"loc":{"start":{"line":116,"column":4},"end":{"line":123,"column":32}},"locations":[{"start":{"line":116,"column":4},"end":{"line":123,"column":32}}]},"22":{"type":"branch","line":127,"loc":{"start":{"line":127,"column":0},"end":{"line":143,"column":1}},"locations":[{"start":{"line":127,"column":0},"end":{"line":143,"column":1}}]},"23":{"type":"branch","line":142,"loc":{"start":{"line":142,"column":10},"end":{"line":142,"column":89}},"locations":[{"start":{"line":142,"column":10},"end":{"line":142,"column":89}}]},"24":{"type":"branch","line":142,"loc":{"start":{"line":142,"column":58},"end":{"line":142,"column":89}},"locations":[{"start":{"line":142,"column":58},"end":{"line":142,"column":89}}]},"25":{"type":"branch","line":145,"loc":{"start":{"line":145,"column":0},"end":{"line":220,"column":1}},"locations":[{"start":{"line":145,"column":0},"end":{"line":220,"column":1}}]},"26":{"type":"branch","line":147,"loc":{"start":{"line":147,"column":31},"end":{"line":147,"column":98}},"locations":[{"start":{"line":147,"column":31},"end":{"line":147,"column":98}}]},"27":{"type":"branch","line":147,"loc":{"start":{"line":147,"column":31},"end":{"line":147,"column":58}},"locations":[{"start":{"line":147,"column":31},"end":{"line":147,"column":58}}]},"28":{"type":"branch","line":147,"loc":{"start":{"line":147,"column":48},"end":{"line":147,"column":98}},"locations":[{"start":{"line":147,"column":48},"end":{"line":147,"column":98}}]},"29":{"type":"branch","line":148,"loc":{"start":{"line":148,"column":31},"end":{"line":148,"column":57}},"locations":[{"start":{"line":148,"column":31},"end":{"line":148,"column":57}}]},"30":{"type":"branch","line":148,"loc":{"start":{"line":148,"column":47},"end":{"line":148,"column":59}},"locations":[{"start":{"line":148,"column":47},"end":{"line":148,"column":59}}]},"31":{"type":"branch","line":148,"loc":{"start":{"line":148,"column":73},"end":{"line":148,"column":88}},"locations":[{"start":{"line":148,"column":73},"end":{"line":148,"column":88}}]},"32":{"type":"branch","line":149,"loc":{"start":{"line":149,"column":131},"end":{"line":149,"column":138}},"locations":[{"start":{"line":149,"column":131},"end":{"line":149,"column":138}}]},"33":{"type":"branch","line":150,"loc":{"start":{"line":150,"column":150},"end":{"line":150,"column":157}},"locations":[{"start":{"line":150,"column":150},"end":{"line":150,"column":157}}]},"34":{"type":"branch","line":151,"loc":{"start":{"line":151,"column":83},"end":{"line":151,"column":89}},"locations":[{"start":{"line":151,"column":83},"end":{"line":151,"column":89}}]},"35":{"type":"branch","line":152,"loc":{"start":{"line":152,"column":111},"end":{"line":152,"column":117}},"locations":[{"start":{"line":152,"column":111},"end":{"line":152,"column":117}}]},"36":{"type":"branch","line":153,"loc":{"start":{"line":153,"column":90},"end":{"line":153,"column":97}},"locations":[{"start":{"line":153,"column":90},"end":{"line":153,"column":97}}]},"37":{"type":"branch","line":160,"loc":{"start":{"line":160,"column":21},"end":{"line":160,"column":52}},"locations":[{"start":{"line":160,"column":21},"end":{"line":160,"column":52}}]},"38":{"type":"branch","line":160,"loc":{"start":{"line":160,"column":48},"end":{"line":160,"column":72}},"locations":[{"start":{"line":160,"column":48},"end":{"line":160,"column":72}}]},"39":{"type":"branch","line":162,"loc":{"start":{"line":162,"column":2},"end":{"line":162,"column":9}},"locations":[{"start":{"line":162,"column":2},"end":{"line":162,"column":9}}]},"40":{"type":"branch","line":168,"loc":{"start":{"line":168,"column":21},"end":{"line":168,"column":52}},"locations":[{"start":{"line":168,"column":21},"end":{"line":168,"column":52}}]},"41":{"type":"branch","line":168,"loc":{"start":{"line":168,"column":48},"end":{"line":168,"column":71}},"locations":[{"start":{"line":168,"column":48},"end":{"line":168,"column":71}}]},"42":{"type":"branch","line":170,"loc":{"start":{"line":170,"column":2},"end":{"line":170,"column":9}},"locations":[{"start":{"line":170,"column":2},"end":{"line":170,"column":9}}]},"43":{"type":"branch","line":172,"loc":{"start":{"line":172,"column":65},"end":{"line":172,"column":72}},"locations":[{"start":{"line":172,"column":65},"end":{"line":172,"column":72}}]},"44":{"type":"branch","line":185,"loc":{"start":{"line":185,"column":52},"end":{"line":185,"column":81}},"locations":[{"start":{"line":185,"column":52},"end":{"line":185,"column":81}}]},"45":{"type":"branch","line":185,"loc":{"start":{"line":185,"column":68},"end":{"line":185,"column":86}},"locations":[{"start":{"line":185,"column":68},"end":{"line":185,"column":86}}]},"46":{"type":"branch","line":186,"loc":{"start":{"line":186,"column":73},"end":{"line":186,"column":81}},"locations":[{"start":{"line":186,"column":73},"end":{"line":186,"column":81}}]},"47":{"type":"branch","line":195,"loc":{"start":{"line":195,"column":22},"end":{"line":195,"column":62}},"locations":[{"start":{"line":195,"column":22},"end":{"line":195,"column":62}}]},"48":{"type":"branch","line":196,"loc":{"start":{"line":196,"column":29},"end":{"line":196,"column":98}},"locations":[{"start":{"line":196,"column":29},"end":{"line":196,"column":98}}]},"49":{"type":"branch","line":196,"loc":{"start":{"line":196,"column":29},"end":{"line":196,"column":56}},"locations":[{"start":{"line":196,"column":29},"end":{"line":196,"column":56}}]},"50":{"type":"branch","line":196,"loc":{"start":{"line":196,"column":48},"end":{"line":196,"column":98}},"locations":[{"start":{"line":196,"column":48},"end":{"line":196,"column":98}}]},"51":{"type":"branch","line":199,"loc":{"start":{"line":199,"column":26},"end":{"line":199,"column":106}},"locations":[{"start":{"line":199,"column":26},"end":{"line":199,"column":106}}]},"52":{"type":"branch","line":199,"loc":{"start":{"line":199,"column":42},"end":{"line":199,"column":62}},"locations":[{"start":{"line":199,"column":42},"end":{"line":199,"column":62}}]},"53":{"type":"branch","line":199,"loc":{"start":{"line":199,"column":53},"end":{"line":199,"column":106}},"locations":[{"start":{"line":199,"column":53},"end":{"line":199,"column":106}}]},"54":{"type":"branch","line":199,"loc":{"start":{"line":199,"column":68},"end":{"line":199,"column":97}},"locations":[{"start":{"line":199,"column":68},"end":{"line":199,"column":97}}]},"55":{"type":"branch","line":201,"loc":{"start":{"line":201,"column":57},"end":{"line":201,"column":94}},"locations":[{"start":{"line":201,"column":57},"end":{"line":201,"column":94}}]},"56":{"type":"branch","line":201,"loc":{"start":{"line":201,"column":75},"end":{"line":201,"column":104}},"locations":[{"start":{"line":201,"column":75},"end":{"line":201,"column":104}}]},"57":{"type":"branch","line":202,"loc":{"start":{"line":202,"column":49},"end":{"line":202,"column":78}},"locations":[{"start":{"line":202,"column":49},"end":{"line":202,"column":78}}]},"58":{"type":"branch","line":202,"loc":{"start":{"line":202,"column":65},"end":{"line":202,"column":83}},"locations":[{"start":{"line":202,"column":65},"end":{"line":202,"column":83}}]},"59":{"type":"branch","line":208,"loc":{"start":{"line":208,"column":124},"end":{"line":208,"column":131}},"locations":[{"start":{"line":208,"column":124},"end":{"line":208,"column":131}}]},"60":{"type":"branch","line":209,"loc":{"start":{"line":209,"column":114},"end":{"line":209,"column":121}},"locations":[{"start":{"line":209,"column":114},"end":{"line":209,"column":121}}]},"61":{"type":"branch","line":210,"loc":{"start":{"line":210,"column":127},"end":{"line":210,"column":134}},"locations":[{"start":{"line":210,"column":127},"end":{"line":210,"column":134}}]},"62":{"type":"branch","line":212,"loc":{"start":{"line":212,"column":71},"end":{"line":212,"column":78}},"locations":[{"start":{"line":212,"column":71},"end":{"line":212,"column":78}}]},"63":{"type":"branch","line":215,"loc":{"start":{"line":215,"column":12},"end":{"line":215,"column":100}},"locations":[{"start":{"line":215,"column":12},"end":{"line":215,"column":100}}]},"64":{"type":"branch","line":215,"loc":{"start":{"line":215,"column":94},"end":{"line":215,"column":110}},"locations":[{"start":{"line":215,"column":94},"end":{"line":215,"column":110}}]},"65":{"type":"branch","line":218,"loc":{"start":{"line":218,"column":4},"end":{"line":218,"column":11}},"locations":[{"start":{"line":218,"column":4},"end":{"line":218,"column":11}}]},"66":{"type":"branch","line":222,"loc":{"start":{"line":222,"column":0},"end":{"line":243,"column":1}},"locations":[{"start":{"line":222,"column":0},"end":{"line":243,"column":1}}]},"67":{"type":"branch","line":223,"loc":{"start":{"line":223,"column":26},"end":{"line":223,"column":42}},"locations":[{"start":{"line":223,"column":26},"end":{"line":223,"column":42}}]},"68":{"type":"branch","line":225,"loc":{"start":{"line":225,"column":74},"end":{"line":225,"column":81}},"locations":[{"start":{"line":225,"column":74},"end":{"line":225,"column":81}}]},"69":{"type":"branch","line":226,"loc":{"start":{"line":226,"column":84},"end":{"line":226,"column":118}},"locations":[{"start":{"line":226,"column":84},"end":{"line":226,"column":118}}]},"70":{"type":"branch","line":226,"loc":{"start":{"line":226,"column":113},"end":{"line":226,"column":129}},"locations":[{"start":{"line":226,"column":113},"end":{"line":226,"column":129}}]},"71":{"type":"branch","line":226,"loc":{"start":{"line":226,"column":130},"end":{"line":226,"column":136}},"locations":[{"start":{"line":226,"column":130},"end":{"line":226,"column":136}}]},"72":{"type":"branch","line":230,"loc":{"start":{"line":230,"column":22},"end":{"line":230,"column":84}},"locations":[{"start":{"line":230,"column":22},"end":{"line":230,"column":84}}]},"73":{"type":"branch","line":230,"loc":{"start":{"line":230,"column":22},"end":{"line":230,"column":59}},"locations":[{"start":{"line":230,"column":22},"end":{"line":230,"column":59}}]},"74":{"type":"branch","line":230,"loc":{"start":{"line":230,"column":41},"end":{"line":230,"column":84}},"locations":[{"start":{"line":230,"column":41},"end":{"line":230,"column":84}}]},"75":{"type":"branch","line":231,"loc":{"start":{"line":231,"column":18},"end":{"line":231,"column":37}},"locations":[{"start":{"line":231,"column":18},"end":{"line":231,"column":37}}]},"76":{"type":"branch","line":234,"loc":{"start":{"line":234,"column":60},"end":{"line":234,"column":94}},"locations":[{"start":{"line":234,"column":60},"end":{"line":234,"column":94}}]},"77":{"type":"branch","line":234,"loc":{"start":{"line":234,"column":89},"end":{"line":234,"column":105}},"locations":[{"start":{"line":234,"column":89},"end":{"line":234,"column":105}}]},"78":{"type":"branch","line":239,"loc":{"start":{"line":239,"column":30},"end":{"line":240,"column":74}},"locations":[{"start":{"line":239,"column":30},"end":{"line":240,"column":74}}]},"79":{"type":"branch","line":240,"loc":{"start":{"line":240,"column":71},"end":{"line":241,"column":27}},"locations":[{"start":{"line":240,"column":71},"end":{"line":241,"column":27}}]},"80":{"type":"branch","line":245,"loc":{"start":{"line":245,"column":0},"end":{"line":259,"column":1}},"locations":[{"start":{"line":245,"column":0},"end":{"line":259,"column":1}}]},"81":{"type":"branch","line":246,"loc":{"start":{"line":246,"column":24},"end":{"line":246,"column":50}},"locations":[{"start":{"line":246,"column":24},"end":{"line":246,"column":50}}]},"82":{"type":"branch","line":246,"loc":{"start":{"line":246,"column":35},"end":{"line":246,"column":66}},"locations":[{"start":{"line":246,"column":35},"end":{"line":246,"column":66}}]},"83":{"type":"branch","line":246,"loc":{"start":{"line":246,"column":50},"end":{"line":250,"column":7}},"locations":[{"start":{"line":246,"column":50},"end":{"line":250,"column":7}}]},"84":{"type":"branch","line":248,"loc":{"start":{"line":248,"column":71},"end":{"line":248,"column":78}},"locations":[{"start":{"line":248,"column":71},"end":{"line":248,"column":78}}]},"85":{"type":"branch","line":249,"loc":{"start":{"line":249,"column":71},"end":{"line":249,"column":78}},"locations":[{"start":{"line":249,"column":71},"end":{"line":249,"column":78}}]},"86":{"type":"branch","line":250,"loc":{"start":{"line":250,"column":6},"end":{"line":251,"column":8}},"locations":[{"start":{"line":250,"column":6},"end":{"line":251,"column":8}}]},"87":{"type":"branch","line":254,"loc":{"start":{"line":254,"column":16},"end":{"line":254,"column":50}},"locations":[{"start":{"line":254,"column":16},"end":{"line":254,"column":50}}]},"88":{"type":"branch","line":254,"loc":{"start":{"line":254,"column":27},"end":{"line":254,"column":63}},"locations":[{"start":{"line":254,"column":27},"end":{"line":254,"column":63}}]},"89":{"type":"branch","line":254,"loc":{"start":{"line":254,"column":63},"end":{"line":254,"column":97}},"locations":[{"start":{"line":254,"column":63},"end":{"line":254,"column":97}}]},"90":{"type":"branch","line":254,"loc":{"start":{"line":254,"column":74},"end":{"line":254,"column":113}},"locations":[{"start":{"line":254,"column":74},"end":{"line":254,"column":113}}]},"91":{"type":"branch","line":254,"loc":{"start":{"line":254,"column":114},"end":{"line":254,"column":121}},"locations":[{"start":{"line":254,"column":114},"end":{"line":254,"column":121}}]},"92":{"type":"branch","line":256,"loc":{"start":{"line":256,"column":4},"end":{"line":256,"column":28}},"locations":[{"start":{"line":256,"column":4},"end":{"line":256,"column":28}}]},"93":{"type":"branch","line":256,"loc":{"start":{"line":256,"column":15},"end":{"line":256,"column":39}},"locations":[{"start":{"line":256,"column":15},"end":{"line":256,"column":39}}]},"94":{"type":"branch","line":256,"loc":{"start":{"line":256,"column":39},"end":{"line":256,"column":52}},"locations":[{"start":{"line":256,"column":39},"end":{"line":256,"column":52}}]},"95":{"type":"branch","line":256,"loc":{"start":{"line":256,"column":47},"end":{"line":256,"column":54}},"locations":[{"start":{"line":256,"column":47},"end":{"line":256,"column":54}}]},"96":{"type":"branch","line":257,"loc":{"start":{"line":257,"column":4},"end":{"line":257,"column":35}},"locations":[{"start":{"line":257,"column":4},"end":{"line":257,"column":35}}]},"97":{"type":"branch","line":257,"loc":{"start":{"line":257,"column":15},"end":{"line":257,"column":46}},"locations":[{"start":{"line":257,"column":15},"end":{"line":257,"column":46}}]},"98":{"type":"branch","line":257,"loc":{"start":{"line":257,"column":46},"end":{"line":257,"column":59}},"locations":[{"start":{"line":257,"column":46},"end":{"line":257,"column":59}}]},"99":{"type":"branch","line":257,"loc":{"start":{"line":257,"column":54},"end":{"line":257,"column":61}},"locations":[{"start":{"line":257,"column":54},"end":{"line":257,"column":61}}]},"100":{"type":"branch","line":261,"loc":{"start":{"line":261,"column":0},"end":{"line":264,"column":1}},"locations":[{"start":{"line":261,"column":0},"end":{"line":264,"column":1}}]},"101":{"type":"branch","line":262,"loc":{"start":{"line":262,"column":33},"end":{"line":262,"column":57}},"locations":[{"start":{"line":262,"column":33},"end":{"line":262,"column":57}}]},"102":{"type":"branch","line":262,"loc":{"start":{"line":262,"column":44},"end":{"line":262,"column":69}},"locations":[{"start":{"line":262,"column":44},"end":{"line":262,"column":69}}]},"103":{"type":"branch","line":262,"loc":{"start":{"line":262,"column":69},"end":{"line":262,"column":99}},"locations":[{"start":{"line":262,"column":69},"end":{"line":262,"column":99}}]},"104":{"type":"branch","line":262,"loc":{"start":{"line":262,"column":100},"end":{"line":262,"column":107}},"locations":[{"start":{"line":262,"column":100},"end":{"line":262,"column":107}}]},"105":{"type":"branch","line":266,"loc":{"start":{"line":266,"column":0},"end":{"line":271,"column":1}},"locations":[{"start":{"line":266,"column":0},"end":{"line":271,"column":1}}]},"106":{"type":"branch","line":267,"loc":{"start":{"line":267,"column":36},"end":{"line":267,"column":47}},"locations":[{"start":{"line":267,"column":36},"end":{"line":267,"column":47}}]},"107":{"type":"branch","line":268,"loc":{"start":{"line":268,"column":34},"end":{"line":268,"column":43}},"locations":[{"start":{"line":268,"column":34},"end":{"line":268,"column":43}}]},"108":{"type":"branch","line":269,"loc":{"start":{"line":269,"column":30},"end":{"line":269,"column":79}},"locations":[{"start":{"line":269,"column":30},"end":{"line":269,"column":79}}]},"109":{"type":"branch","line":269,"loc":{"start":{"line":269,"column":79},"end":{"line":269,"column":96}},"locations":[{"start":{"line":269,"column":79},"end":{"line":269,"column":96}}]},"110":{"type":"branch","line":270,"loc":{"start":{"line":270,"column":2},"end":{"line":270,"column":65}},"locations":[{"start":{"line":270,"column":2},"end":{"line":270,"column":65}}]},"111":{"type":"branch","line":273,"loc":{"start":{"line":273,"column":0},"end":{"line":277,"column":1}},"locations":[{"start":{"line":273,"column":0},"end":{"line":277,"column":1}}]},"112":{"type":"branch","line":274,"loc":{"start":{"line":274,"column":9},"end":{"line":275,"column":34}},"locations":[{"start":{"line":274,"column":9},"end":{"line":275,"column":34}}]},"113":{"type":"branch","line":274,"loc":{"start":{"line":274,"column":9},"end":{"line":274,"column":47}},"locations":[{"start":{"line":274,"column":9},"end":{"line":274,"column":47}}]},"114":{"type":"branch","line":274,"loc":{"start":{"line":274,"column":35},"end":{"line":275,"column":34}},"locations":[{"start":{"line":274,"column":35},"end":{"line":275,"column":34}}]},"115":{"type":"branch","line":275,"loc":{"start":{"line":275,"column":6},"end":{"line":276,"column":9}},"locations":[{"start":{"line":275,"column":6},"end":{"line":276,"column":9}}]},"116":{"type":"branch","line":279,"loc":{"start":{"line":279,"column":0},"end":{"line":286,"column":1}},"locations":[{"start":{"line":279,"column":0},"end":{"line":286,"column":1}}]},"117":{"type":"branch","line":280,"loc":{"start":{"line":280,"column":30},"end":{"line":284,"column":3}},"locations":[{"start":{"line":280,"column":30},"end":{"line":284,"column":3}}]},"118":{"type":"branch","line":281,"loc":{"start":{"line":281,"column":18},"end":{"line":281,"column":49}},"locations":[{"start":{"line":281,"column":18},"end":{"line":281,"column":49}}]},"119":{"type":"branch","line":281,"loc":{"start":{"line":281,"column":36},"end":{"line":281,"column":63}},"locations":[{"start":{"line":281,"column":36},"end":{"line":281,"column":63}}]},"120":{"type":"branch","line":281,"loc":{"start":{"line":281,"column":63},"end":{"line":281,"column":72}},"locations":[{"start":{"line":281,"column":63},"end":{"line":281,"column":72}}]},"121":{"type":"branch","line":282,"loc":{"start":{"line":282,"column":4},"end":{"line":283,"column":47}},"locations":[{"start":{"line":282,"column":4},"end":{"line":283,"column":47}}]},"122":{"type":"branch","line":282,"loc":{"start":{"line":282,"column":4},"end":{"line":283,"column":33}},"locations":[{"start":{"line":282,"column":4},"end":{"line":283,"column":33}}]},"123":{"type":"branch","line":283,"loc":{"start":{"line":283,"column":33},"end":{"line":283,"column":47}},"locations":[{"start":{"line":283,"column":33},"end":{"line":283,"column":47}}]},"124":{"type":"branch","line":285,"loc":{"start":{"line":285,"column":2},"end":{"line":285,"column":19}},"locations":[{"start":{"line":285,"column":2},"end":{"line":285,"column":19}}]},"125":{"type":"branch","line":288,"loc":{"start":{"line":288,"column":0},"end":{"line":291,"column":1}},"locations":[{"start":{"line":288,"column":0},"end":{"line":291,"column":1}}]},"126":{"type":"branch","line":290,"loc":{"start":{"line":290,"column":31},"end":{"line":290,"column":44}},"locations":[{"start":{"line":290,"column":31},"end":{"line":290,"column":44}}]},"127":{"type":"branch","line":290,"loc":{"start":{"line":290,"column":35},"end":{"line":290,"column":46}},"locations":[{"start":{"line":290,"column":35},"end":{"line":290,"column":46}}]},"128":{"type":"branch","line":293,"loc":{"start":{"line":293,"column":0},"end":{"line":296,"column":1}},"locations":[{"start":{"line":293,"column":0},"end":{"line":296,"column":1}}]},"129":{"type":"branch","line":294,"loc":{"start":{"line":294,"column":31},"end":{"line":294,"column":42}},"locations":[{"start":{"line":294,"column":31},"end":{"line":294,"column":42}}]},"130":{"type":"branch","line":298,"loc":{"start":{"line":298,"column":0},"end":{"line":300,"column":1}},"locations":[{"start":{"line":298,"column":0},"end":{"line":300,"column":1}}]}},"b":{"0":[60],"1":[163],"2":[27],"3":[46],"4":[161],"5":[5],"6":[574],"7":[573],"8":[556],"9":[18],"10":[163],"11":[15339],"12":[15337],"13":[2228],"14":[13111],"15":[163],"16":[65333],"17":[65331],"18":[65329],"19":[4],"20":[3],"21":[1],"22":[80668],"23":[823865],"24":[13112],"25":[13686],"26":[6],"27":[3],"28":[2],"29":[13685],"30":[6],"31":[6],"32":[0],"33":[0],"34":[0],"35":[0],"36":[0],"37":[7343],"38":[6343],"39":[0],"40":[7343],"41":[6343],"42":[0],"43":[0],"44":[13685],"45":[0],"46":[0],"47":[13685],"48":[20],"49":[17],"50":[16],"51":[20],"52":[18],"53":[3],"54":[1],"55":[13094],"56":[592],"57":[13685],"58":[0],"59":[0],"60":[0],"61":[0],"62":[0],"63":[1162],"64":[12524],"65":[0],"66":[13849],"67":[576],"68":[0],"69":[13788],"70":[61],"71":[0],"72":[13786],"73":[1210],"74":[635],"75":[0],"76":[13788],"77":[61],"78":[1266],"79":[12583],"80":[27535],"81":[26961],"82":[26382],"83":[11835],"84":[0],"85":[0],"86":[15700],"87":[26961],"88":[26292],"89":[26961],"90":[26292],"91":[0],"92":[26961],"93":[26381],"94":[11831],"95":[15704],"96":[26961],"97":[26381],"98":[26251],"99":[1284],"100":[27535],"101":[26961],"102":[25177],"103":[26961],"104":[0],"105":[13686],"106":[18],"107":[17],"108":[13668],"109":[19],"110":[13667],"111":[159687],"112":[159686],"113":[159684],"114":[159683],"115":[4],"116":[325746],"117":[401782],"118":[401780],"119":[325748],"120":[76038],"121":[326035],"122":[325744],"123":[325739],"124":[7],"125":[15115],"126":[15053],"127":[62],"128":[110303],"129":[0],"130":[163]},"fnMap":{"0":{"name":"__name","decl":{"start":{"line":1,"column":0},"end":{"line":1,"column":8}},"loc":{"start":{"line":1,"column":0},"end":{"line":1,"column":8}},"line":1},"1":{"name":"buildStockSurvivalMemory","decl":{"start":{"line":52,"column":7},"end":{"line":76,"column":1}},"loc":{"start":{"line":52,"column":7},"end":{"line":76,"column":1}},"line":52},"2":{"name":"enrichTradesWithSurvivalMemory","decl":{"start":{"line":78,"column":7},"end":{"line":100,"column":1}},"loc":{"start":{"line":78,"column":7},"end":{"line":100,"column":1}},"line":78},"3":{"name":"recordsFromTrades","decl":{"start":{"line":102,"column":0},"end":{"line":107,"column":1}},"loc":{"start":{"line":102,"column":0},"end":{"line":107,"column":1}},"line":102},"4":{"name":"recordsFromHistory","decl":{"start":{"line":109,"column":0},"end":{"line":125,"column":1}},"loc":{"start":{"line":109,"column":0},"end":{"line":125,"column":1}},"line":109},"5":{"name":"hasExplicitSurvivalFields","decl":{"start":{"line":127,"column":0},"end":{"line":143,"column":1}},"loc":{"start":{"line":127,"column":0},"end":{"line":143,"column":1}},"line":127},"6":{"name":"survivalRecordFromObject","decl":{"start":{"line":145,"column":0},"end":{"line":220,"column":1}},"loc":{"start":{"line":145,"column":0},"end":{"line":220,"column":1}},"line":145},"7":{"name":"stockSurvivalState","decl":{"start":{"line":222,"column":0},"end":{"line":243,"column":1}},"loc":{"start":{"line":222,"column":0},"end":{"line":243,"column":1}},"line":222},"8":{"name":"structuralDangerFor","decl":{"start":{"line":245,"column":0},"end":{"line":259,"column":1}},"loc":{"start":{"line":245,"column":0},"end":{"line":259,"column":1}},"line":245},"9":{"name":"noveltyFor","decl":{"start":{"line":261,"column":0},"end":{"line":264,"column":1}},"loc":{"start":{"line":261,"column":0},"end":{"line":264,"column":1}},"line":261},"10":{"name":"durationBars","decl":{"start":{"line":266,"column":0},"end":{"line":271,"column":1}},"loc":{"start":{"line":266,"column":0},"end":{"line":271,"column":1}},"line":266},"11":{"name":"objectOrEmpty","decl":{"start":{"line":273,"column":0},"end":{"line":277,"column":1}},"loc":{"start":{"line":273,"column":0},"end":{"line":277,"column":1}},"line":273},"12":{"name":"firstNumber","decl":{"start":{"line":279,"column":0},"end":{"line":286,"column":1}},"loc":{"start":{"line":279,"column":0},"end":{"line":286,"column":1}},"line":279},"13":{"name":"number","decl":{"start":{"line":288,"column":0},"end":{"line":291,"column":1}},"loc":{"start":{"line":288,"column":0},"end":{"line":291,"column":1}},"line":288},"14":{"name":"clamp","decl":{"start":{"line":293,"column":0},"end":{"line":296,"column":1}},"loc":{"start":{"line":293,"column":0},"end":{"line":296,"column":1}},"line":293},"15":{"name":"round","decl":{"start":{"line":298,"column":0},"end":{"line":300,"column":1}},"loc":{"start":{"line":298,"column":0},"end":{"line":300,"column":1}},"line":298}},"f":{"0":60,"1":163,"2":5,"3":163,"4":163,"5":80668,"6":13686,"7":13849,"8":27535,"9":27535,"10":13686,"11":159687,"12":325746,"13":15115,"14":110303,"15":163}}
,"/Users/diogoangelim/signal/examples/stocks-optimizer/src/artifacts/signal-framework/survival-memory/engine.ts": {"path":"/Users/diogoangelim/signal/examples/stocks-optimizer/src/artifacts/signal-framework/survival-memory/engine.ts","all":false,"statementMap":{"0":{"start":{"line":1,"column":0},"end":{"line":1,"column":34}},"1":{"start":{"line":2,"column":0},"end":{"line":2,"column":26}},"2":{"start":{"line":3,"column":0},"end":{"line":3,"column":23}},"3":{"start":{"line":4,"column":0},"end":{"line":4,"column":21}},"4":{"start":{"line":5,"column":0},"end":{"line":5,"column":22}},"5":{"start":{"line":6,"column":0},"end":{"line":6,"column":0}},"6":{"start":{"line":7,"column":0},"end":{"line":7,"column":83}},"7":{"start":{"line":8,"column":0},"end":{"line":8,"column":0}},"8":{"start":{"line":9,"column":0},"end":{"line":9,"column":89}},"9":{"start":{"line":10,"column":0},"end":{"line":10,"column":0}},"10":{"start":{"line":11,"column":0},"end":{"line":11,"column":84}},"11":{"start":{"line":12,"column":0},"end":{"line":12,"column":0}},"12":{"start":{"line":13,"column":0},"end":{"line":13,"column":39}},"13":{"start":{"line":14,"column":0},"end":{"line":14,"column":13}},"14":{"start":{"line":15,"column":0},"end":{"line":15,"column":20}},"15":{"start":{"line":16,"column":0},"end":{"line":16,"column":17}},"16":{"start":{"line":17,"column":0},"end":{"line":17,"column":17}},"17":{"start":{"line":18,"column":0},"end":{"line":18,"column":18}},"18":{"start":{"line":19,"column":0},"end":{"line":19,"column":27}},"19":{"start":{"line":20,"column":0},"end":{"line":20,"column":25}},"20":{"start":{"line":21,"column":0},"end":{"line":21,"column":22}},"21":{"start":{"line":22,"column":0},"end":{"line":22,"column":25}},"22":{"start":{"line":23,"column":0},"end":{"line":23,"column":22}},"23":{"start":{"line":24,"column":0},"end":{"line":24,"column":30}},"24":{"start":{"line":25,"column":0},"end":{"line":25,"column":28}},"25":{"start":{"line":26,"column":0},"end":{"line":26,"column":30}},"26":{"start":{"line":27,"column":0},"end":{"line":27,"column":19}},"27":{"start":{"line":28,"column":0},"end":{"line":28,"column":26}},"28":{"start":{"line":29,"column":0},"end":{"line":29,"column":27}},"29":{"start":{"line":30,"column":0},"end":{"line":30,"column":18}},"30":{"start":{"line":31,"column":0},"end":{"line":31,"column":29}},"31":{"start":{"line":32,"column":0},"end":{"line":32,"column":37}},"32":{"start":{"line":33,"column":0},"end":{"line":33,"column":23}},"33":{"start":{"line":34,"column":0},"end":{"line":34,"column":21}},"34":{"start":{"line":35,"column":0},"end":{"line":35,"column":19}},"35":{"start":{"line":36,"column":0},"end":{"line":36,"column":1}},"36":{"start":{"line":37,"column":0},"end":{"line":37,"column":0}},"37":{"start":{"line":38,"column":0},"end":{"line":38,"column":33}},"38":{"start":{"line":39,"column":0},"end":{"line":39,"column":23}},"39":{"start":{"line":40,"column":0},"end":{"line":40,"column":31}},"40":{"start":{"line":41,"column":0},"end":{"line":41,"column":28}},"41":{"start":{"line":42,"column":0},"end":{"line":42,"column":31}},"42":{"start":{"line":43,"column":0},"end":{"line":43,"column":20}},"43":{"start":{"line":44,"column":0},"end":{"line":44,"column":27}},"44":{"start":{"line":45,"column":0},"end":{"line":45,"column":28}},"45":{"start":{"line":46,"column":0},"end":{"line":46,"column":19}},"46":{"start":{"line":47,"column":0},"end":{"line":47,"column":2}},"47":{"start":{"line":48,"column":0},"end":{"line":48,"column":0}},"48":{"start":{"line":49,"column":0},"end":{"line":49,"column":63}},"49":{"start":{"line":50,"column":0},"end":{"line":50,"column":26}},"50":{"start":{"line":51,"column":0},"end":{"line":51,"column":24}},"51":{"start":{"line":52,"column":0},"end":{"line":52,"column":2}},"52":{"start":{"line":53,"column":0},"end":{"line":53,"column":0}},"53":{"start":{"line":54,"column":0},"end":{"line":54,"column":71}},"54":{"start":{"line":55,"column":0},"end":{"line":55,"column":13}},"55":{"start":{"line":56,"column":0},"end":{"line":56,"column":21}},"56":{"start":{"line":57,"column":0},"end":{"line":57,"column":17}},"57":{"start":{"line":58,"column":0},"end":{"line":58,"column":17}},"58":{"start":{"line":59,"column":0},"end":{"line":59,"column":18}},"59":{"start":{"line":60,"column":0},"end":{"line":60,"column":28}},"60":{"start":{"line":61,"column":0},"end":{"line":61,"column":34}},"61":{"start":{"line":62,"column":0},"end":{"line":62,"column":35}},"62":{"start":{"line":63,"column":0},"end":{"line":63,"column":23}},"63":{"start":{"line":64,"column":0},"end":{"line":64,"column":30}},"64":{"start":{"line":65,"column":0},"end":{"line":65,"column":19}},"65":{"start":{"line":66,"column":0},"end":{"line":66,"column":2}},"66":{"start":{"line":67,"column":0},"end":{"line":67,"column":0}},"67":{"start":{"line":68,"column":0},"end":{"line":68,"column":43}},"68":{"start":{"line":69,"column":0},"end":{"line":69,"column":35}},"69":{"start":{"line":70,"column":0},"end":{"line":70,"column":41}},"70":{"start":{"line":71,"column":0},"end":{"line":71,"column":28}},"71":{"start":{"line":72,"column":0},"end":{"line":72,"column":31}},"72":{"start":{"line":73,"column":0},"end":{"line":73,"column":2}},"73":{"start":{"line":74,"column":0},"end":{"line":74,"column":0}},"74":{"start":{"line":75,"column":0},"end":{"line":75,"column":38}},"75":{"start":{"line":76,"column":0},"end":{"line":76,"column":31}},"76":{"start":{"line":77,"column":0},"end":{"line":77,"column":47}},"77":{"start":{"line":78,"column":0},"end":{"line":78,"column":22}},"78":{"start":{"line":79,"column":0},"end":{"line":79,"column":23}},"79":{"start":{"line":80,"column":0},"end":{"line":80,"column":20}},"80":{"start":{"line":81,"column":0},"end":{"line":81,"column":24}},"81":{"start":{"line":82,"column":0},"end":{"line":82,"column":30}},"82":{"start":{"line":83,"column":0},"end":{"line":83,"column":25}},"83":{"start":{"line":84,"column":0},"end":{"line":84,"column":29}},"84":{"start":{"line":85,"column":0},"end":{"line":85,"column":33}},"85":{"start":{"line":86,"column":0},"end":{"line":86,"column":29}},"86":{"start":{"line":87,"column":0},"end":{"line":87,"column":28}},"87":{"start":{"line":88,"column":0},"end":{"line":88,"column":25}},"88":{"start":{"line":89,"column":0},"end":{"line":89,"column":20}},"89":{"start":{"line":90,"column":0},"end":{"line":90,"column":28}},"90":{"start":{"line":91,"column":0},"end":{"line":91,"column":29}},"91":{"start":{"line":92,"column":0},"end":{"line":92,"column":35}},"92":{"start":{"line":93,"column":0},"end":{"line":93,"column":25}},"93":{"start":{"line":94,"column":0},"end":{"line":94,"column":15}},"94":{"start":{"line":95,"column":0},"end":{"line":95,"column":23}},"95":{"start":{"line":96,"column":0},"end":{"line":96,"column":39}},"96":{"start":{"line":97,"column":0},"end":{"line":97,"column":25}},"97":{"start":{"line":98,"column":0},"end":{"line":98,"column":27}},"98":{"start":{"line":99,"column":0},"end":{"line":99,"column":5}},"99":{"start":{"line":100,"column":0},"end":{"line":100,"column":2}},"100":{"start":{"line":101,"column":0},"end":{"line":101,"column":0}},"101":{"start":{"line":102,"column":0},"end":{"line":102,"column":31}},"102":{"start":{"line":103,"column":0},"end":{"line":103,"column":20}},"103":{"start":{"line":104,"column":0},"end":{"line":104,"column":28}},"104":{"start":{"line":105,"column":0},"end":{"line":105,"column":21}},"105":{"start":{"line":106,"column":0},"end":{"line":106,"column":28}},"106":{"start":{"line":107,"column":0},"end":{"line":107,"column":17}},"107":{"start":{"line":108,"column":0},"end":{"line":108,"column":24}},"108":{"start":{"line":109,"column":0},"end":{"line":109,"column":25}},"109":{"start":{"line":110,"column":0},"end":{"line":110,"column":16}},"110":{"start":{"line":111,"column":0},"end":{"line":111,"column":2}},"111":{"start":{"line":112,"column":0},"end":{"line":112,"column":0}},"112":{"start":{"line":113,"column":0},"end":{"line":113,"column":73}},"113":{"start":{"line":114,"column":0},"end":{"line":114,"column":61}},"114":{"start":{"line":115,"column":0},"end":{"line":115,"column":20}},"115":{"start":{"line":116,"column":0},"end":{"line":116,"column":79}},"116":{"start":{"line":117,"column":0},"end":{"line":117,"column":97}},"117":{"start":{"line":118,"column":0},"end":{"line":118,"column":57}},"118":{"start":{"line":119,"column":0},"end":{"line":119,"column":93}},"119":{"start":{"line":120,"column":0},"end":{"line":120,"column":71}},"120":{"start":{"line":121,"column":0},"end":{"line":121,"column":85}},"121":{"start":{"line":122,"column":0},"end":{"line":122,"column":87}},"122":{"start":{"line":123,"column":0},"end":{"line":123,"column":68}},"123":{"start":{"line":124,"column":0},"end":{"line":124,"column":4}},"124":{"start":{"line":125,"column":0},"end":{"line":125,"column":1}},"125":{"start":{"line":126,"column":0},"end":{"line":126,"column":0}},"126":{"start":{"line":127,"column":0},"end":{"line":127,"column":99}},"127":{"start":{"line":128,"column":0},"end":{"line":128,"column":90}},"128":{"start":{"line":129,"column":0},"end":{"line":129,"column":54}},"129":{"start":{"line":130,"column":0},"end":{"line":130,"column":60}},"130":{"start":{"line":131,"column":0},"end":{"line":131,"column":64}},"131":{"start":{"line":132,"column":0},"end":{"line":132,"column":57}},"132":{"start":{"line":133,"column":0},"end":{"line":133,"column":50}},"133":{"start":{"line":134,"column":0},"end":{"line":134,"column":64}},"134":{"start":{"line":135,"column":0},"end":{"line":135,"column":66}},"135":{"start":{"line":136,"column":0},"end":{"line":136,"column":75}},"136":{"start":{"line":137,"column":0},"end":{"line":137,"column":0}},"137":{"start":{"line":138,"column":0},"end":{"line":138,"column":87}},"138":{"start":{"line":139,"column":0},"end":{"line":139,"column":29}},"139":{"start":{"line":140,"column":0},"end":{"line":140,"column":3}},"140":{"start":{"line":141,"column":0},"end":{"line":141,"column":0}},"141":{"start":{"line":142,"column":0},"end":{"line":142,"column":6}},"142":{"start":{"line":143,"column":0},"end":{"line":143,"column":25}},"143":{"start":{"line":144,"column":0},"end":{"line":144,"column":24}},"144":{"start":{"line":145,"column":0},"end":{"line":145,"column":20}},"145":{"start":{"line":146,"column":0},"end":{"line":146,"column":21}},"146":{"start":{"line":147,"column":0},"end":{"line":147,"column":20}},"147":{"start":{"line":148,"column":0},"end":{"line":148,"column":5}},"148":{"start":{"line":149,"column":0},"end":{"line":149,"column":29}},"149":{"start":{"line":150,"column":0},"end":{"line":150,"column":3}},"150":{"start":{"line":151,"column":0},"end":{"line":151,"column":0}},"151":{"start":{"line":152,"column":0},"end":{"line":152,"column":6}},"152":{"start":{"line":153,"column":0},"end":{"line":153,"column":25}},"153":{"start":{"line":154,"column":0},"end":{"line":154,"column":23}},"154":{"start":{"line":155,"column":0},"end":{"line":155,"column":20}},"155":{"start":{"line":156,"column":0},"end":{"line":156,"column":21}},"156":{"start":{"line":157,"column":0},"end":{"line":157,"column":23}},"157":{"start":{"line":158,"column":0},"end":{"line":158,"column":51}},"158":{"start":{"line":159,"column":0},"end":{"line":159,"column":5}},"159":{"start":{"line":160,"column":0},"end":{"line":160,"column":31}},"160":{"start":{"line":161,"column":0},"end":{"line":161,"column":3}},"161":{"start":{"line":162,"column":0},"end":{"line":162,"column":0}},"162":{"start":{"line":163,"column":0},"end":{"line":163,"column":32}},"163":{"start":{"line":164,"column":0},"end":{"line":164,"column":1}},"164":{"start":{"line":165,"column":0},"end":{"line":165,"column":0}},"165":{"start":{"line":166,"column":0},"end":{"line":166,"column":104}},"166":{"start":{"line":167,"column":0},"end":{"line":167,"column":55}},"167":{"start":{"line":168,"column":0},"end":{"line":168,"column":0}},"168":{"start":{"line":169,"column":0},"end":{"line":169,"column":51}},"169":{"start":{"line":170,"column":0},"end":{"line":170,"column":93}},"170":{"start":{"line":171,"column":0},"end":{"line":171,"column":96}},"171":{"start":{"line":172,"column":0},"end":{"line":172,"column":11}},"172":{"start":{"line":173,"column":0},"end":{"line":173,"column":1}},"173":{"start":{"line":174,"column":0},"end":{"line":174,"column":0}},"174":{"start":{"line":175,"column":0},"end":{"line":175,"column":99}},"175":{"start":{"line":176,"column":0},"end":{"line":176,"column":52}},"176":{"start":{"line":177,"column":0},"end":{"line":177,"column":75}},"177":{"start":{"line":178,"column":0},"end":{"line":178,"column":70}},"178":{"start":{"line":179,"column":0},"end":{"line":179,"column":47}},"179":{"start":{"line":180,"column":0},"end":{"line":180,"column":24}},"180":{"start":{"line":181,"column":0},"end":{"line":181,"column":27}},"181":{"start":{"line":182,"column":0},"end":{"line":182,"column":23}},"182":{"start":{"line":183,"column":0},"end":{"line":183,"column":15}},"183":{"start":{"line":184,"column":0},"end":{"line":184,"column":13}},"184":{"start":{"line":185,"column":0},"end":{"line":185,"column":19}},"185":{"start":{"line":186,"column":0},"end":{"line":186,"column":19}},"186":{"start":{"line":187,"column":0},"end":{"line":187,"column":17}},"187":{"start":{"line":188,"column":0},"end":{"line":188,"column":7}},"188":{"start":{"line":189,"column":0},"end":{"line":189,"column":5}},"189":{"start":{"line":190,"column":0},"end":{"line":190,"column":0}},"190":{"start":{"line":191,"column":0},"end":{"line":191,"column":10}},"191":{"start":{"line":192,"column":0},"end":{"line":192,"column":17}},"192":{"start":{"line":193,"column":0},"end":{"line":193,"column":45}},"193":{"start":{"line":194,"column":0},"end":{"line":194,"column":51}},"194":{"start":{"line":195,"column":0},"end":{"line":195,"column":51}},"195":{"start":{"line":196,"column":0},"end":{"line":196,"column":54}},"196":{"start":{"line":197,"column":0},"end":{"line":197,"column":92}},"197":{"start":{"line":198,"column":0},"end":{"line":198,"column":11}},"198":{"start":{"line":199,"column":0},"end":{"line":199,"column":63}},"199":{"start":{"line":200,"column":0},"end":{"line":200,"column":61}},"200":{"start":{"line":201,"column":0},"end":{"line":201,"column":67}},"201":{"start":{"line":202,"column":0},"end":{"line":202,"column":83}},"202":{"start":{"line":203,"column":0},"end":{"line":203,"column":125}},"203":{"start":{"line":204,"column":0},"end":{"line":204,"column":79}},"204":{"start":{"line":205,"column":0},"end":{"line":205,"column":57}},"205":{"start":{"line":206,"column":0},"end":{"line":206,"column":71}},"206":{"start":{"line":207,"column":0},"end":{"line":207,"column":73}},"207":{"start":{"line":208,"column":0},"end":{"line":208,"column":55}},"208":{"start":{"line":209,"column":0},"end":{"line":209,"column":77}},"209":{"start":{"line":210,"column":0},"end":{"line":210,"column":17}},"210":{"start":{"line":211,"column":0},"end":{"line":211,"column":17}},"211":{"start":{"line":212,"column":0},"end":{"line":212,"column":15}},"212":{"start":{"line":213,"column":0},"end":{"line":213,"column":39}},"213":{"start":{"line":214,"column":0},"end":{"line":214,"column":4}},"214":{"start":{"line":215,"column":0},"end":{"line":215,"column":1}},"215":{"start":{"line":216,"column":0},"end":{"line":216,"column":0}},"216":{"start":{"line":217,"column":0},"end":{"line":217,"column":105}},"217":{"start":{"line":218,"column":0},"end":{"line":218,"column":68}},"218":{"start":{"line":219,"column":0},"end":{"line":219,"column":106}},"219":{"start":{"line":220,"column":0},"end":{"line":220,"column":66}},"220":{"start":{"line":221,"column":0},"end":{"line":221,"column":25}},"221":{"start":{"line":222,"column":0},"end":{"line":222,"column":23}},"222":{"start":{"line":223,"column":0},"end":{"line":223,"column":13}},"223":{"start":{"line":224,"column":0},"end":{"line":224,"column":88}},"224":{"start":{"line":225,"column":0},"end":{"line":225,"column":7}},"225":{"start":{"line":226,"column":0},"end":{"line":226,"column":53}},"226":{"start":{"line":227,"column":0},"end":{"line":227,"column":112}},"227":{"start":{"line":228,"column":0},"end":{"line":228,"column":107}},"228":{"start":{"line":229,"column":0},"end":{"line":229,"column":90}},"229":{"start":{"line":230,"column":0},"end":{"line":230,"column":87}},"230":{"start":{"line":231,"column":0},"end":{"line":231,"column":98}},"231":{"start":{"line":232,"column":0},"end":{"line":232,"column":112}},"232":{"start":{"line":233,"column":0},"end":{"line":233,"column":54}},"233":{"start":{"line":234,"column":0},"end":{"line":234,"column":66}},"234":{"start":{"line":235,"column":0},"end":{"line":235,"column":8}},"235":{"start":{"line":236,"column":0},"end":{"line":236,"column":52}},"236":{"start":{"line":237,"column":0},"end":{"line":237,"column":24}},"237":{"start":{"line":238,"column":0},"end":{"line":238,"column":37}},"238":{"start":{"line":239,"column":0},"end":{"line":239,"column":42}},"239":{"start":{"line":240,"column":0},"end":{"line":240,"column":27}},"240":{"start":{"line":241,"column":0},"end":{"line":241,"column":5}},"241":{"start":{"line":242,"column":0},"end":{"line":242,"column":99}},"242":{"start":{"line":243,"column":0},"end":{"line":243,"column":136}},"243":{"start":{"line":244,"column":0},"end":{"line":244,"column":135}},"244":{"start":{"line":245,"column":0},"end":{"line":245,"column":71}},"245":{"start":{"line":246,"column":0},"end":{"line":246,"column":36}},"246":{"start":{"line":247,"column":0},"end":{"line":247,"column":64}},"247":{"start":{"line":248,"column":0},"end":{"line":248,"column":42}},"248":{"start":{"line":249,"column":0},"end":{"line":249,"column":24}},"249":{"start":{"line":250,"column":0},"end":{"line":250,"column":19}},"250":{"start":{"line":251,"column":0},"end":{"line":251,"column":27}},"251":{"start":{"line":252,"column":0},"end":{"line":252,"column":5}},"252":{"start":{"line":253,"column":0},"end":{"line":253,"column":30}},"253":{"start":{"line":254,"column":0},"end":{"line":254,"column":11}},"254":{"start":{"line":255,"column":0},"end":{"line":255,"column":19}},"255":{"start":{"line":256,"column":0},"end":{"line":256,"column":23}},"256":{"start":{"line":257,"column":0},"end":{"line":257,"column":23}},"257":{"start":{"line":258,"column":0},"end":{"line":258,"column":17}},"258":{"start":{"line":259,"column":0},"end":{"line":259,"column":5}},"259":{"start":{"line":260,"column":0},"end":{"line":260,"column":0}},"260":{"start":{"line":261,"column":0},"end":{"line":261,"column":10}},"261":{"start":{"line":262,"column":0},"end":{"line":262,"column":11}},"262":{"start":{"line":263,"column":0},"end":{"line":263,"column":19}},"263":{"start":{"line":264,"column":0},"end":{"line":264,"column":32}},"264":{"start":{"line":265,"column":0},"end":{"line":265,"column":42}},"265":{"start":{"line":266,"column":0},"end":{"line":266,"column":37}},"266":{"start":{"line":267,"column":0},"end":{"line":267,"column":42}},"267":{"start":{"line":268,"column":0},"end":{"line":268,"column":57}},"268":{"start":{"line":269,"column":0},"end":{"line":269,"column":47}},"269":{"start":{"line":270,"column":0},"end":{"line":270,"column":23}},"270":{"start":{"line":271,"column":0},"end":{"line":271,"column":69}},"271":{"start":{"line":272,"column":0},"end":{"line":272,"column":23}},"272":{"start":{"line":273,"column":0},"end":{"line":273,"column":22}},"273":{"start":{"line":274,"column":0},"end":{"line":274,"column":17}},"274":{"start":{"line":275,"column":0},"end":{"line":275,"column":12}},"275":{"start":{"line":276,"column":0},"end":{"line":276,"column":56}},"276":{"start":{"line":277,"column":0},"end":{"line":277,"column":58}},"277":{"start":{"line":278,"column":0},"end":{"line":278,"column":70}},"278":{"start":{"line":279,"column":0},"end":{"line":279,"column":64}},"279":{"start":{"line":280,"column":0},"end":{"line":280,"column":26}},"280":{"start":{"line":281,"column":0},"end":{"line":281,"column":53}},"281":{"start":{"line":282,"column":0},"end":{"line":282,"column":46}},"282":{"start":{"line":283,"column":0},"end":{"line":283,"column":46}},"283":{"start":{"line":284,"column":0},"end":{"line":284,"column":50}},"284":{"start":{"line":285,"column":0},"end":{"line":285,"column":8}},"285":{"start":{"line":286,"column":0},"end":{"line":286,"column":4}},"286":{"start":{"line":287,"column":0},"end":{"line":287,"column":1}},"287":{"start":{"line":288,"column":0},"end":{"line":288,"column":0}},"288":{"start":{"line":289,"column":0},"end":{"line":289,"column":82}},"289":{"start":{"line":290,"column":0},"end":{"line":290,"column":38}},"290":{"start":{"line":291,"column":0},"end":{"line":291,"column":61}},"291":{"start":{"line":292,"column":0},"end":{"line":292,"column":20}},"292":{"start":{"line":293,"column":0},"end":{"line":293,"column":12}},"293":{"start":{"line":294,"column":0},"end":{"line":294,"column":0}},"294":{"start":{"line":295,"column":0},"end":{"line":295,"column":63}},"295":{"start":{"line":296,"column":0},"end":{"line":296,"column":1}},"296":{"start":{"line":297,"column":0},"end":{"line":297,"column":0}},"297":{"start":{"line":298,"column":0},"end":{"line":298,"column":67}},"298":{"start":{"line":299,"column":0},"end":{"line":299,"column":44}},"299":{"start":{"line":300,"column":0},"end":{"line":300,"column":0}},"300":{"start":{"line":301,"column":0},"end":{"line":301,"column":32}},"301":{"start":{"line":302,"column":0},"end":{"line":302,"column":60}},"302":{"start":{"line":303,"column":0},"end":{"line":303,"column":54}},"303":{"start":{"line":304,"column":0},"end":{"line":304,"column":3}},"304":{"start":{"line":305,"column":0},"end":{"line":305,"column":35}},"305":{"start":{"line":306,"column":0},"end":{"line":306,"column":60}},"306":{"start":{"line":307,"column":0},"end":{"line":307,"column":3}},"307":{"start":{"line":308,"column":0},"end":{"line":308,"column":34}},"308":{"start":{"line":309,"column":0},"end":{"line":309,"column":45}},"309":{"start":{"line":310,"column":0},"end":{"line":310,"column":64}},"310":{"start":{"line":311,"column":0},"end":{"line":311,"column":3}},"311":{"start":{"line":312,"column":0},"end":{"line":312,"column":29}},"312":{"start":{"line":313,"column":0},"end":{"line":313,"column":75}},"313":{"start":{"line":314,"column":0},"end":{"line":314,"column":3}},"314":{"start":{"line":315,"column":0},"end":{"line":315,"column":12}},"315":{"start":{"line":316,"column":0},"end":{"line":316,"column":1}},"316":{"start":{"line":317,"column":0},"end":{"line":317,"column":0}},"317":{"start":{"line":318,"column":0},"end":{"line":318,"column":80}},"318":{"start":{"line":319,"column":0},"end":{"line":319,"column":39}},"319":{"start":{"line":320,"column":0},"end":{"line":320,"column":68}},"320":{"start":{"line":321,"column":0},"end":{"line":321,"column":74}},"321":{"start":{"line":322,"column":0},"end":{"line":322,"column":65}},"322":{"start":{"line":323,"column":0},"end":{"line":323,"column":28}},"323":{"start":{"line":324,"column":0},"end":{"line":324,"column":23}},"324":{"start":{"line":325,"column":0},"end":{"line":325,"column":0}},"325":{"start":{"line":326,"column":0},"end":{"line":326,"column":38}},"326":{"start":{"line":327,"column":0},"end":{"line":327,"column":55}},"327":{"start":{"line":328,"column":0},"end":{"line":328,"column":3}},"328":{"start":{"line":329,"column":0},"end":{"line":329,"column":0}},"329":{"start":{"line":330,"column":0},"end":{"line":330,"column":35}},"330":{"start":{"line":331,"column":0},"end":{"line":331,"column":1}},"331":{"start":{"line":332,"column":0},"end":{"line":332,"column":0}},"332":{"start":{"line":333,"column":0},"end":{"line":333,"column":60}},"333":{"start":{"line":334,"column":0},"end":{"line":334,"column":25}},"334":{"start":{"line":335,"column":0},"end":{"line":335,"column":23}},"335":{"start":{"line":336,"column":0},"end":{"line":336,"column":37}},"336":{"start":{"line":337,"column":0},"end":{"line":337,"column":21}},"337":{"start":{"line":338,"column":0},"end":{"line":338,"column":4}},"338":{"start":{"line":339,"column":0},"end":{"line":339,"column":29}},"339":{"start":{"line":340,"column":0},"end":{"line":340,"column":54}},"340":{"start":{"line":341,"column":0},"end":{"line":341,"column":0}},"341":{"start":{"line":342,"column":0},"end":{"line":342,"column":63}},"342":{"start":{"line":343,"column":0},"end":{"line":343,"column":73}},"343":{"start":{"line":344,"column":0},"end":{"line":344,"column":3}},"344":{"start":{"line":345,"column":0},"end":{"line":345,"column":49}},"345":{"start":{"line":346,"column":0},"end":{"line":346,"column":56}},"346":{"start":{"line":347,"column":0},"end":{"line":347,"column":3}},"347":{"start":{"line":348,"column":0},"end":{"line":348,"column":52}},"348":{"start":{"line":349,"column":0},"end":{"line":349,"column":63}},"349":{"start":{"line":350,"column":0},"end":{"line":350,"column":3}},"350":{"start":{"line":351,"column":0},"end":{"line":351,"column":92}},"351":{"start":{"line":352,"column":0},"end":{"line":352,"column":83}},"352":{"start":{"line":353,"column":0},"end":{"line":353,"column":3}},"353":{"start":{"line":354,"column":0},"end":{"line":354,"column":0}},"354":{"start":{"line":355,"column":0},"end":{"line":355,"column":15}},"355":{"start":{"line":356,"column":0},"end":{"line":356,"column":1}},"356":{"start":{"line":357,"column":0},"end":{"line":357,"column":0}},"357":{"start":{"line":358,"column":0},"end":{"line":358,"column":55}},"358":{"start":{"line":359,"column":0},"end":{"line":359,"column":85}},"359":{"start":{"line":360,"column":0},"end":{"line":360,"column":1}},"360":{"start":{"line":361,"column":0},"end":{"line":361,"column":0}},"361":{"start":{"line":362,"column":0},"end":{"line":362,"column":51}},"362":{"start":{"line":363,"column":0},"end":{"line":363,"column":53}},"363":{"start":{"line":364,"column":0},"end":{"line":364,"column":50}},"364":{"start":{"line":365,"column":0},"end":{"line":365,"column":34}},"365":{"start":{"line":366,"column":0},"end":{"line":366,"column":33}},"366":{"start":{"line":367,"column":0},"end":{"line":367,"column":41}},"367":{"start":{"line":368,"column":0},"end":{"line":368,"column":30}},"368":{"start":{"line":369,"column":0},"end":{"line":369,"column":34}},"369":{"start":{"line":370,"column":0},"end":{"line":370,"column":6}},"370":{"start":{"line":371,"column":0},"end":{"line":371,"column":1}},"371":{"start":{"line":372,"column":0},"end":{"line":372,"column":0}},"372":{"start":{"line":373,"column":0},"end":{"line":373,"column":39}},"373":{"start":{"line":374,"column":0},"end":{"line":374,"column":30}},"374":{"start":{"line":375,"column":0},"end":{"line":375,"column":20}},"375":{"start":{"line":376,"column":0},"end":{"line":376,"column":24}},"376":{"start":{"line":377,"column":0},"end":{"line":377,"column":33}},"377":{"start":{"line":378,"column":0},"end":{"line":378,"column":4}},"378":{"start":{"line":379,"column":0},"end":{"line":379,"column":80}},"379":{"start":{"line":380,"column":0},"end":{"line
[...]
"locations":[{"start":{"line":478,"column":29},"end":{"line":478,"column":43}}]},"207":{"type":"branch","line":479,"loc":{"start":{"line":479,"column":2},"end":{"line":479,"column":29}},"locations":[{"start":{"line":479,"column":2},"end":{"line":479,"column":29}}]},"208":{"type":"branch","line":479,"loc":{"start":{"line":479,"column":29},"end":{"line":479,"column":43}},"locations":[{"start":{"line":479,"column":29},"end":{"line":479,"column":43}}]},"209":{"type":"branch","line":480,"loc":{"start":{"line":480,"column":2},"end":{"line":480,"column":30}},"locations":[{"start":{"line":480,"column":2},"end":{"line":480,"column":30}}]},"210":{"type":"branch","line":480,"loc":{"start":{"line":480,"column":30},"end":{"line":480,"column":45}},"locations":[{"start":{"line":480,"column":30},"end":{"line":480,"column":45}}]},"211":{"type":"branch","line":481,"loc":{"start":{"line":481,"column":2},"end":{"line":481,"column":31}},"locations":[{"start":{"line":481,"column":2},"end":{"line":481,"column":31}}]},"212":{"type":"branch","line":481,"loc":{"start":{"line":481,"column":31},"end":{"line":481,"column":47}},"locations":[{"start":{"line":481,"column":31},"end":{"line":481,"column":47}}]},"213":{"type":"branch","line":482,"loc":{"start":{"line":482,"column":2},"end":{"line":482,"column":29}},"locations":[{"start":{"line":482,"column":2},"end":{"line":482,"column":29}}]},"214":{"type":"branch","line":482,"loc":{"start":{"line":482,"column":29},"end":{"line":482,"column":43}},"locations":[{"start":{"line":482,"column":29},"end":{"line":482,"column":43}}]},"215":{"type":"branch","line":483,"loc":{"start":{"line":483,"column":2},"end":{"line":483,"column":15}},"locations":[{"start":{"line":483,"column":2},"end":{"line":483,"column":15}}]},"216":{"type":"branch","line":486,"loc":{"start":{"line":486,"column":0},"end":{"line":488,"column":1}},"locations":[{"start":{"line":486,"column":0},"end":{"line":488,"column":1}}]},"217":{"type":"branch","line":490,"loc":{"start":{"line":490,"column":0},"end":{"line":497,"column":1}},"locations":[{"start":{"line":490,"column":0},"end":{"line":497,"column":1}}]},"218":{"type":"branch","line":492,"loc":{"start":{"line":492,"column":18},"end":{"line":492,"column":36}},"locations":[{"start":{"line":492,"column":18},"end":{"line":492,"column":36}}]},"219":{"type":"branch","line":493,"loc":{"start":{"line":493,"column":2},"end":{"line":493,"column":18}},"locations":[{"start":{"line":493,"column":2},"end":{"line":493,"column":18}}]},"220":{"type":"branch","line":493,"loc":{"start":{"line":493,"column":18},"end":{"line":493,"column":31}},"locations":[{"start":{"line":493,"column":18},"end":{"line":493,"column":31}}]},"221":{"type":"branch","line":494,"loc":{"start":{"line":494,"column":2},"end":{"line":494,"column":18}},"locations":[{"start":{"line":494,"column":2},"end":{"line":494,"column":18}}]},"222":{"type":"branch","line":494,"loc":{"start":{"line":494,"column":18},"end":{"line":494,"column":31}},"locations":[{"start":{"line":494,"column":18},"end":{"line":494,"column":31}}]},"223":{"type":"branch","line":495,"loc":{"start":{"line":495,"column":2},"end":{"line":495,"column":18}},"locations":[{"start":{"line":495,"column":2},"end":{"line":495,"column":18}}]},"224":{"type":"branch","line":495,"loc":{"start":{"line":495,"column":18},"end":{"line":495,"column":32}},"locations":[{"start":{"line":495,"column":18},"end":{"line":495,"column":32}}]},"225":{"type":"branch","line":496,"loc":{"start":{"line":496,"column":2},"end":{"line":496,"column":19}},"locations":[{"start":{"line":496,"column":2},"end":{"line":496,"column":19}}]},"226":{"type":"branch","line":499,"loc":{"start":{"line":499,"column":0},"end":{"line":501,"column":1}},"locations":[{"start":{"line":499,"column":0},"end":{"line":501,"column":1}}]},"227":{"type":"branch","line":503,"loc":{"start":{"line":503,"column":0},"end":{"line":506,"column":1}},"locations":[{"start":{"line":503,"column":0},"end":{"line":506,"column":1}}]},"228":{"type":"branch","line":505,"loc":{"start":{"line":505,"column":39},"end":{"line":505,"column":59}},"locations":[{"start":{"line":505,"column":39},"end":{"line":505,"column":59}}]},"229":{"type":"branch","line":505,"loc":{"start":{"line":505,"column":55},"end":{"line":505,"column":74}},"locations":[{"start":{"line":505,"column":55},"end":{"line":505,"column":74}}]},"230":{"type":"branch","line":505,"loc":{"start":{"line":505,"column":68},"end":{"line":505,"column":80}},"locations":[{"start":{"line":505,"column":68},"end":{"line":505,"column":80}}]},"231":{"type":"branch","line":508,"loc":{"start":{"line":508,"column":0},"end":{"line":511,"column":1}},"locations":[{"start":{"line":508,"column":0},"end":{"line":511,"column":1}}]},"232":{"type":"branch","line":509,"loc":{"start":{"line":509,"column":31},"end":{"line":509,"column":40}},"locations":[{"start":{"line":509,"column":31},"end":{"line":509,"column":40}}]},"233":{"type":"branch","line":513,"loc":{"start":{"line":513,"column":0},"end":{"line":516,"column":1}},"locations":[{"start":{"line":513,"column":0},"end":{"line":516,"column":1}}]},"234":{"type":"branch","line":514,"loc":{"start":{"line":514,"column":31},"end":{"line":514,"column":40}},"locations":[{"start":{"line":514,"column":31},"end":{"line":514,"column":40}}]},"235":{"type":"branch","line":515,"loc":{"start":{"line":515,"column":2},"end":{"line":515,"column":41}},"locations":[{"start":{"line":515,"column":2},"end":{"line":515,"column":41}}]},"236":{"type":"branch","line":518,"loc":{"start":{"line":518,"column":0},"end":{"line":522,"column":1}},"locations":[{"start":{"line":518,"column":0},"end":{"line":522,"column":1}}]},"237":{"type":"branch","line":520,"loc":{"start":{"line":520,"column":21},"end":{"line":521,"column":69}},"locations":[{"start":{"line":520,"column":21},"end":{"line":521,"column":69}}]},"238":{"type":"branch","line":520,"loc":{"start":{"line":520,"column":21},"end":{"line":520,"column":30}},"locations":[{"start":{"line":520,"column":21},"end":{"line":520,"column":30}}]},"239":{"type":"branch","line":521,"loc":{"start":{"line":521,"column":2},"end":{"line":521,"column":69}},"locations":[{"start":{"line":521,"column":2},"end":{"line":521,"column":69}}]},"240":{"type":"branch","line":521,"loc":{"start":{"line":521,"column":22},"end":{"line":521,"column":51}},"locations":[{"start":{"line":521,"column":22},"end":{"line":521,"column":51}}]},"241":{"type":"branch","line":524,"loc":{"start":{"line":524,"column":0},"end":{"line":527,"column":1}},"locations":[{"start":{"line":524,"column":0},"end":{"line":527,"column":1}}]},"242":{"type":"branch","line":526,"loc":{"start":{"line":526,"column":31},"end":{"line":526,"column":44}},"locations":[{"start":{"line":526,"column":31},"end":{"line":526,"column":44}}]},"243":{"type":"branch","line":526,"loc":{"start":{"line":526,"column":35},"end":{"line":526,"column":46}},"locations":[{"start":{"line":526,"column":35},"end":{"line":526,"column":46}}]},"244":{"type":"branch","line":529,"loc":{"start":{"line":529,"column":0},"end":{"line":535,"column":1}},"locations":[{"start":{"line":529,"column":0},"end":{"line":535,"column":1}}]},"245":{"type":"branch","line":530,"loc":{"start":{"line":530,"column":16},"end":{"line":530,"column":27}},"locations":[{"start":{"line":530,"column":16},"end":{"line":530,"column":27}}]},"246":{"type":"branch","line":537,"loc":{"start":{"line":537,"column":0},"end":{"line":541,"column":1}},"locations":[{"start":{"line":537,"column":0},"end":{"line":541,"column":1}}]},"247":{"type":"branch","line":538,"loc":{"start":{"line":538,"column":35},"end":{"line":538,"column":46}},"locations":[{"start":{"line":538,"column":35},"end":{"line":538,"column":46}}]},"248":{"type":"branch","line":539,"loc":{"start":{"line":539,"column":31},"end":{"line":539,"column":69}},"locations":[{"start":{"line":539,"column":31},"end":{"line":539,"column":69}}]},"249":{"type":"branch","line":540,"loc":{"start":{"line":540,"column":2},"end":{"line":540,"column":36}},"locations":[{"start":{"line":540,"column":2},"end":{"line":540,"column":36}}]},"250":{"type":"branch","line":543,"loc":{"start":{"line":543,"column":0},"end":{"line":545,"column":1}},"locations":[{"start":{"line":543,"column":0},"end":{"line":545,"column":1}}]},"251":{"type":"branch","line":547,"loc":{"start":{"line":547,"column":0},"end":{"line":549,"column":1}},"locations":[{"start":{"line":547,"column":0},"end":{"line":549,"column":1}}]},"252":{"type":"branch","line":551,"loc":{"start":{"line":551,"column":0},"end":{"line":553,"column":1}},"locations":[{"start":{"line":551,"column":0},"end":{"line":553,"column":1}}]}},"b":{"0":[0],"1":[198],"2":[6],"3":[36],"4":[6],"5":[0],"6":[36],"7":[44],"8":[6],"9":[9],"10":[6],"11":[8],"12":[8],"13":[7],"14":[6],"15":[13697],"16":[13695],"17":[4],"18":[6351],"19":[7344],"20":[6353],"21":[6351],"22":[6347],"23":[13685],"24":[4819],"25":[4815],"26":[4814],"27":[542],"28":[13690],"29":[6164],"30":[13679],"31":[187],"32":[186],"33":[13672],"34":[145],"35":[58],"36":[8],"37":[13687],"38":[179],"39":[8],"40":[13693],"41":[7343],"42":[6350],"43":[6164],"44":[13685],"45":[186],"46":[178],"47":[8],"48":[13691],"49":[13687],"50":[4],"51":[13681],"52":[10],"53":[13687],"54":[4],"55":[596],"56":[0],"57":[4],"58":[13687],"59":[13688],"60":[13505],"61":[186],"62":[167],"63":[166],"64":[1],"65":[3],"66":[1],"67":[2],"68":[165],"69":[65],"70":[102],"71":[62],"72":[105],"73":[13115],"74":[13115],"75":[72177],"76":[65036],"77":[11275],"78":[11275],"79":[11275],"80":[11275],"81":[11271],"82":[11271],"83":[298],"84":[765],"85":[762],"86":[3],"87":[8337],"88":[8339],"89":[1],"90":[8338],"91":[6046],"92":[6046],"93":[2292],"94":[1],"95":[0],"96":[2291],"97":[1609],"98":[0],"99":[682],"100":[1],"101":[681],"102":[2],"103":[13115],"104":[17],"105":[13101],"106":[13098],"107":[0],"108":[13098],"109":[144069],"110":[75821],"111":[13098],"112":[13691],"113":[6346],"114":[6162],"115":[7343],"116":[2529],"117":[12586],"118":[1105],"119":[11275],"120":[4],"121":[11275],"122":[5050],"123":[4889],"124":[4879],"125":[4426],"126":[4312],"127":[167],"128":[58],"129":[34],"130":[134],"131":[133],"132":[26],"133":[2],"134":[131],"135":[0],"136":[131],"137":[25],"138":[106],"139":[110],"140":[1],"141":[105],"142":[167],"143":[165],"144":[102],"145":[65],"146":[60],"147":[164],"148":[36],"149":[149],"150":[29],"151":[4],"152":[154],"153":[25],"154":[6],"155":[4],"156":[3],"157":[9],"158":[1],"159":[3],"160":[167],"161":[131],"162":[36],"163":[165],"164":[164],"165":[131],"166":[106],"167":[105],"168":[26],"169":[105],"170":[167],"171":[60],"172":[61],"173":[3],"174":[35],"175":[38],"176":[370],"177":[67],"178":[167],"179":[165],"180":[102],"181":[65],"182":[164],"183":[36],"184":[29],"185":[26],"186":[65],"187":[167],"188":[36],"189":[134],"190":[131],"191":[26],"192":[105],"193":[167],"194":[36],"195":[134],"196":[131],"197":[26],"198":[105],"199":[167],"200":[105],"201":[152],"202":[62],"203":[36],"204":[26],"205":[13691],"206":[6766],"207":[6925],"208":[1],"209":[6924],"210":[0],"211":[6924],"212":[1],"213":[6923],"214":[1],"215":[6922],"216":[38667],"217":[6046],"218":[2302],"219":[3744],"220":[1100],"221":[2644],"222":[503],"223":[2141],"224":[238],"225":[1903],"226":[95857],"227":[360983],"228":[5163],"229":[2581],"230":[358402],"231":[551557],"232":[0],"233":[6509],"234":[1],"235":[6508],"236":[334],"237":[330],"238":[204],"239":[130],"240":[22550],"241":[550271],"242":[550241],"243":[30],"244":[23639],"245":[0],"246":[13691],"247":[1],"248":[13673],"249":[18],"250":[13923],"251":[151740],"252":[6342]},"fnMap":{"0":{"name":"__name","decl":{"start":{"line":1,"column":0},"end":{"line":1,"column":34}},"loc":{"start":{"line":1,"column":0},"end":{"line":1,"column":34}},"line":1},"1":{"name":"__export","decl":{"start":{"line":1,"column":0},"end":{"line":1,"column":34}},"loc":{"start":{"line":1,"column":0},"end":{"line":1,"column":34}},"line":1},"2":{"name":"__copyProps","decl":{"start":{"line":1,"column":0},"end":{"line":1,"column":34}},"loc":{"start":{"line":1,"column":0},"end":{"line":1,"column":34}},"line":1},"3":{"name":"get","decl":{"start":{"line":1,"column":0},"end":{"line":1,"column":34}},"loc":{"start":{"line":1,"column":0},"end":{"line":1,"column":34}},"line":1},"4":{"name":"__toCommonJS","decl":{"start":{"line":1,"column":0},"end":{"line":1,"column":34}},"loc":{"start":{"line":1,"column":0},"end":{"line":1,"column":34}},"line":1},"5":{"name":"buildSurvivalMemoryRecord","decl":{"start":{"line":1,"column":0},"end":{"line":1,"column":34}},"loc":{"start":{"line":1,"column":0},"end":{"line":1,"column":34}},"line":1},"6":{"name":"calculateSurvivalCost","decl":{"start":{"line":1,"column":0},"end":{"line":1,"column":34}},"loc":{"start":{"line":1,"column":0},"end":{"line":1,"column":34}},"line":1},"7":{"name":"classifySurvivalOutcome","decl":{"start":{"line":1,"column":0},"end":{"line":1,"column":34}},"loc":{"start":{"line":1,"column":0},"end":{"line":1,"column":34}},"line":1},"8":{"name":"evaluateSurvivalMemory","decl":{"start":{"line":1,"column":0},"end":{"line":1,"column":34}},"loc":{"start":{"line":1,"column":0},"end":{"line":1,"column":34}},"line":1},"9":{"name":"fingerprintSurvivalState","decl":{"start":{"line":1,"column":0},"end":{"line":1,"column":34}},"loc":{"start":{"line":1,"column":0},"end":{"line":1,"column":34}},"line":1},"10":{"name":"scarWeightForOutcome","decl":{"start":{"line":1,"column":0},"end":{"line":1,"column":34}},"loc":{"start":{"line":1,"column":0},"end":{"line":1,"column":34}},"line":1},"11":{"name":"calculateSurvivalCost","decl":{"start":{"line":113,"column":7},"end":{"line":125,"column":1}},"loc":{"start":{"line":113,"column":7},"end":{"line":125,"column":1}},"line":113},"12":{"name":"classifySurvivalOutcome","decl":{"start":{"line":127,"column":7},"end":{"line":164,"column":1}},"loc":{"start":{"line":127,"column":7},"end":{"line":164,"column":1}},"line":127},"13":{"name":"scarWeightForOutcome","decl":{"start":{"line":166,"column":7},"end":{"line":173,"column":1}},"loc":{"start":{"line":166,"column":7},"end":{"line":173,"column":1}},"line":166},"14":{"name":"buildSurvivalMemoryRecord","decl":{"start":{"line":175,"column":7},"end":{"line":215,"column":1}},"loc":{"start":{"line":175,"column":7},"end":{"line":215,"column":1}},"line":175},"15":{"name":"evaluateSurvivalMemory","decl":{"start":{"line":217,"column":7},"end":{"line":287,"column":1}},"loc":{"start":{"line":217,"column":7},"end":{"line":287,"column":1}},"line":217},"16":{"name":"fingerprintSurvivalState","decl":{"start":{"line":289,"column":7},"end":{"line":296,"column":1}},"loc":{"start":{"line":289,"column":7},"end":{"line":296,"column":1}},"line":289},"17":{"name":"fingerprintTokens","decl":{"start":{"line":298,"column":0},"end":{"line":316,"column":1}},"loc":{"start":{"line":298,"column":0},"end":{"line":316,"column":1}},"line":298},"18":{"name":"similarityForFingerprint","decl":{"start":{"line":318,"column":0},"end":{"line":331,"column":1}},"loc":{"start":{"line":318,"column":0},"end":{"line":331,"column":1}},"line":318},"19":{"name":"notesForRecord","decl":{"start":{"line":333,"column":0},"end":{"line":356,"column":1}},"loc":{"start":{"line":333,"column":0},"end":{"line":356,"column":1}},"line":333},"20":{"name":"isSurvivalScar","decl":{"start":{"line":358,"column":0},"end":{"line":360,"column":1}},"loc":{"start":{"line":358,"column":0},"end":{"line":360,"column":1}},"line":358},"21":{"name":"isNearRuin","decl":{"start":{"line":362,"column":0},"end":{"line":371,"column":1}},"loc":{"start":{"line":362,"column":0},"end":{"line":371,"column":1}},"line":362},"22":{"name":"exposureMultiplierFor","decl":{"start":{"line":373,"column":0},"end":{"line":385,"column":1}},"loc":{"start":{"line":373,"column":0},"end":{"line":385,"column":1}},"line":373},"23":{"name":"statusFor","decl":{"start":{"line":387,"column":0},"end":{"line":393,"column":1}},"loc":{"start":{"line":387,"column":0},"end":{"line":393,"column":1}},"line":387},"24":{"name":"recommendationFor","decl":{"start":{"line":395,"column":0},"end":{"line":399,"column":1}},"loc":{"start":{"line":395,"column":0},"end":{"line":399,"column":1}},"line":395},"25":{"name":"warningsFor","decl":{"start":{"line":401,"column":0},"end":{"line":427,"column":1}},"loc":{"start":{"line":401,"column":0},"end":{"line":427,"column":1}},"line":401},"26":{"name":"reasonsFor","decl":{"start":{"line":429,"column":0},"end":{"line":451,"column":1}},"loc":{"start":{"line":429,"column":0},"end":{"line":451,"column":1}},"line":429},"27":{"name":"missingEvidenceFor","decl":{"start":{"line":453,"column":0},"end":{"line":457,"column":1}},"loc":{"start":{"line":453,"column":0},"end":{"line":457,"column":1}},"line":453},"28":{"name":"unlockConditionsFor","decl":{"start":{"line":459,"column":0},"end":{"line":467,"column":1}},"loc":{"start":{"line":459,"column":0},"end":{"line":467,"column":1}},"line":459},"29":{"name":"invalidationConditionsFor","decl":{"start":{"line":469,"column":0},"end":{"line":474,"column":1}},"loc":{"start":{"line":469,"column":0},"end":{"line":474,"column":1}},"line":469},"30":{"name":"normalizeAction","decl":{"start":{"line":476,"column":0},"end":{"line":484,"column":1}},"loc":{"start":{"line":476,"column":0},"end":{"line":484,"column":1}},"line":476},"31":{"name":"scoreRecovery","decl":{"start":{"line":486,"column":0},"end":{"line":488,"column":1}},"loc":{"start":{"line":486,"column":0},"end":{"line":488,"column":1}},"line":486},"32":{"name":"scoreBucket","decl":{"start":{"line":490,"column":0},"end":{"line":497,"column":1}},"loc":{"start":{"line":490,"column":0},"end":{"line":497,"column":1}},"line":490},"33":{"name":"normalizeMagnitude","decl":{"start":{"line":499,"column":0},"end":{"line":501,"column":1}},"loc":{"start":{"line":499,"column":0},"end":{"line":501,"column":1}},"line":499},"34":{"name":"normalizeScore","decl":{"start":{"line":503,"column":0},"end":{"line":506,"column":1}},"loc":{"start":{"line":503,"column":0},"end":{"line":506,"column":1}},"line":503},"35":{"name":"clampScore","decl":{"start":{"line":508,"column":0},"end":{"line":511,"column":1}},"loc":{"start":{"line":508,"column":0},"end":{"line":511,"column":1}},"line":508},"36":{"name":"clampRatio","decl":{"start":{"line":513,"column":0},"end":{"line":516,"column":1}},"loc":{"start":{"line":513,"column":0},"end":{"line":516,"column":1}},"line":513},"37":{"name":"average","decl":{"start":{"line":518,"column":0},"end":{"line":522,"column":1}},"loc":{"start":{"line":518,"column":0},"end":{"line":522,"column":1}},"line":518},"38":{"name":"number","decl":{"start":{"line":524,"column":0},"end":{"line":527,"column":1}},"loc":{"start":{"line":524,"column":0},"end":{"line":527,"column":1}},"line":524},"39":{"name":"normalizeToken","decl":{"start":{"line":529,"column":0},"end":{"line":535,"column":1}},"loc":{"start":{"line":529,"column":0},"end":{"line":535,"column":1}},"line":529},"40":{"name":"timestampFor","decl":{"start":{"line":537,"column":0},"end":{"line":541,"column":1}},"loc":{"start":{"line":537,"column":0},"end":{"line":541,"column":1}},"line":537},"41":{"name":"unique","decl":{"start":{"line":543,"column":0},"end":{"line":545,"column":1}},"loc":{"start":{"line":543,"column":0},"end":{"line":545,"column":1}},"line":543},"42":{"name":"roundScore","decl":{"start":{"line":547,"column":0},"end":{"line":549,"column":1}},"loc":{"start":{"line":547,"column":0},"end":{"line":549,"column":1}},"line":547},"43":{"name":"roundRatio","decl":{"start":{"line":551,"column":0},"end":{"line":553,"column":1}},"loc":{"start":{"line":551,"column":0},"end":{"line":553,"column":1}},"line":551}},"f":{"0":198,"1":6,"2":6,"3":44,"4":6,"5":9,"6":6,"7":8,"8":8,"9":7,"10":6,"11":13697,"12":13695,"13":13693,"14":13691,"15":167,"16":765,"17":8339,"18":13115,"19":13691,"20":11275,"21":11275,"22":167,"23":167,"24":167,"25":167,"26":167,"27":167,"28":167,"29":167,"30":13691,"31":38667,"32":6046,"33":95857,"34":360983,"35":551557,"36":6509,"37":334,"38":550271,"39":23639,"40":13691,"41":13923,"42":151740,"43":6342}}
}
